2025-01-21 22:54:11,463 [INFO] Activator:176 - 


2025-01-21 22:54:11,486 [INFO] Activator:177 - !SESSION log4j initialized
2025-01-21 22:54:32,319 [INFO] LogOutputStream:77 - [STDOUT_REDIRECT] 
2025-01-21 22:54:36,451 [INFO] ApplicationProperties:184 - Using Application install path: C:\ST\STM32CubeIDE_1.17.0\STM32CubeIDE\plugins\com.st.stm32cube.common.mx_6.13.0.202411220809
2025-01-21 22:54:36,489 [INFO] DbMcusXml:78 - Set database path to: C:\ST\STM32CubeIDE_1.17.0\STM32CubeIDE\plugins\com.st.stm32cube.common.mx_6.13.0.202411220809\\db\/mcu/
2025-01-21 22:54:36,489 [INFO] ApiDb:274 - Set plugin database path to: C:\ST\STM32CubeIDE_1.17.0\STM32CubeIDE\plugins\com.st.stm32cube.common.mx_6.13.0.202411220809\\db\/plugins/boardmanager/
2025-01-21 22:54:36,490 [WARN] ApiDb:259 - Overriding images path with different value:  => C:\ST\STM32CubeIDE_1.17.0\STM32CubeIDE\plugins\com.st.stm32cube.common.mx_6.13.0.202411220809\\db\/plugins/mcufinder/images/
2025-01-21 22:54:36,519 [INFO] ApiDb:250 - Set database path to: C:\Users\User\.stmcufinder\plugins\mcufinder//mcu/
2025-01-21 22:54:36,521 [INFO] DbMcusAds:125 - Set database path to: C:\Users\User\.stmcufinder\plugins\mcufinder//mcu/
2025-01-21 22:54:36,526 [INFO] CrossReferenceDbSqlite:203 - Set database path to: C:\Users\User\.stmcufinder\plugins\mcufinder//mcu/cs/
2025-01-21 22:54:36,800 [INFO] RulesReader:64 - Compatibility file has been processed (297 Rules)
2025-01-21 22:54:37,048 [INFO] DbMcusXml:78 - Set database path to: C:\ST\STM32CubeIDE_1.17.0\STM32CubeIDE\plugins\com.st.stm32cube.common.mx_6.13.0.202411220809\\db\/mcu/
2025-01-21 22:54:37,048 [INFO] ApiDb:274 - Set plugin database path to: C:\ST\STM32CubeIDE_1.17.0\STM32CubeIDE\plugins\com.st.stm32cube.common.mx_6.13.0.202411220809\\db\/plugins/boardmanager/
2025-01-21 22:54:37,048 [INFO] ApiDb:261 - Set plugin images path to: C:\ST\STM32CubeIDE_1.17.0\STM32CubeIDE\plugins\com.st.stm32cube.common.mx_6.13.0.202411220809\\db\/plugins/mcufinder/images/
2025-01-21 22:54:37,049 [WARN] DbFile:41 - Overriding database path with different value: C:\Users\User\.stmcufinder\plugins\mcufinder/ => C:\Users\User\.stmcufinder\plugins\mcufinder
2025-01-21 22:54:37,049 [INFO] ApiDb:250 - Set database path to: C:\Users\User\.stmcufinder\plugins\mcufinder//mcu/
2025-01-21 22:54:37,049 [WARN] DbFile:41 - Overriding database path with different value: C:\Users\User\.stmcufinder\plugins\mcufinder/ => C:\Users\User\.stmcufinder\plugins\mcufinder
2025-01-21 22:54:37,050 [INFO] DbMcusAds:125 - Set database path to: C:\Users\User\.stmcufinder\plugins\mcufinder//mcu/
2025-01-21 22:54:37,050 [WARN] DbFile:41 - Overriding database path with different value: C:\Users\User\.stmcufinder\plugins\mcufinder/ => C:\Users\User\.stmcufinder\plugins\mcufinder
2025-01-21 22:54:37,050 [WARN] DbFile:41 - Overriding database path with different value: C:\Users\User\.stmcufinder\plugins\mcufinder/ => C:\Users\User\.stmcufinder\plugins\mcufinder
2025-01-21 22:54:37,050 [INFO] CrossReferenceDbSqlite:203 - Set database path to: C:\Users\User\.stmcufinder\plugins\mcufinder//mcu/cs/
2025-01-21 22:54:37,257 [INFO] MainPanel:272 - HeapMemory: 268435456
2025-01-21 22:54:37,562 [INFO] DbMcusXml:78 - Set database path to: C:\ST\STM32CubeIDE_1.17.0\STM32CubeIDE\plugins\com.st.stm32cube.common.mx_6.13.0.202411220809\\db\/mcu/
2025-01-21 22:54:37,562 [INFO] ApiDb:274 - Set plugin database path to: C:\ST\STM32CubeIDE_1.17.0\STM32CubeIDE\plugins\com.st.stm32cube.common.mx_6.13.0.202411220809\\db\/plugins/boardmanager/
2025-01-21 22:54:37,563 [INFO] ApiDb:261 - Set plugin images path to: C:\ST\STM32CubeIDE_1.17.0\STM32CubeIDE\plugins\com.st.stm32cube.common.mx_6.13.0.202411220809\\db\/plugins/mcufinder/images/
2025-01-21 22:54:37,564 [WARN] DbFile:41 - Overriding database path with different value: C:\Users\User\.stmcufinder\plugins\mcufinder/ => C:\Users\User\.stmcufinder\plugins\mcufinder
2025-01-21 22:54:37,565 [INFO] ApiDb:250 - Set database path to: C:\Users\User\.stmcufinder\plugins\mcufinder//mcu/
2025-01-21 22:54:37,565 [WARN] DbFile:41 - Overriding database path with different value: C:\Users\User\.stmcufinder\plugins\mcufinder/ => C:\Users\User\.stmcufinder\plugins\mcufinder
2025-01-21 22:54:37,566 [INFO] DbMcusAds:125 - Set database path to: C:\Users\User\.stmcufinder\plugins\mcufinder//mcu/
2025-01-21 22:54:37,566 [WARN] DbFile:41 - Overriding database path with different value: C:\Users\User\.stmcufinder\plugins\mcufinder/ => C:\Users\User\.stmcufinder\plugins\mcufinder
2025-01-21 22:54:37,566 [WARN] DbFile:41 - Overriding database path with different value: C:\Users\User\.stmcufinder\plugins\mcufinder/ => C:\Users\User\.stmcufinder\plugins\mcufinder
2025-01-21 22:54:37,567 [INFO] CrossReferenceDbSqlite:203 - Set database path to: C:\Users\User\.stmcufinder\plugins\mcufinder//mcu/cs/
2025-01-21 22:54:37,631 [INFO] ApplicationProperties:184 - Using Application install path: C:\ST\STM32CubeIDE_1.17.0\STM32CubeIDE\plugins\com.st.stm32cube.common.mx_6.13.0.202411220809
2025-01-21 22:54:37,634 [INFO] PluginManage:196 - Search for loadable plugins [exclusion list=, ]
2025-01-21 22:54:37,653 [INFO] PluginManage:310 - Check plugin analytics
2025-01-21 22:54:38,166 [INFO] AnalyticsPlugin:253 - Accepted Software Licenses: 
2025-01-21 22:54:38,168 [INFO] AnalyticsPlugin:255 - Accepted CMSIS Pack Licenses: 
2025-01-21 22:54:38,169 [INFO] AnalyticsPlugin:257 - Accepted Firmware Licenses: 
2025-01-21 22:54:38,180 [INFO] PluginManage:359 - Loaded plugin analytics (category:tool,tabindex:-1)
2025-01-21 22:54:38,180 [INFO] PluginManage:310 - Check plugin cadmodel
2025-01-21 22:54:38,221 [INFO] CADModel:105 - Init CAD model plugin
2025-01-21 22:54:38,222 [INFO] PluginManage:359 - Loaded plugin cadmodel (category:power,tabindex:5)
2025-01-21 22:54:38,222 [INFO] PluginManage:310 - Check plugin clock
2025-01-21 22:54:38,260 [INFO] PluginManage:359 - Loaded plugin clock (category:base,tabindex:2)
2025-01-21 22:54:38,260 [INFO] PluginManage:310 - Check plugin ddr
2025-01-21 22:54:38,264 [INFO] PluginManage:359 - Loaded plugin ddr (category:tool,tabindex:6)
2025-01-21 22:54:38,265 [INFO] PluginManage:310 - Check plugin filemanager
2025-01-21 22:54:38,681 [INFO] PluginManage:359 - Loaded plugin filemanager (category:base,tabindex:10)
2025-01-21 22:54:38,682 [INFO] PluginManage:310 - Check plugin ipmanager
2025-01-21 22:54:38,722 [INFO] PluginManage:359 - Loaded plugin ipmanager (category:base,tabindex:5)
2025-01-21 22:54:38,723 [INFO] PluginManage:310 - Check plugin lpbam
2025-01-21 22:54:38,776 [INFO] PluginManage:359 - Loaded plugin lpbam (category:base,tabindex:0)
2025-01-21 22:54:38,776 [INFO] PluginManage:310 - Check plugin memorymap
2025-01-21 22:54:38,841 [INFO] PluginManage:359 - Loaded plugin memorymap (category:base,tabindex:4)
2025-01-21 22:54:38,841 [INFO] PluginManage:310 - Check plugin pinoutandconfiguration
2025-01-21 22:54:38,882 [INFO] PluginManage:359 - Loaded plugin pinoutandconfiguration (category:base,tabindex:1)
2025-01-21 22:54:38,883 [INFO] PluginManage:310 - Check plugin pinoutconfig
2025-01-21 22:54:39,115 [WARN] SupportedApi:132 - Cannot load RTOS API schema: s4s-elt-must-match.1: The content of 'definitions' must match (annotation?, (simpleType | complexType)?, (unique | key | keyref)*)). A problem was found starting at: attribute.
2025-01-21 22:54:39,396 [INFO] PluginManage:359 - Loaded plugin pinoutconfig (category:base,tabindex:0)
2025-01-21 22:54:39,397 [INFO] PluginManage:310 - Check plugin power
2025-01-21 22:54:39,445 [INFO] PluginManage:359 - Loaded plugin power (category:power,tabindex:4)
2025-01-21 22:54:39,446 [INFO] PluginManage:310 - Check plugin projectmanager
2025-01-21 22:54:39,485 [INFO] PluginManage:359 - Loaded plugin projectmanager (category:projectmanager,tabindex:4)
2025-01-21 22:54:39,486 [INFO] PluginManage:310 - Check plugin rif
2025-01-21 22:54:39,527 [INFO] PluginManage:359 - Loaded plugin rif (category:base,tabindex:3)
2025-01-21 22:54:39,528 [INFO] PluginManage:310 - Check plugin thirdparty
2025-01-21 22:54:40,242 [WARN] IntegrityCheckThread:84 - waiting for thirdparty lock release [integrity check]
2025-01-21 22:54:40,242 [INFO] PluginManage:359 - Loaded plugin thirdparty (category:base,tabindex:-1)
2025-01-21 22:54:40,242 [INFO] IntegrityCheckThread:86 - entering critical section [integrity check]
2025-01-21 22:54:40,242 [INFO] PluginManage:310 - Check plugin tools
2025-01-21 22:54:40,243 [INFO] ThirdPartyUpdaterWithRetryManager:70 - Updater plugin not ready yet. [1/15]
2025-01-21 22:54:40,335 [INFO] PluginManage:359 - Loaded plugin tools (category:base,tabindex:7)
2025-01-21 22:54:40,335 [INFO] PluginManage:310 - Check plugin tutovideos
2025-01-21 22:54:40,797 [INFO] PluginManage:359 - Loaded plugin tutovideos (category:base,tabindex:-1)
2025-01-21 22:54:40,798 [INFO] PluginManage:310 - Check plugin updater
2025-01-21 22:54:40,845 [INFO] PluginManage:359 - Loaded plugin updater (category:base,tabindex:12)
2025-01-21 22:54:40,845 [INFO] PluginManage:310 - Check plugin userauth
2025-01-21 22:54:40,854 [INFO] UserAuth:118 - Init User Auth plugin
2025-01-21 22:54:40,855 [INFO] PluginManage:359 - Loaded plugin userauth (category:base,tabindex:14)
2025-01-21 22:54:40,856 [INFO] PluginManage:283 - PluginManage : Loaded plugins [18]
2025-01-21 22:54:41,631 [INFO] PinOutPanel:1589 - setPackage(No Configuration,No Configuration)
2025-01-21 22:54:41,949 [INFO] CADModel:165 - CPN selected for project level
2025-01-21 22:54:41,949 [INFO] CADModel:114 - Register for checkConnection events
2025-01-21 22:54:42,024 [INFO] IPUIPlugin:80 - create IPUIPlugin
2025-01-21 22:54:42,025 [INFO] PluginManager:220 - loadIPPluginJar : add adc
2025-01-21 22:54:42,143 [INFO] IPUIPlugin:80 - create IPUIPlugin
2025-01-21 22:54:42,144 [INFO] PluginManager:220 - loadIPPluginJar : add aes
2025-01-21 22:54:42,244 [INFO] IPUIPlugin:80 - create IPUIPlugin
2025-01-21 22:54:42,244 [INFO] PluginManager:220 - loadIPPluginJar : add can
2025-01-21 22:54:42,384 [INFO] IPUIPlugin:80 - create IPUIPlugin
2025-01-21 22:54:42,384 [INFO] PluginManager:220 - loadIPPluginJar : add comp
2025-01-21 22:54:42,461 [INFO] IPUIPlugin:80 - create IPUIPlugin
2025-01-21 22:54:42,462 [INFO] PluginManager:220 - loadIPPluginJar : add cryp
2025-01-21 22:54:42,492 [INFO] IPUIPlugin:80 - create IPUIPlugin
2025-01-21 22:54:42,492 [INFO] PluginManager:220 - loadIPPluginJar : add ddr_ctrl_phy
2025-01-21 22:54:42,578 [INFO] IPUIPlugin:80 - create IPUIPlugin
2025-01-21 22:54:42,578 [INFO] PluginManager:220 - loadIPPluginJar : add dfsdm
2025-01-21 22:54:42,608 [INFO] IPUIPlugin:80 - create IPUIPlugin
2025-01-21 22:54:42,609 [INFO] PluginManager:220 - loadIPPluginJar : add dma
2025-01-21 22:54:42,715 [INFO] IPUIPlugin:80 - create IPUIPlugin
2025-01-21 22:54:42,715 [INFO] PluginManager:220 - loadIPPluginJar : add dma3
2025-01-21 22:54:42,818 [INFO] IPUIPlugin:80 - create IPUIPlugin
2025-01-21 22:54:42,819 [INFO] PluginManager:220 - loadIPPluginJar : add extmemmanager
2025-01-21 22:54:42,871 [INFO] IPUIPlugin:80 - create IPUIPlugin
2025-01-21 22:54:42,871 [INFO] PluginManager:220 - loadIPPluginJar : add fatfs
2025-01-21 22:54:43,001 [INFO] IPUIPlugin:80 - create IPUIPlugin
2025-01-21 22:54:43,002 [INFO] PluginManager:220 - loadIPPluginJar : add fmc
2025-01-21 22:54:43,033 [INFO] IPUIPlugin:80 - create IPUIPlugin
2025-01-21 22:54:43,034 [INFO] PluginManager:220 - loadIPPluginJar : add freertos
2025-01-21 22:54:43,079 [INFO] IPUIPlugin:80 - create IPUIPlugin
2025-01-21 22:54:43,079 [INFO] PluginManager:220 - loadIPPluginJar : add genericplugin
2025-01-21 22:54:43,244 [INFO] ThirdPartyUpdaterWithRetryManager:70 - Updater plugin not ready yet. [2/15]
2025-01-21 22:54:43,301 [INFO] IPUIPlugin:80 - create IPUIPlugin
2025-01-21 22:54:43,302 [INFO] PluginManager:220 - loadIPPluginJar : add gfxmmu
2025-01-21 22:54:43,627 [INFO] IPUIPlugin:80 - create IPUIPlugin
2025-01-21 22:54:43,627 [INFO] PluginManager:220 - loadIPPluginJar : add gic
2025-01-21 22:54:43,655 [INFO] IPUIPlugin:80 - create IPUIPlugin
2025-01-21 22:54:43,656 [INFO] PluginManager:220 - loadIPPluginJar : add gpio
2025-01-21 22:54:43,864 [INFO] IPUIPlugin:80 - create IPUIPlugin
2025-01-21 22:54:43,865 [INFO] PluginManager:220 - loadIPPluginJar : add gtzc
2025-01-21 22:54:43,946 [INFO] IPUIPlugin:80 - create IPUIPlugin
2025-01-21 22:54:43,947 [INFO] PluginManager:220 - loadIPPluginJar : add hash
2025-01-21 22:54:44,076 [INFO] IPUIPlugin:80 - create IPUIPlugin
2025-01-21 22:54:44,076 [INFO] PluginManager:220 - loadIPPluginJar : add i2c
2025-01-21 22:54:44,169 [INFO] IPUIPlugin:80 - create IPUIPlugin
2025-01-21 22:54:44,169 [INFO] PluginManager:220 - loadIPPluginJar : add i2s
2025-01-21 22:54:44,264 [INFO] IPUIPlugin:80 - create IPUIPlugin
2025-01-21 22:54:44,264 [INFO] PluginManager:220 - loadIPPluginJar : add i3c
2025-01-21 22:54:44,513 [INFO] IPUIPlugin:80 - create IPUIPlugin
2025-01-21 22:54:44,513 [INFO] PluginManager:220 - loadIPPluginJar : add ipddr
2025-01-21 22:54:44,746 [INFO] IPUIPlugin:80 - create IPUIPlugin
2025-01-21 22:54:44,746 [INFO] PluginManager:220 - loadIPPluginJar : add linkedlist
2025-01-21 22:54:44,823 [INFO] IPUIPlugin:80 - create IPUIPlugin
2025-01-21 22:54:44,824 [INFO] PluginManager:220 - loadIPPluginJar : add lorawan
2025-01-21 22:54:44,909 [INFO] IPUIPlugin:80 - create IPUIPlugin
2025-01-21 22:54:44,909 [INFO] PluginManager:220 - loadIPPluginJar : add ltdc
2025-01-21 22:54:44,939 [INFO] IPUIPlugin:80 - create IPUIPlugin
2025-01-21 22:54:44,940 [INFO] PluginManager:220 - loadIPPluginJar : add mdma
2025-01-21 22:54:44,973 [INFO] IPUIPlugin:80 - create IPUIPlugin
2025-01-21 22:54:44,973 [INFO] PluginManager:220 - loadIPPluginJar : add nvic
2025-01-21 22:54:45,056 [INFO] IPUIPlugin:80 - create IPUIPlugin
2025-01-21 22:54:45,056 [INFO] PluginManager:220 - loadIPPluginJar : add opamp
2025-01-21 22:54:45,202 [INFO] IPUIPlugin:80 - create IPUIPlugin
2025-01-21 22:54:45,203 [INFO] PluginManager:220 - loadIPPluginJar : add openamp
2025-01-21 22:54:45,307 [INFO] IPUIPlugin:80 - create IPUIPlugin
2025-01-21 22:54:45,307 [INFO] PluginManager:220 - loadIPPluginJar : add pdm2pcm
2025-01-21 22:54:45,338 [INFO] IPUIPlugin:80 - create IPUIPlugin
2025-01-21 22:54:45,343 [INFO] PluginManager:220 - loadIPPluginJar : add plateformsettings
2025-01-21 22:54:45,394 [INFO] IPUIPlugin:80 - create IPUIPlugin
2025-01-21 22:54:45,395 [INFO] PluginManager:220 - loadIPPluginJar : add quadspi
2025-01-21 22:54:45,462 [INFO] IPUIPlugin:80 - create IPUIPlugin
2025-01-21 22:54:45,463 [INFO] PluginManager:220 - loadIPPluginJar : add radio
2025-01-21 22:54:45,494 [INFO] IPUIPlugin:80 - create IPUIPlugin
2025-01-21 22:54:45,494 [INFO] PluginManager:220 - loadIPPluginJar : add resmgrutility
2025-01-21 22:54:45,603 [INFO] IPUIPlugin:80 - create IPUIPlugin
2025-01-21 22:54:45,604 [INFO] PluginManager:220 - loadIPPluginJar : add sai
2025-01-21 22:54:45,692 [INFO] IPUIPlugin:80 - create IPUIPlugin
2025-01-21 22:54:45,692 [INFO] PluginManager:220 - loadIPPluginJar : add spi
2025-01-21 22:54:45,917 [INFO] IPUIPlugin:80 - create IPUIPlugin
2025-01-21 22:54:45,918 [INFO] PluginManager:220 - loadIPPluginJar : add stm32_wpan
2025-01-21 22:54:46,006 [INFO] IPUIPlugin:80 - create IPUIPlugin
2025-01-21 22:54:46,007 [INFO] PluginManager:220 - loadIPPluginJar : add tim
2025-01-21 22:54:46,179 [INFO] IPUIPlugin:80 - create IPUIPlugin
2025-01-21 22:54:46,180 [INFO] PluginManager:220 - loadIPPluginJar : add touchsensing
2025-01-21 22:54:46,237 [INFO] IPUIPlugin:80 - create IPUIPlugin
2025-01-21 22:54:46,237 [INFO] PluginManager:220 - loadIPPluginJar : add tracer_emb
2025-01-21 22:54:46,247 [INFO] ThirdPartyUpdaterWithRetryManager:70 - Updater plugin not ready yet. [3/15]
2025-01-21 22:54:46,302 [INFO] IPUIPlugin:80 - create IPUIPlugin
2025-01-21 22:54:46,302 [INFO] PluginManager:220 - loadIPPluginJar : add ts
2025-01-21 22:54:46,366 [INFO] IPUIPlugin:80 - create IPUIPlugin
2025-01-21 22:54:46,366 [INFO] PluginManager:220 - loadIPPluginJar : add tsc
2025-01-21 22:54:46,420 [INFO] IPUIPlugin:80 - create IPUIPlugin
2025-01-21 22:54:46,421 [INFO] PluginManager:220 - loadIPPluginJar : add ucpd
2025-01-21 22:54:46,524 [INFO] IPUIPlugin:80 - create IPUIPlugin
2025-01-21 22:54:46,524 [INFO] PluginManager:220 - loadIPPluginJar : add usart
2025-01-21 22:54:46,619 [INFO] IPUIPlugin:80 - create IPUIPlugin
2025-01-21 22:54:46,619 [INFO] PluginManager:220 - loadIPPluginJar : add usbx
2025-01-21 22:54:46,861 [FATAL] Updater:351 - Updater called before beeing initialized
2025-01-21 22:54:46,930 [INFO] RulesReader:64 - Compatibility file has been processed (297 Rules)
2025-01-21 22:54:46,962 [INFO] RulesReader:64 - Compatibility file has been processed (297 Rules)
2025-01-21 22:54:46,982 [INFO] CADModel:165 - CPN selected for project level
2025-01-21 22:54:46,982 [INFO] CADModel:114 - Register for checkConnection events
2025-01-21 22:54:46,983 [FATAL] Updater:351 - Updater called before beeing initialized
2025-01-21 22:54:46,983 [ERROR] CADModel:125 - Updater not yet initialized, retry later 
2025-01-21 22:54:47,353 [FATAL] Updater:351 - Updater called before beeing initialized
2025-01-21 22:54:47,357 [INFO] CADModel:165 - CPN selected for project level
2025-01-21 22:54:47,357 [INFO] CADModel:114 - Register for checkConnection events
2025-01-21 22:54:47,357 [FATAL] Updater:351 - Updater called before beeing initialized
2025-01-21 22:54:47,358 [ERROR] CADModel:125 - Updater not yet initialized, retry later 
2025-01-21 22:54:47,366 [FATAL] Updater:351 - Updater called before beeing initialized
2025-01-21 22:54:47,776 [FATAL] Updater:351 - Updater called before beeing initialized
2025-01-21 22:54:47,797 [INFO] DbMcusAds:53 - JSON generation date=Tue Dec 17 17:01:15 CET 2024 (1734451275222)
2025-01-21 22:54:47,798 [FATAL] Updater:351 - Updater called before beeing initialized
2025-01-21 22:54:47,893 [WARN] DetailPanel:346 - Failed to get advertising image, set to default
2025-01-21 22:54:48,561 [FATAL] Updater:351 - Updater called before beeing initialized
2025-01-21 22:54:48,567 [FATAL] Updater:351 - Updater called before beeing initialized
2025-01-21 22:54:48,568 [FATAL] Updater:351 - Updater called before beeing initialized
2025-01-21 22:54:48,568 [WARN] DetailPanel:346 - Failed to get advertising image, set to default
2025-01-21 22:54:48,569 [FATAL] Updater:351 - Updater called before beeing initialized
2025-01-21 22:54:48,754 [ERROR] Updater:1198 - MainUpdater not yet initialized. External WinMGr cannot be set.
2025-01-21 22:54:48,778 [INFO] Updater:1134 - Updater Version found : 6.13.0
2025-01-21 22:54:48,824 [INFO] ApplicationProperties:184 - Using Application install path: C:\ST\STM32CubeIDE_1.17.0\STM32CubeIDE\plugins\com.st.stm32cube.common.mx_6.13.0.202411220809
2025-01-21 22:54:49,249 [INFO] ThirdPartyUpdaterWithRetryManager:70 - Updater plugin not ready yet. [4/15]
2025-01-21 22:54:51,013 [ERROR] LogOutputStream:75 - [STDERR_REDIRECT] Jan 21, 2025 10:54:50 PM java.util.prefs.WindowsPreferences <init>
2025-01-21 22:54:51,032 [ERROR] LogOutputStream:75 - [STDERR_REDIRECT] WARNING: Could not open/create prefs root node Software\JavaSoft\Prefs at root 0xffffffff80000002. Windows RegCreateKeyEx(...) returned error code 5.
2025-01-21 22:54:51,033 [ERROR] LogOutputStream:75 - [STDERR_REDIRECT] 
2025-01-21 22:54:52,252 [FATAL] Updater:351 - Updater called before beeing initialized
2025-01-21 22:54:52,254 [ERROR] IntegrityCheckThread:130 - Cannot retrieve database content from updater: error 21
2025-01-21 22:54:52,254 [INFO] ThirdParty:978 - Integrity check success = false
2025-01-21 22:54:52,254 [INFO] IntegrityCheckThread:100 - exiting critical section [integrity check]
2025-01-21 22:54:52,255 [INFO] IntegrityCheckThread:103 - End integrity checks thread
2025-01-21 22:54:52,269 [INFO] MainUpdater:2872 - connection check result : 10
2025-01-21 22:54:52,270 [INFO] MainUpdater:3566 - Updater definition file requires update
2025-01-21 22:54:52,273 [INFO] MainUpdater:289 - Updater Check For Update Now.
2025-01-21 22:54:52,273 [INFO] MicroXplorer:498 - Change Database Version : DB.6.0.130
2025-01-21 22:54:52,317 [INFO] McuFinderGlobals:63 - Set McuFinder mode to 2 (CubeIDE integrated)
2025-01-21 22:54:52,318 [INFO] UserAuth:171 - activating auth plugin
2025-01-21 22:54:52,326 [INFO] UserAuth:486 - Internet connection configuration mode: 1
2025-01-21 22:54:52,344 [INFO] ServerAccessManage:473 - Download File updaters.zip
2025-01-21 22:54:52,415 [INFO] JxBrowserEngine:152 - Initiate JxBrowser Engine with user profile folder
2025-01-21 22:54:52,642 [INFO] FileExtend:240 - Unzip File : updaters.zip
2025-01-21 22:54:52,642 [INFO] FileExtend:255 - Standard Zip Deflate
2025-01-21 22:54:58,208 [INFO] ServerAccessManage:473 - Download File PacksControlFlags.xml
2025-01-21 22:54:58,795 [INFO] ServerAccessManage:473 - Download File cubemx.pidx
2025-01-21 22:55:00,056 [INFO] LoadServerUpdatesThread:375 - End of LoadServerUpdate Thread
2025-01-21 22:55:01,531 [INFO] CheckServerUpdateThread:120 - End of CheckServer Thread
2025-01-21 22:55:03,087 [INFO] WebApp:168 - Instantiating new browser for Auth
2025-01-21 22:55:07,446 [INFO] WebApp:449 - Apply proxy settings
2025-01-21 22:55:07,447 [INFO] WebApp:534 - Chromium requires no authentication
2025-01-21 22:55:07,475 [INFO] WebApp:477 - Direct internet connection detected
2025-01-21 22:55:07,575 [INFO] WebApp:880 - Register for checkConnection events
2025-01-21 22:55:07,576 [INFO] WebApp:449 - Apply proxy settings
2025-01-21 22:55:07,576 [INFO] WebApp:534 - Chromium requires no authentication
2025-01-21 22:55:07,577 [INFO] WebApp:477 - Direct internet connection detected
2025-01-21 22:55:08,227 [INFO] WebApp:187 - Connection restablished
2025-01-21 22:55:08,866 [INFO] WebApp:221 - Starting web application
2025-01-21 22:55:08,866 [INFO] WebApp:579 - Web application path used C:\ST\STM32CubeIDE_1.17.0\STM32CubeIDE\plugins\com.st.stm32cube.common.mx_6.13.0.202411220809\db\plugins\mcufinder\reactClient1\index.html
2025-01-21 23:27:34,055 [INFO] WebApp:190 - Connection lost
2025-01-21 23:27:35,007 [INFO] WebApp:187 - Connection restablished
