2025-01-09 10:01:04,184 [INFO] LogOutputStream:77 - [STDOUT_REDIRECT] 1 : Invalid condition id : UX_CORESTACK_Condition cause : null
2025-01-09 10:01:04,312 [INFO] LogOutputStream:77 - [STDOUT_REDIRECT] 1 : Invalid condition id : UX_CORESTACK_Condition cause : null
2025-01-09 10:01:04,319 [INFO] LogOutputStream:77 - [STDOUT_REDIRECT] 1 : Invalid condition id : UX_CORESTACK_Condition cause : null
2025-01-09 10:01:04,322 [INFO] LogOutputStream:77 - [STDOUT_REDIRECT] 1 : Invalid condition id : UX_CORESTACK_Condition cause : null
2025-01-09 10:01:04,326 [INFO] LogOutputStream:77 - [STDOUT_REDIRECT] 1 : Invalid condition id : UX_CORESTACK_Condition cause : null
2025-01-09 10:01:04,331 [WARN] PackLoader:240 - Cannot read IP mode file for STMicroelectronics.X-CUBE-AZRTOS-WL.2.0.0
2025-01-09 10:01:04,368 [WARN] PackLoader:240 - Cannot read IP mode file for STMicroelectronics.FP-SNS-MOTENV1.5.0.0
2025-01-09 10:01:04,415 [WARN] PackLoader:240 - Cannot read IP mode file for wolfSSL.I-CUBE-wolfMQTT.1.19.0
2025-01-09 10:01:04,463 [WARN] PackLoader:240 - Cannot read IP mode file for WES.I-CUBE-Cesium.1.3.0
2025-01-09 10:01:04,504 [WARN] PackLoader:240 - Cannot read IP mode file for STMicroelectronics.X-CUBE-BLE2.3.3.0
2025-01-09 10:01:04,548 [WARN] PackLoader:240 - Cannot read IP mode file for STMicroelectronics.X-CUBE-NFC9.1.0.0
2025-01-09 10:01:04,613 [WARN] PackLoader:240 - Cannot read IP mode file for STMicroelectronics.X-CUBE-AZRTOS-G0.1.1.0
2025-01-09 10:01:04,659 [WARN] PackLoader:240 - Cannot read IP mode file for STMicroelectronics.X-CUBE-SAFEA1.1.2.2
2025-01-09 10:01:04,711 [WARN] PackLoader:240 - Cannot read IP mode file for STMicroelectronics.X-CUBE-NFC4.3.0.0
2025-01-09 10:01:04,797 [WARN] PackLoader:240 - Cannot read IP mode file for EmbeddedOffice.I-CUBE-FS-RTOS.1.0.1
2025-01-09 10:01:04,838 [WARN] PackLoader:240 - Cannot read IP mode file for STMicroelectronics.X-CUBE-TCPP.4.2.0
2025-01-09 10:01:04,883 [WARN] PackLoader:240 - Cannot read IP mode file for RealThread.X-CUBE-RT-Thread_Nano.4.1.1
2025-01-09 10:01:04,918 [WARN] PackLoader:240 - Cannot read IP mode file for STMicroelectronics.FP-ATR-SIGFOX1.3.2.0
2025-01-09 10:01:04,955 [WARN] ConditionMgr:438 - getConditionDescription Invalid condition id : Cortex-A Device cause : null
2025-01-09 10:01:05,040 [WARN] ConditionMgr:1044 - genDependencies : Invalid condition id : Cortex-A Device cause : null
2025-01-09 10:01:05,041 [WARN] ConditionMgr:1044 - genDependencies : Invalid condition id : Cortex-A Device cause : null
2025-01-09 10:01:05,041 [WARN] ConditionMgr:1044 - genDependencies : Invalid condition id : Cortex-A Device cause : null
2025-01-09 10:01:05,111 [WARN] PackLoader:240 - Cannot read IP mode file for STMicroelectronics.X-CUBE-EEPRMA1.5.1.0
2025-01-09 10:01:05,149 [WARN] PackLoader:240 - Cannot read IP mode file for wolfSSL.I-CUBE-wolfSSL.5.7.4
2025-01-09 10:01:05,200 [WARN] PackLoader:240 - Cannot read IP mode file for ITTIA_DB.I-CUBE-ITTIADB.8.9.0
2025-01-09 10:01:05,325 [WARN] PackLoader:240 - Cannot read IP mode file for SEGGER.I-CUBE-embOS.1.3.1
2025-01-09 10:01:05,445 [WARN] PackLoader:240 - Cannot read IP mode file for STMicroelectronics.X-CUBE-ALGOBUILD.1.4.0
2025-01-09 10:01:05,519 [WARN] PackLoader:240 - Cannot read IP mode file for STMicroelectronics.X-CUBE-AI.9.1.0
2025-01-09 10:01:05,607 [WARN] PackLoader:240 - Cannot read IP mode file for STMicroelectronics.X-CUBE-AZRTOS-F4.1.1.0
2025-01-09 10:01:05,652 [WARN] PackLoader:240 - Cannot read IP mode file for STMicroelectronics.X-CUBE-ISPU.2.1.0
2025-01-09 10:01:05,776 [WARN] PackLoader:240 - Cannot read IP mode file for STMicroelectronics.X-CUBE-AZRTOS-L5.2.0.0
2025-01-09 10:01:05,853 [WARN] PackLoader:240 - Cannot read IP mode file for STMicroelectronics.X-CUBE-NFC6.3.1.0
2025-01-09 10:01:05,964 [WARN] PackLoader:240 - Cannot read IP mode file for STMicroelectronics.X-CUBE-DPower.1.2.0
2025-01-09 10:01:06,034 [WARN] PackLoader:240 - Cannot read IP mode file for STMicroelectronics.X-CUBE-FREERTOS.1.3.0
2025-01-09 10:01:06,072 [WARN] PackLoader:240 - Cannot read IP mode file for STMicroelectronics.X-CUBE-NFC7.1.0.1
2025-01-09 10:01:06,176 [WARN] ConditionMgr:438 - getConditionDescription Invalid condition id : LAN8742 Phy interface Condition cause : null
2025-01-09 10:01:06,177 [WARN] PackLoader:240 - Cannot read IP mode file for STMicroelectronics.X-CUBE-AZRTOS-L4.2.0.0
2025-01-09 10:01:06,180 [WARN] ConditionMgr:1044 - genDependencies : Invalid condition id : LAN8742 Phy interface Condition cause : null
2025-01-09 10:01:06,183 [WARN] ConditionMgr:1044 - genDependencies : Invalid condition id : LAN8742 Phy interface Condition cause : null
2025-01-09 10:01:06,184 [WARN] ConditionMgr:1044 - genDependencies : Invalid condition id : LAN8742 Phy interface Condition cause : null
2025-01-09 10:01:06,228 [WARN] PackLoader:240 - Cannot read IP mode file for STMicroelectronics.X-CUBE-SFXS2LP1.4.0.0
2025-01-09 10:01:06,335 [WARN] PackLoader:240 - Cannot read IP mode file for STMicroelectronics.X-CUBE-AZRTOS-H7.3.3.0
2025-01-09 10:01:06,402 [WARN] ConditionMgr:438 - getConditionDescription Invalid condition id : UX DEVICE CLASS RTOS Condition cause : null
2025-01-09 10:01:06,403 [WARN] ConditionMgr:438 - getConditionDescription Invalid condition id : UX DEVICE CLASS RTOS Condition cause : null
2025-01-09 10:01:06,405 [WARN] PackLoader:240 - Cannot read IP mode file for STMicroelectronics.X-CUBE-AZRTOS-WB.2.0.0
2025-01-09 10:01:06,407 [WARN] ConditionMgr:1044 - genDependencies : Invalid condition id : UX DEVICE CLASS RTOS Condition cause : null
2025-01-09 10:01:06,407 [WARN] ConditionMgr:1044 - genDependencies : Invalid condition id : UX DEVICE CLASS RTOS Condition cause : null
2025-01-09 10:01:06,408 [WARN] ConditionMgr:1044 - genDependencies : Invalid condition id : UX DEVICE CLASS RTOS Condition cause : null
2025-01-09 10:01:06,408 [WARN] ConditionMgr:1044 - genDependencies : Invalid condition id : UX DEVICE CLASS RTOS Condition cause : null
2025-01-09 10:01:06,408 [WARN] ConditionMgr:1044 - genDependencies : Invalid condition id : UX DEVICE CLASS RTOS Condition cause : null
2025-01-09 10:01:06,456 [WARN] PackLoader:240 - Cannot read IP mode file for STMicroelectronics.X-CUBE-GNSS1.7.0.1
2025-01-09 10:01:06,501 [WARN] PackLoader:240 - Cannot read IP mode file for STMicroelectronics.FP-SNS-STBOX1.2.0.0
2025-01-09 10:01:06,556 [WARN] PackLoader:240 - Cannot read IP mode file for STMicroelectronics.X-CUBE-SUBG2.5.0.0
2025-01-09 10:01:06,616 [WARN] PackLoader:240 - Cannot read IP mode file for Cesanta.I-CUBE-Mongoose.7.13.0
2025-01-09 10:01:06,674 [WARN] PackLoader:240 - Cannot read IP mode file for STMicroelectronics.X-CUBE-AZRTOS-G4.2.0.0
2025-01-09 10:01:06,730 [WARN] PackLoader:240 - Cannot read IP mode file for STMicroelectronics.X-CUBE-IPS.3.1.0
2025-01-09 10:01:06,777 [WARN] PackLoader:240 - Cannot read IP mode file for STMicroelectronics.X-CUBE-ALS.1.0.2
2025-01-09 10:01:06,814 [WARN] PackLoader:240 - Cannot read IP mode file for STMicroelectronics.X-CUBE-TOUCHGFX.4.24.2
2025-01-09 10:01:06,844 [WARN] PackLoader:240 - Cannot read IP mode file for wolfSSL.I-CUBE-wolfTPM.3.4.0
2025-01-09 10:01:06,887 [WARN] PackLoader:240 - Cannot read IP mode file for portGmbH.I-Cube-SoM-uGOAL.1.1.0
2025-01-09 10:01:06,981 [WARN] PackLoader:240 - Cannot read IP mode file for STMicroelectronics.X-CUBE-AZRTOS-H7RS.1.0.0
2025-01-09 10:01:07,040 [WARN] PackLoader:240 - Cannot read IP mode file for STMicroelectronics.X-CUBE-TOF1.3.4.2
2025-01-09 10:01:07,095 [WARN] PackLoader:240 - Cannot read IP mode file for wolfSSL.I-CUBE-wolfSSH.1.4.17
2025-01-09 10:01:07,096 [INFO] ThirdParty:978 - Integrity check success = true
2025-01-09 10:01:07,096 [INFO] IntegrityCheckThread:100 - exiting critical section [integrity check]
2025-01-09 10:01:07,096 [INFO] IntegrityCheckThread:103 - End integrity checks thread
2025-01-09 10:01:07,271 [INFO] ProjectFactory:442 - No CPN specified for board STM32F407G-DISC1 => set CPN to STM32F407VGT6
2025-01-09 10:01:07,285 [INFO] Mcu:2035 - Initializing MCU STM32F407V(E-G)Tx STM32F407VGTx STM32F407VGT6
2025-01-09 10:01:14,984 [INFO] Context:748 - Trying to add GPIOservice into a context  which must be forbidden
2025-01-09 10:01:17,126 [INFO] Rule:228 - rule 117617 - U5Cobra4M][GTZC] default value MPCBB3 and MPCBB5 - Not Secured memory - MPCBB1 is applicable
2025-01-09 10:01:17,127 [INFO] Rule:228 - rule 117617 - U5Cobra4M][GTZC] default value MPCBB3 and MPCBB5 - Not Secured memory - MPCBB1 is applicable
2025-01-09 10:01:17,127 [INFO] Rule:228 - rule 117617 - U5Cobra4M][GTZC] default value MPCBB3 and MPCBB5 - Not Secured memory - MPCBB2 is applicable
2025-01-09 10:01:17,127 [INFO] Rule:228 - rule 117617 - U5Cobra4M][GTZC] default value MPCBB3 and MPCBB5 - Not Secured memory - MPCBB2 is applicable
2025-01-09 10:01:17,128 [INFO] Rule:228 - rule 117617 - U5Cobra4M][GTZC] default value MPCBB3 and MPCBB5 - Not Secured memory - MPCBB3 is applicable
2025-01-09 10:01:17,128 [INFO] Rule:228 - rule 117617 - U5Cobra4M][GTZC] default value MPCBB3 and MPCBB5 - Not Secured memory - MPCBB3 is applicable
2025-01-09 10:01:17,128 [INFO] Rule:228 - rule 117617 - U5Cobra4M][GTZC] default value MPCBB3 and MPCBB5 - Not Secured memory - MPCBB4 is applicable
2025-01-09 10:01:17,128 [INFO] Rule:228 - rule 117617 - U5Cobra4M][GTZC] default value MPCBB3 and MPCBB5 - Not Secured memory - MPCBB4 is applicable
2025-01-09 10:01:17,128 [INFO] Rule:228 - rule 117617 - U5Cobra4M][GTZC] default value MPCBB3 and MPCBB5 - Secured memory - MPCBB1 is applicable
2025-01-09 10:01:17,128 [INFO] Rule:228 - rule 117617 - U5Cobra4M][GTZC] default value MPCBB3 and MPCBB5 - Secured memory - MPCBB2 is applicable
2025-01-09 10:01:17,128 [INFO] Rule:228 - rule 117617 - U5Cobra4M][GTZC] default value MPCBB3 and MPCBB5 - Secured memory - MPCBB3 is applicable
2025-01-09 10:01:17,129 [INFO] Rule:228 - rule 117617 - U5Cobra4M][GTZC] default value MPCBB3 and MPCBB5 - Secured memory - MPCBB4 is applicable
2025-01-09 10:01:17,129 [INFO] Rule:228 - rule 117617 - U5Cobra4M][GTZC] default value MPCBB3 and MPCBB5 - Privileged memory - MPCBB1 is applicable
2025-01-09 10:01:17,129 [INFO] Rule:228 - rule 117617 - U5Cobra4M][GTZC] default value MPCBB3 and MPCBB5 - Privileged memory - MPCBB2 is applicable
2025-01-09 10:01:17,129 [INFO] Rule:228 - rule 117617 - U5Cobra4M][GTZC] default value MPCBB3 and MPCBB5 - Privileged memory - MPCBB3 is applicable
2025-01-09 10:01:17,129 [INFO] Rule:228 - rule 117617 - U5Cobra4M][GTZC] default value MPCBB3 and MPCBB5 - Privileged memory - MPCBB4 is applicable
2025-01-09 10:01:17,129 [INFO] Rule:228 - rule 117617 - U5Cobra4M][GTZC] default value MPCBB3 and MPCBB5 - Not Privileged memory - MPCBB1 is applicable
2025-01-09 10:01:17,130 [INFO] Rule:228 - rule 117617 - U5Cobra4M][GTZC] default value MPCBB3 and MPCBB5 - Not Privileged memory - MPCBB2 is applicable
2025-01-09 10:01:17,130 [INFO] Rule:228 - rule 117617 - U5Cobra4M][GTZC] default value MPCBB3 and MPCBB5 - Not Privileged memory - MPCBB3 is applicable
2025-01-09 10:01:17,130 [INFO] Rule:228 - rule 117617 - U5Cobra4M][GTZC] default value MPCBB3 and MPCBB5 - Not Privileged memory - MPCBB4 is applicable
2025-01-09 10:01:17,130 [INFO] Rule:228 - rule 117617 - U5Cobra4M][GTZC] default value MPCBB3 and MPCBB5 - Privileged memory - MPCBB1 is applicable
2025-01-09 10:01:17,130 [INFO] Rule:228 - rule 117617 - U5Cobra4M][GTZC] default value MPCBB3 and MPCBB5 - Privileged memory - MPCBB2 is applicable
2025-01-09 10:01:17,131 [INFO] Rule:228 - rule 117617 - U5Cobra4M][GTZC] default value MPCBB3 and MPCBB5 - Privileged memory - MPCBB3 is applicable
2025-01-09 10:01:17,131 [INFO] Rule:228 - rule 117617 - U5Cobra4M][GTZC] default value MPCBB3 and MPCBB5 - Privileged memory - MPCBB4 is applicable
2025-01-09 10:01:17,131 [INFO] Rule:228 - rule 117617 - U5Cobra4M][GTZC] default value MPCBB3 and MPCBB5 - Privileged memory - MPCBB1 is applicable
2025-01-09 10:01:17,131 [INFO] Rule:228 - rule 117617 - U5Cobra4M][GTZC] default value MPCBB3 and MPCBB5 - Privileged memory - MPCBB2 is applicable
2025-01-09 10:01:17,132 [INFO] Rule:228 - rule 117617 - U5Cobra4M][GTZC] default value MPCBB3 and MPCBB5 - Privileged memory - MPCBB3 is applicable
2025-01-09 10:01:17,132 [INFO] Rule:228 - rule 117617 - U5Cobra4M][GTZC] default value MPCBB3 and MPCBB5 - Privileged memory - MPCBB4 is applicable
2025-01-09 10:01:17,132 [INFO] Rule:228 - rule 117617 - U5Cobra4M][GTZC] default value MPCBB3 and MPCBB5 - Not Privileged memory - MPCBB1 is applicable
2025-01-09 10:01:17,132 [INFO] Rule:228 - rule 117617 - U5Cobra4M][GTZC] default value MPCBB3 and MPCBB5 - Not Privileged memory - MPCBB2 is applicable
2025-01-09 10:01:17,132 [INFO] Rule:228 - rule 117617 - U5Cobra4M][GTZC] default value MPCBB3 and MPCBB5 - Not Privileged memory - MPCBB3 is applicable
2025-01-09 10:01:17,133 [INFO] Rule:228 - rule 117617 - U5Cobra4M][GTZC] default value MPCBB3 and MPCBB5 - Not Privileged memory - MPCBB4 is applicable
2025-01-09 10:01:17,133 [INFO] Rule:228 - rule 117617 - U5Cobra4M][GTZC] default value MPCBB3 and MPCBB5 - Privileged memory - MPCBB1 is applicable
2025-01-09 10:01:17,133 [INFO] Rule:228 - rule 117617 - U5Cobra4M][GTZC] default value MPCBB3 and MPCBB5 - Privileged memory - MPCBB2 is applicable
2025-01-09 10:01:17,134 [INFO] Rule:228 - rule 117617 - U5Cobra4M][GTZC] default value MPCBB3 and MPCBB5 - Privileged memory - MPCBB3 is applicable
2025-01-09 10:01:17,134 [INFO] Rule:228 - rule 117617 - U5Cobra4M][GTZC] default value MPCBB3 and MPCBB5 - Privileged memory - MPCBB4 is applicable
2025-01-09 10:01:17,134 [INFO] Rule:228 - rule Rename SubGHz_Phy SUBGHZ_APPLICATION SUBGHZ_PINGPONG to SUBGHZ_ADV_APPLICATION is applicable
2025-01-09 10:01:17,134 [INFO] Rule:228 - rule Rename Enabled to IBEACON is applicable
2025-01-09 10:01:17,135 [INFO] Rule:228 - rule GTZC_S instance for project manager is applicable
2025-01-09 10:01:17,135 [INFO] Rule:228 - rule GTZC_S instance for context M33S is applicable
2025-01-09 10:01:17,135 [INFO] Rule:228 - rule GTZC_S instance value for IP GTZC is applicable
2025-01-09 10:01:17,135 [INFO] Rule:228 - rule GTZC_S instance for mcu.IP is applicable
2025-01-09 10:01:17,135 [INFO] Rule:228 - rule GTZC_S instance for VP is applicable
2025-01-09 10:01:17,136 [INFO] Rule:228 - rule GTZC_S instance for signal is applicable
2025-01-09 10:01:17,136 [INFO] Rule:228 - rule GTZC_S instance for mcu.Pin is applicable
2025-01-09 10:01:17,136 [INFO] Rule:228 - rule GTZC_S instance for VP is applicable
2025-01-09 10:01:17,137 [INFO] Rule:228 - rule GTZC_S instance for signal is applicable
2025-01-09 10:01:17,137 [INFO] Rule:228 - rule GTZC_S instance for mcu is applicable
2025-01-09 10:01:17,137 [INFO] Rule:228 - rule GTZC_S instance for mcu.Pin is applicable
2025-01-09 10:01:17,138 [INFO] Rule:228 - rule GTZC_S instance value for IP GTZC is applicable
2025-01-09 10:01:17,138 [INFO] Rule:228 - rule GTZC_S instance for project manager is applicable
2025-01-09 10:01:17,138 [INFO] Rule:228 - rule GTZC_S instance for context M33S is applicable
2025-01-09 10:01:17,138 [INFO] Rule:228 - rule GTZC_S instance for VP is applicable
2025-01-09 10:01:17,138 [INFO] Rule:228 - rule GTZC_S instance for signal is applicable
2025-01-09 10:01:17,138 [INFO] Rule:228 - rule SPDIFRX instance for mcu is applicable
2025-01-09 10:01:17,139 [INFO] Rule:228 - rule Rename Tracer Mode is applicable
2025-01-09 10:01:17,139 [INFO] Rule:228 - rule SPDIFRX instance value for IP SPDIFRX is applicable
2025-01-09 10:01:17,139 [INFO] Rule:228 - rule SPDIFRX instance for signal is applicable
2025-01-09 10:01:17,139 [INFO] Rule:228 - rule SPDIFRX instance for project manager is applicable
2025-01-09 10:01:17,139 [INFO] Rule:228 - rule SPDIFRX instance for project manager is applicable
2025-01-09 10:01:17,140 [INFO] Rule:228 - rule ADC Scan  fix with FW F7 is applicable
2025-01-09 10:01:17,140 [INFO] Rule:228 - rule ADC Scan  fix with FW F7 is applicable
2025-01-09 10:01:17,140 [INFO] Rule:228 - rule WakeUp0 Mode is applicable
2025-01-09 10:01:17,141 [INFO] Rule:228 - rule WakeUp0 SIGNAL is applicable
2025-01-09 10:01:17,141 [INFO] Rule:228 - rule WakeUp1 Mode is applicable
2025-01-09 10:01:17,141 [INFO] Rule:228 - rule WakeUp1 SIGNAL is applicable
2025-01-09 10:01:17,141 [INFO] Rule:228 - rule WakeUp2 Mode is applicable
2025-01-09 10:01:17,141 [INFO] Rule:228 - rule WakeUp2 SIGNAL is applicable
2025-01-09 10:01:17,142 [INFO] Rule:228 - rule WakeUp4 Mode is applicable
2025-01-09 10:01:17,142 [INFO] Rule:228 - rule WakeUp4 SIGNAL is applicable
2025-01-09 10:01:17,142 [INFO] Rule:228 - rule WakeUp5 Mode is applicable
2025-01-09 10:01:17,142 [INFO] Rule:228 - rule WakeUp5 SIGNAL is applicable
2025-01-09 10:01:17,142 [INFO] Rule:228 - rule UART/USART WORD LENGTH 7 is applicable
2025-01-09 10:01:17,143 [INFO] Rule:228 - rule UART/USART WORD LENGTH 8 is applicable
2025-01-09 10:01:17,143 [INFO] Rule:228 - rule UART/USART WORD LENGTH 9 is applicable
2025-01-09 10:01:17,143 [INFO] Rule:228 - rule Change Default Value for LSE Drive Capability for WB family is applicable
2025-01-09 10:01:17,143 [INFO] Rule:228 - rule Change Default Value for ADC Clock Prescaler G0 family is applicable
2025-01-09 10:01:17,144 [INFO] Rule:228 - rule ADC SamplingTime fix with FW L0  is applicable
2025-01-09 10:01:17,144 [INFO] Rule:228 - rule ADC SamplingTime fix with FW L0  is applicable
2025-01-09 10:01:17,144 [INFO] Rule:228 - rule ADC SamplingTime fix with FW L0 is applicable
2025-01-09 10:01:17,144 [INFO] Rule:228 - rule ADC SamplingTime fix with FW L0 is applicable
2025-01-09 10:01:17,145 [INFO] Rule:228 - rule ADC SamplingTime fix with FW L0  is applicable
2025-01-09 10:01:17,145 [INFO] Rule:228 - rule ADC SamplingTime fix with FW L0 is applicable
2025-01-09 10:01:17,145 [INFO] Rule:228 - rule Rename USB_OE Signal is applicable
2025-01-09 10:01:17,145 [INFO] Rule:228 - rule Rename Activate_OE Mode is applicable
2025-01-09 10:01:17,146 [INFO] Rule:228 - rule Rename DIE462/DIE415 pin PC14/OSC32_IN -> PC14-OSC32_IN (PC14) is applicable
2025-01-09 10:01:17,146 [INFO] Rule:228 - rule Rename DIE462/DIE415 pin PC15/OSC32_OUT -> PC15-OSC32_OUT (PC15) is applicable
2025-01-09 10:01:17,146 [INFO] Rule:228 - rule Rename DIE462/DIE415 pin PH0/OSC_IN -> PH0-OSC_IN (PH0) is applicable
2025-01-09 10:01:17,146 [INFO] Rule:228 - rule Rename DIE462/DIE415 pin PH1/OSC_OUT -> PH1-OSC_OUT (PH1) is applicable
2025-01-09 10:01:17,147 [INFO] Rule:228 - rule Rename DIE462 pin PA13 -> PA13 (JTMS/SWDIO) is applicable
2025-01-09 10:01:17,147 [INFO] Rule:228 - rule Rename DIE415 pin PA13 -> PA13 (JTMS/SWDIO) is applicable
2025-01-09 10:01:17,147 [INFO] Rule:228 - rule Rename DIE462 pin PA14 -> PA14 (JTCK/SWCLK) is applicable
2025-01-09 10:01:17,148 [INFO] Rule:228 - rule Rename DIE415 pin PA14 -> PA14 (JTCK/SWCLK) is applicable
2025-01-09 10:01:17,148 [INFO] Rule:228 - rule Rename DIE462/DIE415 pin PA15 -> PA15 (JTDI) is applicable
2025-01-09 10:01:17,148 [INFO] Rule:228 - rule Rename DIE462 pin PB3 -> PB3 (JTD0/TRACESWO) is applicable
2025-01-09 10:01:17,148 [INFO] Rule:228 - rule Rename DIE415 pin PB3 -> PB3 (JTD0-TRACESWO) is applicable
2025-01-09 10:01:17,149 [INFO] Rule:228 - rule Rename DIE462/DIE415 pin PB4 -> PB4 (NJTRST) is applicable
2025-01-09 10:01:17,150 [INFO] Rule:228 - rule Rename DIE462 pin PH3/BOOT0 -> PH3-BOOT0 (BOOT0) is applicable
2025-01-09 10:01:17,150 [INFO] Rule:228 - rule Rename CRYP DataEncryptionTypesList to Algorithm is applicable
2025-01-09 10:01:17,150 [INFO] Rule:228 - rule Rename AES DataEncryptionTypesList to Algorithm is applicable
2025-01-09 10:01:17,150 [INFO] Rule:228 - rule Rename TDESECB to CRYP_TDES_ECB is applicable
2025-01-09 10:01:17,150 [INFO] Rule:228 - rule Rename TDESCBC to CRYP_TDES_CBC is applicable
2025-01-09 10:01:17,151 [INFO] Rule:228 - rule Rename DESECB to CRYP_DES_ECB is applicable
2025-01-09 10:01:17,151 [INFO] Rule:228 - rule Rename DESCBC to CRYP_DES_CBC is applicable
2025-01-09 10:01:17,151 [INFO] Rule:228 - rule Rename AESECB to CRYP_AES_ECB is applicable
2025-01-09 10:01:17,151 [INFO] Rule:228 - rule Rename AESCBC to CRYP_AES_CBC is applicable
2025-01-09 10:01:17,152 [INFO] Rule:228 - rule Rename AESCTR to CRYP_AES_CTR is applicable
2025-01-09 10:01:17,152 [INFO] Rule:228 - rule Rename AESGCM to CRYP_AES_GCM is applicable
2025-01-09 10:01:17,152 [INFO] Rule:228 - rule Rename AESCCM to CRYP_AES_CCM is applicable
2025-01-09 10:01:17,152 [INFO] Rule:228 - rule Rename CAN TimeSeg1 to BS1 is applicable
2025-01-09 10:01:17,152 [INFO] Rule:228 - rule Rename CAN TimeSeg2 to BS2 is applicable
2025-01-09 10:01:17,153 [INFO] Rule:228 - rule Rename CAN SyncJumpWidth to SJW is applicable
2025-01-09 10:01:17,153 [INFO] Rule:228 - rule TimeTriggeredMode to TTCM is applicable
2025-01-09 10:01:17,153 [INFO] Rule:228 - rule Rename CAN AutoBusOff to ABOM is applicable
2025-01-09 10:01:17,154 [INFO] Rule:228 - rule Rename CAN AutoWakeUp to AWUM is applicable
2025-01-09 10:01:17,154 [INFO] Rule:228 - rule Rename CAN AutoRetransmission to NART is applicable
2025-01-09 10:01:17,154 [INFO] Rule:228 - rule Rename CAN ReceiveFifoLocked to RFLM is applicable
2025-01-09 10:01:17,154 [INFO] Rule:228 - rule Rename CAN TransmitFifoPriority to TXFP is applicable
2025-01-09 10:01:17,154 [INFO] Rule:228 - rule Rename HRTIMER HRTIM_OUTPUTFAULTLEVEL_HIGH in HRTIMER HRTIM_OUTPUTFAULTLEVEL_HIGHZ is applicable
2025-01-09 10:01:17,154 [INFO] Rule:228 - rule Rename TIMER TIM_CLEARINPUTSOURCE_OCREFCLR in  TIMER TIM_CLEARINPUTSOURCE_NONE for F7 family is applicable
2025-01-09 10:01:17,155 [INFO] Rule:228 - rule FDCAN_R1 - Rename FDCAN mode Master into Classic is applicable
2025-01-09 10:01:17,155 [INFO] Rule:228 - rule FDCAN_R2 - Rename FDCAN mode Slave into Classic is applicable
2025-01-09 10:01:17,155 [INFO] Rule:228 - rule FDCAN1_R3 - if PA10.Mode=FullDuplex, add Pin PA12 is applicable
2025-01-09 10:01:17,155 [INFO] Rule:228 - rule FDCAN1_R3 - if PA9.Mode=FullDuplex, add Pin PA11 is applicable
2025-01-09 10:01:17,155 [INFO] Rule:228 - rule FDCAN1_R3 - Alternatepin_1 - if PE1.Mode=FullDuplex, add Pin PB9 is applicable
2025-01-09 10:01:17,155 [INFO] Rule:228 - rule FDCAN1_R3 - Alternatepin_1 - if PE0.Mode=FullDuplex, add Pin PB8 is applicable
2025-01-09 10:01:17,155 [INFO] Rule:228 - rule FDCAN1_R3 - Alternatepin_2 - if PD5.Mode=FullDuplex, add Pin PD1 is applicable
2025-01-09 10:01:17,156 [INFO] Rule:228 - rule FDCAN1_R3 - Alternatepin_2 - if PD4.Mode=FullDuplex, add Pin PD0 is applicable
2025-01-09 10:01:17,156 [INFO] Rule:228 - rule FDCAN1_R4 - Rename Mode FullDuplex into Enable FDCAN_TXFD for pin PA10 is applicable
2025-01-09 10:01:17,156 [INFO] Rule:228 - rule FDCAN1_R4 - Rename Mode FullDuplex into Enable FDCAN_TXFD for pin PA9 is applicable
2025-01-09 10:01:17,156 [INFO] Rule:228 - rule FDCAN1_R4 - Alternatepin_1 - Rename Mode FullDuplex into Enable FDCAN_TXFD for pin PE1 is applicable
2025-01-09 10:01:17,156 [INFO] Rule:228 - rule FDCAN1_R4 - Alternatepin_1 - Rename Mode FullDuplex into Enable FDCAN_TXFD for pin PE0 is applicable
2025-01-09 10:01:17,157 [INFO] Rule:228 - rule FDCAN1_R4 - Alternatepin_2 - Rename Mode FullDuplex into Enable FDCAN_TXFD for pin PD5 is applicable
2025-01-09 10:01:17,157 [INFO] Rule:228 - rule FDCAN1_R4 - Alternatepin_2 - Rename Mode FullDuplex into Enable FDCAN_TXFD for pin PD4 is applicable
2025-01-09 10:01:17,157 [INFO] Rule:228 - rule FDCAN2_R3 - if PD10.Mode=FullDuplex, add Pin PB13 is applicable
2025-01-09 10:01:17,157 [INFO] Rule:228 - rule FDCAN2_R3 - if PD9.Mode=FullDuplex, add Pin PB12 is applicable
2025-01-09 10:01:17,157 [INFO] Rule:228 - rule FDCAN2_R3 - Alternatepin_1 - if PB7.Mode=FullDuplex, add Pin PB6 is applicable
2025-01-09 10:01:17,158 [INFO] Rule:228 - rule FDCAN2_R3 - Alternatepin_1 - if PD9.Mode=FullDuplex, add Pin PB12 is applicable
2025-01-09 10:01:17,158 [INFO] Rule:228 - rule FDCAN2_R4 - Rename Mode FullDuplex into Enable FDCAN_TXFD for pin PD10 is applicable
2025-01-09 10:01:17,158 [INFO] Rule:228 - rule FDCAN2_R4 - Rename Mode FullDuplex into Enable FDCAN_TXFD for pin PD9 is applicable
2025-01-09 10:01:17,158 [INFO] Rule:228 - rule FDCAN2_R4 - Alternatepin_1 - Rename Mode FullDuplex into Enable FDCAN_TXFD for pin PB7 is applicable
2025-01-09 10:01:17,158 [INFO] Rule:228 - rule FDCAN2_R4 - Alternatepin_1 - Rename Mode FullDuplex into Enable FDCAN_TXFD for pin PD6 is applicable
2025-01-09 10:01:17,158 [INFO] Rule:228 - rule USART TxPinLevelInvertParam Mode is applicable
2025-01-09 10:01:17,158 [INFO] Rule:228 - rule USART RxPinLevelInvertParam Mode is applicable
2025-01-09 10:01:17,158 [INFO] Rule:228 - rule USART DataInvertParam Mode is applicable
2025-01-09 10:01:17,158 [INFO] Rule:228 - rule USART SwapParam Mode is applicable
2025-01-09 10:01:17,159 [INFO] Rule:228 - rule USART OverrunDisableParam Mode is applicable
2025-01-09 10:01:17,159 [INFO] Rule:228 - rule USART DMADisableonRxErrorParam Mode is applicable
2025-01-09 10:01:17,159 [INFO] Rule:228 - rule USART MSBFirstParam Mode is applicable
2025-01-09 10:01:17,159 [INFO] Rule:228 - rule Update MwName for USB_DEVICE is applicable
2025-01-09 10:01:17,159 [INFO] Rule:228 - rule Change PWR_Regulator_Voltage_Scale Default Value for RCC  H7 family is applicable
2025-01-09 10:01:17,159 [INFO] Rule:228 - rule UART/USART IPParameter rename Prescaler parameter to ClockPrescaler is applicable
2025-01-09 10:01:17,159 [INFO] Rule:228 - rule UART/USART Prescaler rename Prescaler parameter to ClockPrescaler is applicable
2025-01-09 10:01:17,159 [INFO] Rule:228 - rule TIM1CLockSelection is applicable
2025-01-09 10:01:17,159 [INFO] Rule:228 - rule TIM15CLockSelection is applicable
2025-01-09 10:01:17,160 [INFO] Rule:228 - rule align RCC SDMMC3CLockSelection default value on MP1 is applicable
2025-01-09 10:01:17,160 [INFO] Rule:228 - rule align RCC SDMMC12CLockSelection default value on MP1 is applicable
2025-01-09 10:01:17,160 [INFO] Rule:228 - rule align RCC QSPICLockSelection default value on MP1 is applicable
2025-01-09 10:01:17,160 [INFO] Rule:228 - rule align RCC QSPICLockSelection default value on MP1 is applicable
2025-01-09 10:01:17,160 [INFO] Rule:228 - rule align RCC SPI6CLockSelection default value on MP1 is applicable
2025-01-09 10:01:17,160 [INFO] Rule:228 - rule align RCC LPTIM23CLockSelection default value on MP1 is applicable
2025-01-09 10:01:17,161 [INFO] Rule:228 - rule align RCC LPTIM1CLockSelection default value on MP1 is applicable
2025-01-09 10:01:17,161 [INFO] Rule:228 - rule align RCC USART1CLockSelection default value on MP1 is applicable
2025-01-09 10:01:17,161 [INFO] Rule:228 - rule align RCC USART24CLockSelection default value on MP1 is applicable
2025-01-09 10:01:17,161 [INFO] Rule:228 - rule align RCC USART6CLockSelection default value on MP1 is applicable
2025-01-09 10:01:17,161 [INFO] Rule:228 - rule align RCC UART78CLockSelection default value on MP1 is applicable
2025-01-09 10:01:17,161 [INFO] Rule:228 - rule align RCC USART35CLockSelection default value on MP1 is applicable
2025-01-09 10:01:17,161 [INFO] Rule:228 - rule align RCC SPI45CLockSelection default value on MP1 is applicable
2025-01-09 10:01:17,161 [INFO] Rule:228 - rule align RCC I2C46CLockSelection BCLK value on MP1 is applicable
2025-01-09 10:01:17,161 [INFO] Rule:228 - rule align RCC SPI45CLockSelection default value on MP1 is applicable
2025-01-09 10:01:17,161 [INFO] Rule:228 - rule align RCC I2C12CLockSelection default value on MP1 is applicable
2025-01-09 10:01:17,162 [INFO] Rule:228 - rule align RCC I2C35CLockSelection default value on MP1 is applicable
2025-01-09 10:01:17,162 [INFO] Rule:228 - rule align RCC LPTIM45CLockSelection default value on MP1 is applicable
2025-01-09 10:01:17,162 [INFO] Rule:228 - rule Rename DCMI PIXCK signal is applicable
2025-01-09 10:01:17,162 [INFO] Rule:228 - rule Change Default Value for I2C46CLockSelection MP1 family is applicable
2025-01-09 10:01:17,162 [INFO] Rule:228 - rule Change Default Value for UART for G4, G0 and WB families is applicable
2025-01-09 10:01:17,162 [INFO] Rule:228 - rule Change Default Value for USART for G4, G0 and WB families is applicable
2025-01-09 10:01:17,162 [INFO] Rule:228 - rule Change Default Value for USART for G4 family is applicable
2025-01-09 10:01:17,162 [INFO] Rule:228 - rule Change USART1CLockSelection refparam name for MP1 is applicable
2025-01-09 10:01:17,163 [INFO] Rule:228 - rule Change USART2CLockSelection refparam name for MP1 is applicable
2025-01-09 10:01:17,163 [INFO] Rule:228 - rule Change USART3CLockSelection refparam name for MP1 is applicable
2025-01-09 10:01:17,163 [INFO] Rule:228 - rule Change UART4CLockSelection refparam name for MP1 is applicable
2025-01-09 10:01:17,163 [INFO] Rule:228 - rule Change UART5CLockSelection refparam name for MP1 is applicable
2025-01-09 10:01:17,163 [INFO] Rule:228 - rule Change LPUART1CLockSelection refparam name for MP1 is applicable
2025-01-09 10:01:17,163 [INFO] Rule:228 - rule Change LPTIM1CLockSelection refparam name for MP1 is applicable
2025-01-09 10:01:17,163 [INFO] Rule:228 - rule Change LPTIM2CLockSelection refparam name for MP1 is applicable
2025-01-09 10:01:17,163 [INFO] Rule:228 - rule Change RCC_MCO1Source refparam name for MP1 is applicable
2025-01-09 10:01:17,164 [INFO] Rule:228 - rule Change LSCOSource1 refparam name for MP1 is applicable
2025-01-09 10:01:17,164 [INFO] Rule:228 - rule Change SMPSCLockSelection refparam name for MP1 is applicable
2025-01-09 10:01:17,164 [INFO] Rule:228 - rule Change LPTIM3CLockSelection refparam name for MP1 is applicable
2025-01-09 10:01:17,164 [INFO] Rule:228 - rule Change MPCBB* Default Template Mode to Parameters is applicable
2025-01-09 10:01:17,165 [INFO] Rule:228 - rule Change MPCWM* or MPCBB* Secure Mode to Parameters is applicable
2025-01-09 10:01:17,165 [INFO] Rule:228 - rule Change MPCWM* or MPCBB* No Secure Mode to Parameters is applicable
2025-01-09 10:01:17,166 [INFO] Rule:228 - rule Change TZSC IP Secure Mode to Parameters is applicable
2025-01-09 10:01:17,166 [INFO] Rule:228 - rule Change TZSC IP No Secure Mode to Parameters is applicable
2025-01-09 10:01:17,166 [INFO] Rule:228 - rule Change TZSC IP Privilege Mode to Parameters is applicable
2025-01-09 10:01:17,166 [INFO] Rule:228 - rule Change TZSC IP No Privilege Mode to Parameters is applicable
2025-01-09 10:01:17,167 [INFO] Rule:228 - rule Change TZIC IT Secure Mode to Parameters is applicable
2025-01-09 10:01:17,167 [INFO] Rule:228 - rule Change TZIC IT No Secure Mode to Parameters is applicable
2025-01-09 10:01:17,167 [INFO] Rule:228 - rule Add MPCBB1_NonSecureArea_Start_Address value with referenced to MPCBB1_NonSecureArea_Start value is applicable
2025-01-09 10:01:17,167 [INFO] Rule:228 - rule Add MPCBB2_NonSecureArea_Start_Address value with referenced to MPCBB2_NonSecureArea_Start value is applicable
2025-01-09 10:01:17,167 [INFO] Rule:228 - rule Add MPCWM1_NonSecureArea*_Start_Address value with referenced to MPCWM1_NonSecureArea*_Start value is applicable
2025-01-09 10:01:17,167 [INFO] Rule:228 - rule Add MPCWM2_NonSecureArea*_Start_Address value with referenced to MPCWM2_NonSecureArea*_Start value is applicable
2025-01-09 10:01:17,167 [INFO] Rule:228 - rule Add MPCWM3_NonSecureArea_Start_Address value with referenced to MPCWM3_NonSecureArea_Start value is applicable
2025-01-09 10:01:17,168 [INFO] Rule:228 - rule Change Default Value for PLL1UserDefinedConfig is applicable
2025-01-09 10:01:17,168 [INFO] Rule:228 - rule Change GPIO_PuPd Default Value for USART in async mode is applicable
2025-01-09 10:01:17,168 [INFO] Rule:228 - rule Change SMPSDivider Default Value is applicable
2025-01-09 10:01:17,168 [INFO] Rule:228 - rule OPAMP is applicable
2025-01-09 10:01:17,168 [INFO] Rule:228 - rule LPUART IPParameter rename Prescaler parameter to ClockPrescaler for STM32H7 is applicable
2025-01-09 10:01:17,168 [INFO] Rule:228 - rule LPUART IPParameter rename Prescaler parameter to ClockPrescaler for STM32H7 is applicable
2025-01-09 10:01:17,168 [INFO] Rule:228 - rule LPUART IPParameter rename Prescaler parameter to ClockPrescaler for STM32WB is applicable
2025-01-09 10:01:17,168 [INFO] Rule:228 - rule LPUART IPParameter rename Prescaler parameter to ClockPrescaler for STM32WB is applicable
2025-01-09 10:01:17,168 [INFO] Rule:228 - rule LPUART IPParameter rename Prescaler parameter to ClockPrescaler for STM32G4 is applicable
2025-01-09 10:01:17,169 [INFO] Rule:228 - rule LPUART IPParameter rename Prescaler parameter to ClockPrescaler for STM32G4 is applicable
2025-01-09 10:01:17,169 [INFO] Rule:228 - rule LPUART IPParameter rename Prescaler parameter to ClockPrescaler for STM32L5 is applicable
2025-01-09 10:01:17,169 [INFO] Rule:228 - rule LPUART IPParameter rename Prescaler parameter to ClockPrescaler for STM32L5 is applicable
2025-01-09 10:01:17,169 [INFO] Rule:228 - rule LPUART IPParameter rename Prescaler parameter to ClockPrescaler for STM32G4 is applicable
2025-01-09 10:01:17,169 [INFO] Rule:228 - rule LPUART IPParameter rename Prescaler parameter to ClockPrescaler for STM32G4 is applicable
2025-01-09 10:01:17,169 [INFO] Rule:228 - rule USB device lib V2.5.3 for L0 rename USBD_SUPPORT_USER_STRING parameter to USBD_SUPPORT_USER_STRING_DESC4 is applicable
2025-01-09 10:01:17,170 [INFO] Rule:228 - rule I2SCLockSelection clock entry align is applicable
2025-01-09 10:01:17,170 [INFO] Rule:228 - rule Assign TIMx context if used as SYS timebase is applicable
2025-01-09 10:01:17,172 [INFO] Rule:228 - rule Change GPIO_Pu Default Value for I2C is applicable
2025-01-09 10:01:17,172 [INFO] Rule:228 - rule Change GPIO_Pu Default Value for SMBus is applicable
2025-01-09 10:01:17,172 [INFO] Rule:228 - rule change FDCAN default value is applicable
2025-01-09 10:01:17,173 [INFO] Rule:228 - rule Change mode sai is applicable
2025-01-09 10:01:17,173 [INFO] Rule:228 - rule **Change sai mode is applicable
2025-01-09 10:01:17,173 [INFO] Rule:228 - rule Rename STM32WPAN CFG_BLE_IRK to CFG_BLE_IR is applicable
2025-01-09 10:01:17,173 [INFO] Rule:228 - rule Rename STM32WPAN CFG_BLE_ERK to CFG_BLE_ER is applicable
2025-01-09 10:01:17,173 [INFO] Rule:228 - rule Rename STM32WPAN CFG_BLE_IRK_HEX to CFG_BLE_IR_HEX is applicable
2025-01-09 10:01:17,174 [INFO] Rule:228 - rule Rename STM32WPAN CFG_BLE_ERK_HEX to CFG_BLE_ER_HEX is applicable
2025-01-09 10:01:17,211 [INFO] DbConfProperties:307 - Apply Compatibility (34/230 Rules)
2025-01-09 10:01:17,289 [INFO] ImportTextPane:218 - (OptionalMessage_ERROR) Unable to find key (Mcu.ThirdPartyNb) in loaded IOC file
2025-01-09 10:01:17,600 [INFO] RtosManager:555 - Registered RTOS mode: class=CMSIS, group=RTOS, mode=CMSIS_V1, owner=FREERTOS
2025-01-09 10:01:17,601 [INFO] RtosManager:555 - Registered RTOS mode: class=CMSIS, group=RTOS2, mode=CMSIS_V2, owner=FREERTOS
2025-01-09 10:01:17,601 [INFO] RtosManager:555 - Registered RTOS mode: class=RTOS, group=Core, mode=CMSIS_V1, owner=FREERTOS
2025-01-09 10:01:17,601 [INFO] RtosManager:555 - Registered RTOS mode: class=RTOS, group=Core, mode=CMSIS_V2, owner=FREERTOS
2025-01-09 10:01:17,601 [WARN] ModelIntegratedComponent:184 - Missing modes for component STMicroelectronics:FreeRTOS:0.0.1:STMicroelectronics:RTOS:FreeRTOS:Core:::10.2.0:
2025-01-09 10:01:17,679 [WARN] ModelIntegratedComponent:63 - No mode defined for component null
2025-01-09 10:01:17,679 [WARN] ModelIntegratedComponent:63 - No mode defined for component null
2025-01-09 10:01:17,679 [WARN] ModelIntegratedComponent:63 - No mode defined for component null
2025-01-09 10:01:17,679 [WARN] ModelIntegratedComponent:63 - No mode defined for component null
2025-01-09 10:01:17,680 [WARN] ModelIntegratedComponent:63 - No mode defined for component null
2025-01-09 10:01:17,680 [WARN] ModelIntegratedComponent:63 - No mode defined for component null
2025-01-09 10:01:17,680 [WARN] ModelIntegratedComponent:63 - No mode defined for component null
2025-01-09 10:01:17,680 [WARN] ModelIntegratedComponent:63 - No mode defined for component null
2025-01-09 10:01:17,680 [WARN] ModelIntegratedComponent:63 - No mode defined for component null
2025-01-09 10:01:17,680 [WARN] ModelIntegratedComponent:63 - No mode defined for component null
2025-01-09 10:01:17,680 [WARN] ModelIntegratedComponent:63 - No mode defined for component null
2025-01-09 10:01:17,681 [WARN] ModelIntegratedComponent:63 - No mode defined for component null
2025-01-09 10:01:17,681 [WARN] ModelIntegratedComponent:63 - No mode defined for component null
2025-01-09 10:01:17,681 [WARN] ModelIntegratedComponent:63 - No mode defined for component null
2025-01-09 10:01:17,681 [WARN] ModelIntegratedComponent:63 - No mode defined for component null
2025-01-09 10:01:17,681 [WARN] ModelIntegratedComponent:63 - No mode defined for component null
2025-01-09 10:01:17,681 [WARN] ModelIntegratedComponent:63 - No mode defined for component null
2025-01-09 10:01:17,682 [WARN] ModelIntegratedComponent:63 - No mode defined for component null
2025-01-09 10:01:17,682 [WARN] ModelIntegratedComponent:63 - No mode defined for component null
2025-01-09 10:01:17,682 [WARN] ModelIntegratedComponent:63 - No mode defined for component null
2025-01-09 10:01:17,682 [WARN] ModelIntegratedComponent:63 - No mode defined for component null
2025-01-09 10:01:17,682 [WARN] ModelIntegratedComponent:63 - No mode defined for component null
2025-01-09 10:01:17,682 [WARN] ModelIntegratedComponent:63 - No mode defined for component null
2025-01-09 10:01:17,682 [WARN] ModelIntegratedComponent:63 - No mode defined for component null
2025-01-09 10:01:17,682 [WARN] ModelIntegratedComponent:63 - No mode defined for component null
2025-01-09 10:01:17,683 [WARN] ModelIntegratedComponent:63 - No mode defined for component null
2025-01-09 10:01:17,683 [WARN] ModelIntegratedComponent:63 - No mode defined for component null
2025-01-09 10:01:17,683 [WARN] ModelIntegratedComponent:63 - No mode defined for component null
2025-01-09 10:01:17,683 [WARN] ModelIntegratedComponent:63 - No mode defined for component null
2025-01-09 10:01:17,683 [WARN] ModelIntegratedComponent:63 - No mode defined for component null
2025-01-09 10:01:17,683 [WARN] ModelIntegratedComponent:63 - No mode defined for component null
2025-01-09 10:01:17,683 [WARN] ModelIntegratedComponent:63 - No mode defined for component null
2025-01-09 10:01:17,683 [WARN] ModelIntegratedComponent:63 - No mode defined for component null
2025-01-09 10:01:17,683 [WARN] ModelIntegratedComponent:63 - No mode defined for component null
2025-01-09 10:01:17,683 [WARN] ModelIntegratedComponent:63 - No mode defined for component null
2025-01-09 10:01:17,684 [WARN] ModelPack:524 - Component already loaded: STMicroelectronics:HAL Drivers:0.0.0:STMicroelectronics:Device:STMicro_Driver:XSPI:HAL::0.0.1:HAL_XSPI
2025-01-09 10:01:17,968 [INFO] ThirdPartyModel:298 - Start build external matchings
2025-01-09 10:01:19,230 [INFO] ThirdPartyModel:316 - End build external matchings
2025-01-09 10:01:20,462 [INFO] UtilMem:75 - End LoadConfig() Used Memory: 381651784 Bytes (722468864)
2025-01-09 10:01:20,692 [WARN] ThirdParty:833 - waiting for thirdparty lock release [change project]
2025-01-09 10:01:20,693 [INFO] ThirdParty:835 - entering critical section [change project]
2025-01-09 10:01:20,693 [INFO] ThirdParty:1030 - CMSIS Pack Vendor :STMicroelectronics USBPD 4.1
2025-01-09 10:01:20,694 [INFO] ThirdParty:1030 - CMSIS Pack Vendor :STMicroelectronics X-CUBE-AZRTOS-H7 3.3.0
2025-01-09 10:01:20,694 [INFO] ThirdParty:1030 - CMSIS Pack Vendor :STMicroelectronics X-CUBE-NFC9 1.0.0
2025-01-09 10:01:20,694 [INFO] ThirdParty:1030 - CMSIS Pack Vendor :STMicroelectronics USB_HOST 2.0.0
2025-01-09 10:01:20,694 [INFO] ThirdParty:1030 - CMSIS Pack Vendor :STMicroelectronics FP-SNS-MOTENVWB1 1.4.0
2025-01-09 10:01:20,694 [INFO] ThirdParty:1030 - CMSIS Pack Vendor :STMicroelectronics X-CUBE-AZRTOS-F4 1.1.0
2025-01-09 10:01:20,694 [INFO] ThirdParty:1030 - CMSIS Pack Vendor :STMicroelectronics LIBJPEG 8.0.0
2025-01-09 10:01:20,694 [INFO] ThirdParty:1030 - CMSIS Pack Vendor :STMicroelectronics FP-ATR-ASTRA1 2.0.1
2025-01-09 10:01:20,694 [INFO] ThirdParty:1030 - CMSIS Pack Vendor :STMicroelectronics X-CUBE-SMBUS 2.1.0
2025-01-09 10:01:20,694 [INFO] ThirdParty:1030 - CMSIS Pack Vendor :STMicroelectronics X-CUBE-WB05N 1.1.0
2025-01-09 10:01:20,694 [INFO] ThirdParty:1030 - CMSIS Pack Vendor :STMicroelectronics USB_DEVICE 3.0.0
2025-01-09 10:01:20,694 [INFO] ThirdParty:1030 - CMSIS Pack Vendor :STMicroelectronics X-CUBE-ISPU 2.1.0
2025-01-09 10:01:20,694 [INFO] ThirdParty:1030 - CMSIS Pack Vendor :STMicroelectronics X-CUBE-AZRTOS-WB 2.0.0
2025-01-09 10:01:20,694 [INFO] ThirdParty:1030 - CMSIS Pack Vendor :STMicroelectronics X-CUBE-GNSS1 7.0.1
2025-01-09 10:01:20,694 [INFO] ThirdParty:1030 - CMSIS Pack Vendor :STMicroelectronics X-CUBE-AZRTOS-F7 1.1.0
2025-01-09 10:01:20,694 [INFO] ThirdParty:1030 - CMSIS Pack Vendor :STMicroelectronics X-CUBE-AZRTOS-L5 2.0.0
2025-01-09 10:01:20,695 [INFO] ThirdParty:1030 - CMSIS Pack Vendor :STMicroelectronics USB_DEVICE 2.0.0
2025-01-09 10:01:20,695 [INFO] ThirdParty:1030 - CMSIS Pack Vendor :STMicroelectronics X-CUBE-NFC6 3.1.0
2025-01-09 10:01:20,695 [INFO] ThirdParty:1030 - CMSIS Pack Vendor :STMicroelectronics FP-SNS-STBOX1 2.0.0
2025-01-09 10:01:20,695 [INFO] ThirdParty:1030 - CMSIS Pack Vendor :STMicroelectronics FreeRTOS 0.0.1
2025-01-09 10:01:20,695 [INFO] ThirdParty:1030 - CMSIS Pack Vendor :STMicroelectronics X-CUBE-AZRTOS-G0 1.1.0
2025-01-09 10:01:20,695 [INFO] ThirdParty:1030 - CMSIS Pack Vendor :STMicroelectronics X-CUBE-SAFEA1 1.2.2
2025-01-09 10:01:20,696 [INFO] ThirdParty:1030 - CMSIS Pack Vendor :STMicroelectronics X-CUBE-NFC4 3.0.0
2025-01-09 10:01:20,696 [INFO] ThirdParty:1030 - CMSIS Pack Vendor :STMicroelectronics X-CUBE-DPower 1.2.0
2025-01-09 10:01:20,696 [INFO] ThirdParty:1030 - CMSIS Pack Vendor :STMicroelectronics X-CUBE-SUBG2 5.0.0
2025-01-09 10:01:20,697 [INFO] ThirdParty:1030 - CMSIS Pack Vendor :STMicroelectronics STM32_WPAN 1.0.0
2025-01-09 10:01:20,697 [INFO] ThirdParty:1030 - CMSIS Pack Vendor :EmbeddedOffice I-CUBE-FS-RTOS 1.0.1
2025-01-09 10:01:20,697 [INFO] ThirdParty:1030 - CMSIS Pack Vendor :STMicroelectronics lwIP 2.0.3
2025-01-09 10:01:20,697 [INFO] ThirdParty:1030 - CMSIS Pack Vendor :STMicroelectronics FP-SNS-FLIGHT1 5.0.2
2025-01-09 10:01:20,697 [INFO] ThirdParty:1030 - CMSIS Pack Vendor :Cesanta I-CUBE-Mongoose 7.13.0
2025-01-09 10:01:20,698 [INFO] ThirdParty:1030 - CMSIS Pack Vendor :STMicroelectronics USB_HOST 1.0.0
2025-01-09 10:01:20,698 [INFO] ThirdParty:1030 - CMSIS Pack Vendor :Infineon AIROC-Wi-Fi-Bluetooth-STM32 1.7.0
2025-01-09 10:01:20,698 [INFO] ThirdParty:1030 - CMSIS Pack Vendor :STMicroelectronics X-CUBE-AZRTOS-G4 2.0.0
2025-01-09 10:01:20,698 [INFO] ThirdParty:1030 - CMSIS Pack Vendor :STMicroelectronics PDM2PCM 3.1.0
2025-01-09 10:01:20,698 [INFO] ThirdParty:1030 - CMSIS Pack Vendor :STMicroelectronics PDM2PCM 3.3.0
2025-01-09 10:01:20,698 [INFO] ThirdParty:1030 - CMSIS Pack Vendor :STMicroelectronics X-CUBE-DISPLAY 3.0.0
2025-01-09 10:01:20,699 [INFO] ThirdParty:1030 - CMSIS Pack Vendor :STMicroelectronics X-CUBE-TCPP 4.2.0
2025-01-09 10:01:20,699 [INFO] ThirdParty:1030 - CMSIS Pack Vendor :RealThread X-CUBE-RT-Thread_Nano 4.1.1
2025-01-09 10:01:20,700 [INFO] ThirdParty:1030 - CMSIS Pack Vendor :STMicroelectronics X-CUBE-BLE1 7.0.0
2025-01-09 10:01:20,700 [INFO] ThirdParty:1030 - CMSIS Pack Vendor :STMicroelectronics FP-ATR-SIGFOX1 3.2.0
2025-01-09 10:01:20,701 [INFO] ThirdParty:1030 - CMSIS Pack Vendor :STMicroelectronics X-CUBE-NFC10 1.0.0
2025-01-09 10:01:20,701 [INFO] ThirdParty:1030 - CMSIS Pack Vendor :quantropi X-CUBE-qispace-sdk-base 1.9.3
2025-01-09 10:01:20,702 [INFO] ThirdParty:1030 - CMSIS Pack Vendor :STMicroelectronics X-CUBE-BLEMGR 4.0.0
2025-01-09 10:01:20,702 [INFO] ThirdParty:1030 - CMSIS Pack Vendor :STMicroelectronics X-CUBE-EEPRMA1 5.1.0
2025-01-09 10:01:20,702 [INFO] ThirdParty:1030 - CMSIS Pack Vendor :STMicroelectronics HAL Drivers 0.0.0
2025-01-09 10:01:20,702 [INFO] ThirdParty:1030 - CMSIS Pack Vendor :STMicroelectronics MBEDTLS 2.16.2
2025-01-09 10:01:20,703 [INFO] ThirdParty:1030 - CMSIS Pack Vendor :STMicroelectronics X-CUBE-IPS 3.1.0
2025-01-09 10:01:20,703 [INFO] ThirdParty:1030 - CMSIS Pack Vendor :STMicroelectronics X-CUBE-ALS 1.0.2
2025-01-09 10:01:20,703 [INFO] ThirdParty:1030 - CMSIS Pack Vendor :emotas I-CUBE-CANOPEN 1.3.0
2025-01-09 10:01:20,703 [INFO] ThirdParty:1030 - CMSIS Pack Vendor :STMicroelectronics X-CUBE-FREERTOS 1.3.0
2025-01-09 10:01:20,703 [INFO] ThirdParty:1030 - CMSIS Pack Vendor :wolfSSL I-CUBE-wolfSSL 5.7.4
2025-01-09 10:01:20,704 [INFO] ThirdParty:1030 - CMSIS Pack Vendor :STMicroelectronics X-CUBE-NFC7 1.0.1
2025-01-09 10:01:20,704 [INFO] ThirdParty:1030 - CMSIS Pack Vendor :STMicroelectronics MBEDTLS 2.14.1
2025-01-09 10:01:20,704 [INFO] ThirdParty:1030 - CMSIS Pack Vendor :ITTIA_DB I-CUBE-ITTIADB 8.9.0
2025-01-09 10:01:20,704 [INFO] ThirdParty:1030 - CMSIS Pack Vendor :STMicroelectronics X-CUBE-TOUCHGFX 4.24.2
2025-01-09 10:01:20,704 [INFO] ThirdParty:1030 - CMSIS Pack Vendor :wolfSSL I-CUBE-wolfTPM 3.4.0
2025-01-09 10:01:20,704 [INFO] ThirdParty:1030 - CMSIS Pack Vendor :portGmbH I-Cube-SoM-uGOAL 1.1.0
2025-01-09 10:01:20,704 [INFO] ThirdParty:1030 - CMSIS Pack Vendor :STMicroelectronics ThreadX 1.0.0
2025-01-09 10:01:20,704 [INFO] ThirdParty:1030 - CMSIS Pack Vendor :STMicroelectronics FP-SNS-SMARTAG2 1.2.0
2025-01-09 10:01:20,704 [INFO] ThirdParty:1030 - CMSIS Pack Vendor :STMicroelectronics X-CUBE-MEMS1 11.1.0
2025-01-09 10:01:20,704 [INFO] ThirdParty:1030 - CMSIS Pack Vendor :STMicroelectronics X-CUBE-AZRTOS-WL 2.0.0
2025-01-09 10:01:20,705 [INFO] ThirdParty:1030 - CMSIS Pack Vendor :SEGGER I-CUBE-embOS 1.3.1
2025-01-09 10:01:20,705 [INFO] ThirdParty:1030 - CMSIS Pack Vendor :STMicroelectronics X-CUBE-ALGOBUILD 1.4.0
2025-01-09 10:01:20,705 [INFO] ThirdParty:1030 - CMSIS Pack Vendor :STMicroelectronics FP-SNS-MOTENV1 5.0.0
2025-01-09 10:01:20,705 [INFO] ThirdParty:1030 - CMSIS Pack Vendor :STMicroelectronics USB_DEVICE 1.0.0
2025-01-09 10:01:20,705 [INFO] ThirdParty:1030 - CMSIS Pack Vendor :STMicroelectronics X-CUBE-AZRTOS-H7RS 1.0.0
2025-01-09 10:01:20,705 [INFO] ThirdParty:1030 - CMSIS Pack Vendor :wolfSSL I-CUBE-wolfMQTT 1.19.0
2025-01-09 10:01:20,705 [INFO] ThirdParty:1030 - CMSIS Pack Vendor :STMicroelectronics X-CUBE-AZRTOS-L4 2.0.0
2025-01-09 10:01:20,705 [INFO] ThirdParty:1030 - CMSIS Pack Vendor :STMicroelectronics ThreadX 0.0.2
2025-01-09 10:01:20,705 [INFO] ThirdParty:1030 - CMSIS Pack Vendor :WES I-CUBE-Cesium 1.3.0
2025-01-09 10:01:20,705 [INFO] ThirdParty:1030 - CMSIS Pack Vendor :STMicroelectronics lwIP 2.1.2
2025-01-09 10:01:20,706 [INFO] ThirdParty:1030 - CMSIS Pack Vendor :STMicroelectronics X-CUBE-SFXS2LP1 4.0.0
2025-01-09 10:01:20,706 [INFO] ThirdParty:1030 - CMSIS Pack Vendor :STMicroelectronics X-CUBE-BLE2 3.3.0
2025-01-09 10:01:20,706 [INFO] ThirdParty:1030 - CMSIS Pack Vendor :STMicroelectronics X-CUBE-TOF1 3.4.2
2025-01-09 10:01:20,706 [INFO] ThirdParty:1030 - CMSIS Pack Vendor :STMicroelectronics X-CUBE-AI 9.1.0
2025-01-09 10:01:20,706 [INFO] ThirdParty:1030 - CMSIS Pack Vendor :STMicroelectronics PDM2PCM 3.2.0
2025-01-09 10:01:20,706 [INFO] ThirdParty:1030 - CMSIS Pack Vendor :wolfSSL I-CUBE-wolfSSH 1.4.17
2025-01-09 10:01:20,706 [INFO] ThirdParty:841 - exiting critical section [change project]
2025-01-09 10:01:21,941 [INFO] PinOutPanel:1589 - setPackage(No Configuration,No Configuration)
2025-01-09 10:01:21,948 [INFO] PinOutPanel:1589 - setPackage(STM32F407VGTx,LQFP100)
2025-01-09 10:01:23,479 [INFO] UtilMem:75 - Before build in PCC Used Memory: 560934432 Bytes (722468864)
2025-01-09 10:01:26,430 [INFO] UtilMem:75 - After build in PCC Used Memory: 641148448 Bytes (722468864)
2025-01-09 10:01:26,572 [INFO] IPUIPlugin:80 - create IPUIPlugin
2025-01-09 10:01:26,573 [INFO] IPUIPlugin:80 - create IPUIPlugin
2025-01-09 10:01:26,573 [INFO] IPUIPlugin:80 - create IPUIPlugin
2025-01-09 10:01:26,574 [INFO] IPUIPlugin:80 - create IPUIPlugin
2025-01-09 10:01:26,574 [INFO] IPUIPlugin:80 - create IPUIPlugin
2025-01-09 10:01:26,576 [INFO] IPUIPlugin:80 - create IPUIPlugin
2025-01-09 10:01:26,577 [INFO] IPUIPlugin:80 - create IPUIPlugin
2025-01-09 10:01:26,578 [INFO] IPUIPlugin:80 - create IPUIPlugin
2025-01-09 10:01:26,580 [INFO] IPUIPlugin:80 - create IPUIPlugin
2025-01-09 10:01:26,581 [INFO] IPUIPlugin:80 - create IPUIPlugin
2025-01-09 10:01:26,581 [INFO] IPUIPlugin:80 - create IPUIPlugin
2025-01-09 10:01:26,596 [INFO] IPUIPlugin:80 - create IPUIPlugin
2025-01-09 10:01:26,598 [INFO] IPUIPlugin:80 - create IPUIPlugin
2025-01-09 10:01:26,600 [INFO] IPUIPlugin:80 - create IPUIPlugin
2025-01-09 10:01:26,601 [INFO] IPUIPlugin:80 - create IPUIPlugin
2025-01-09 10:01:26,601 [INFO] IPUIPlugin:80 - create IPUIPlugin
2025-01-09 10:01:26,602 [INFO] IPUIPlugin:80 - create IPUIPlugin
2025-01-09 10:01:26,602 [INFO] IPUIPlugin:80 - create IPUIPlugin
2025-01-09 10:01:26,603 [INFO] IPUIPlugin:80 - create IPUIPlugin
2025-01-09 10:01:26,604 [INFO] IPUIPlugin:80 - create IPUIPlugin
2025-01-09 10:01:26,604 [INFO] IPUIPlugin:80 - create IPUIPlugin
2025-01-09 10:01:26,605 [INFO] IPUIPlugin:80 - create IPUIPlugin
2025-01-09 10:01:26,606 [INFO] IPUIPlugin:80 - create IPUIPlugin
2025-01-09 10:01:26,607 [INFO] IPUIPlugin:80 - create IPUIPlugin
2025-01-09 10:01:26,608 [INFO] IPUIPlugin:80 - create IPUIPlugin
2025-01-09 10:01:26,608 [INFO] IPUIPlugin:80 - create IPUIPlugin
2025-01-09 10:01:26,609 [INFO] IPUIPlugin:80 - create IPUIPlugin
2025-01-09 10:01:26,610 [INFO] IPUIPlugin:80 - create IPUIPlugin
2025-01-09 10:01:26,612 [INFO] IPUIPlugin:80 - create IPUIPlugin
2025-01-09 10:01:26,613 [INFO] IPUIPlugin:80 - create IPUIPlugin
2025-01-09 10:01:26,614 [INFO] IPUIPlugin:80 - create IPUIPlugin
2025-01-09 10:01:26,614 [INFO] IPUIPlugin:80 - create IPUIPlugin
2025-01-09 10:01:26,615 [INFO] IPUIPlugin:80 - create IPUIPlugin
2025-01-09 10:01:26,616 [INFO] IPUIPlugin:80 - create IPUIPlugin
2025-01-09 10:01:26,617 [INFO] IPUIPlugin:80 - create IPUIPlugin
2025-01-09 10:01:26,618 [INFO] IPUIPlugin:80 - create IPUIPlugin
2025-01-09 10:01:26,618 [INFO] IPUIPlugin:80 - create IPUIPlugin
2025-01-09 10:01:26,619 [INFO] IPUIPlugin:80 - create IPUIPlugin
2025-01-09 10:01:26,620 [INFO] IPUIPlugin:80 - create IPUIPlugin
2025-01-09 10:01:26,621 [INFO] IPUIPlugin:80 - create IPUIPlugin
2025-01-09 10:01:26,622 [INFO] IPUIPlugin:80 - create IPUIPlugin
2025-01-09 10:01:26,622 [INFO] IPUIPlugin:80 - create IPUIPlugin
2025-01-09 10:01:26,623 [INFO] IPUIPlugin:80 - create IPUIPlugin
2025-01-09 10:01:26,624 [INFO] IPUIPlugin:80 - create IPUIPlugin
2025-01-09 10:01:26,624 [INFO] IPUIPlugin:80 - create IPUIPlugin
2025-01-09 10:01:26,625 [INFO] IPUIPlugin:80 - create IPUIPlugin
2025-01-09 10:01:26,626 [INFO] IPUIPlugin:80 - create IPUIPlugin
2025-01-09 10:01:26,629 [INFO] IPUIPlugin:80 - create IPUIPlugin
2025-01-09 10:01:26,630 [INFO] IPUIPlugin:80 - create IPUIPlugin
2025-01-09 10:01:26,631 [INFO] IPUIPlugin:80 - create IPUIPlugin
2025-01-09 10:01:26,632 [INFO] IPUIPlugin:80 - create IPUIPlugin
2025-01-09 10:01:26,633 [INFO] IPUIPlugin:80 - create IPUIPlugin
2025-01-09 10:01:26,761 [INFO] IPUIPlugin:80 - create IPUIPlugin
2025-01-09 10:01:26,762 [INFO] IPUIPlugin:80 - create IPUIPlugin
2025-01-09 10:01:26,763 [INFO] IPUIPlugin:80 - create IPUIPlugin
2025-01-09 10:01:26,765 [INFO] IPUIPlugin:80 - create IPUIPlugin
2025-01-09 10:01:26,766 [INFO] IPUIPlugin:80 - create IPUIPlugin
2025-01-09 10:01:26,767 [INFO] IPUIPlugin:80 - create IPUIPlugin
2025-01-09 10:01:27,219 [INFO] ApiDbMcu:508 - Load IP Config File for PDM2PCM
2025-01-09 10:01:29,486 [INFO] CADModel:165 - CPN selected for project levelSTM32F407VGT6
2025-01-09 10:01:29,487 [INFO] CADModel:114 - Register for checkConnection events
2025-01-09 10:01:29,663 [INFO] OpenFileManager:363 - Restore cursor
2025-01-09 10:01:44,817 [INFO] UtilMem:75 - End SaveConfig() Used Memory: 370267664 Bytes (722468864)
2025-01-09 10:02:05,560 [INFO] McuFinderGlobals:76 - Set McuFinderConnectedMode to true
2025-01-09 10:02:05,591 [INFO] ApiDb:448 - Save user favorites file C:\Users\User/.stm32cubeide/favorites.mcus.txt: 0 item(s)
2025-01-09 10:02:05,591 [INFO] ApiDb:452 - User favorites MCUs=[]
2025-01-09 10:02:05,597 [INFO] ApiDb:448 - Save user favorites file C:\Users\User/.stm32cubeide/favorites.boards.txt: 1 item(s)
2025-01-09 10:02:05,598 [INFO] ApiDb:452 - User favorites Boards=[STM32F407G-DISC1]
