2025-03-20 01:07:59,452 [ERROR] LogOutputStream:75 - [STDERR_REDIRECT] [Fatal Error] :95:11: XML document structures must start and end within the same entity.
2025-03-20 01:07:59,676 [ERROR] LogOutputStream:75 - [STDERR_REDIRECT] 
2025-03-20 01:07:59,757 [ERROR] LogOutputStream:75 - [STDERR_REDIRECT] [Fatal Error] :95:11: XML document structures must start and end within the same entity.
2025-03-20 01:07:59,758 [ERROR] LogOutputStream:75 - [STDERR_REDIRECT] 
2025-03-20 01:09:27,170 [ERROR] LogOutputStream:75 - [STDERR_REDIRECT] Artifact repository out of sync. Overwriting C:\ST\STM32CubeIDE_1.17.0\STM32CubeIDE\plugins\org.osgi.service.component.annotations_1.5.1.202212101352.jar
2025-03-20 01:09:27,177 [ERROR] LogOutputStream:75 - [STDERR_REDIRECT] Artifact repository out of sync. Overwriting C:\ST\STM32CubeIDE_1.17.0\STM32CubeIDE\plugins\jakarta.xml.bind_2.3.3.v20221203-1659.jar
2025-03-20 01:09:30,866 [ERROR] LogOutputStream:75 - [STDERR_REDIRECT] Artifact repository out of sync. Overwriting C:\ST\STM32CubeIDE_1.17.0\STM32CubeIDE\plugins\org.apache.httpcomponents.httpclient_4.5.14.v20230516-1249.jar
2025-03-20 01:09:31,650 [ERROR] LogOutputStream:75 - [STDERR_REDIRECT] Artifact repository out of sync. Overwriting C:\ST\STM32CubeIDE_1.17.0\STM32CubeIDE\plugins\com.google.guava_33.3.0.jre.jar
2025-03-20 01:09:31,659 [ERROR] LogOutputStream:75 - [STDERR_REDIRECT] Artifact repository out of sync. Overwriting C:\ST\STM32CubeIDE_1.17.0\STM32CubeIDE\plugins\com.ibm.icu_75.1.0.jar
2025-03-20 01:09:31,666 [ERROR] LogOutputStream:75 - [STDERR_REDIRECT] Artifact repository out of sync. Overwriting C:\ST\STM32CubeIDE_1.17.0\STM32CubeIDE\plugins\com.google.gson_2.11.0.jar
2025-03-20 01:09:31,674 [ERROR] LogOutputStream:75 - [STDERR_REDIRECT] Artifact repository out of sync. Overwriting C:\ST\STM32CubeIDE_1.17.0\STM32CubeIDE\plugins\org.apache.batik.constants_1.17.0.v20231215-1130.jar
2025-03-20 01:09:32,486 [ERROR] LogOutputStream:75 - [STDERR_REDIRECT] Artifact repository out of sync. Overwriting C:\ST\STM32CubeIDE_1.17.0\STM32CubeIDE\plugins\org.apache.batik.css_1.17.0.v20231215-1130.jar
2025-03-20 01:09:35,534 [ERROR] LogOutputStream:75 - [STDERR_REDIRECT] Artifact repository out of sync. Overwriting C:\ST\STM32CubeIDE_1.17.0\STM32CubeIDE\plugins\org.apache.batik.i18n_1.17.0.v20231215-1130.jar
2025-03-20 01:09:36,364 [ERROR] LogOutputStream:75 - [STDERR_REDIRECT] Artifact repository out of sync. Overwriting C:\ST\STM32CubeIDE_1.17.0\STM32CubeIDE\plugins\org.apache.batik.util_1.17.0.v20231215-1130.jar
2025-03-20 01:09:36,484 [ERROR] LogOutputStream:75 - [STDERR_REDIRECT] Artifact repository out of sync. Overwriting C:\ST\STM32CubeIDE_1.17.0\STM32CubeIDE\plugins\org.apache.felix.scr_2.2.12.jar
2025-03-20 01:09:36,914 [ERROR] LogOutputStream:75 - [STDERR_REDIRECT] Artifact repository out of sync. Overwriting C:\ST\STM32CubeIDE_1.17.0\STM32CubeIDE\plugins\org.apache.httpcomponents.client5.httpclient5_5.3.1.v20240126-0900.jar
2025-03-20 01:09:37,876 [ERROR] LogOutputStream:75 - [STDERR_REDIRECT] Artifact repository out of sync. Overwriting C:\ST\STM32CubeIDE_1.17.0\STM32CubeIDE\plugins\org.apache.httpcomponents.client5.httpclient5-win_5.2.3.v20231203-1619.jar
2025-03-20 01:09:38,849 [ERROR] LogOutputStream:75 - [STDERR_REDIRECT] Artifact repository out of sync. Overwriting C:\ST\STM32CubeIDE_1.17.0\STM32CubeIDE\plugins\org.apache.lucene.analysis-common_9.11.1.v20240628-1000.jar
2025-03-20 01:09:41,470 [ERROR] LogOutputStream:75 - [STDERR_REDIRECT] Artifact repository out of sync. Overwriting C:\ST\STM32CubeIDE_1.17.0\STM32CubeIDE\plugins\org.apache.lucene.analysis-smartcn_9.11.1.v20240628-1000.jar
2025-03-20 01:09:45,972 [ERROR] LogOutputStream:75 - [STDERR_REDIRECT] Artifact repository out of sync. Overwriting C:\ST\STM32CubeIDE_1.17.0\STM32CubeIDE\plugins\org.apache.lucene.core_9.11.1.v20240628-1000.jar
2025-03-20 01:09:47,031 [ERROR] LogOutputStream:75 - [STDERR_REDIRECT] Artifact repository out of sync. Overwriting C:\ST\STM32CubeIDE_1.17.0\STM32CubeIDE\plugins\org.eclipse.ant.core_3.7.400.v20240413-1529.jar
2025-03-20 01:09:47,572 [ERROR] LogOutputStream:75 - [STDERR_REDIRECT] Artifact repository out of sync. Overwriting C:\ST\STM32CubeIDE_1.17.0\STM32CubeIDE\plugins\org.eclipse.cdt_11.6.1.202406241230.jar
2025-03-20 01:09:48,515 [ERROR] LogOutputStream:75 - [STDERR_REDIRECT] Artifact repository out of sync. Overwriting C:\ST\STM32CubeIDE_1.17.0\STM32CubeIDE\plugins\org.eclipse.cdt.build.crossgcc_1.3.400.202402230238.jar
2025-03-20 01:09:49,460 [ERROR] LogOutputStream:75 - [STDERR_REDIRECT] Artifact repository out of sync. Overwriting C:\ST\STM32CubeIDE_1.17.0\STM32CubeIDE\plugins\org.eclipse.cdt.build.gcc.core_2.1.400.202402230238.jar
2025-03-20 01:09:49,997 [ERROR] LogOutputStream:75 - [STDERR_REDIRECT] Artifact repository out of sync. Overwriting C:\ST\STM32CubeIDE_1.17.0\STM32CubeIDE\plugins\org.eclipse.cdt.build.gcc.ui_1.2.200.202402230238.jar
2025-03-20 01:09:51,378 [ERROR] LogOutputStream:75 - [STDERR_REDIRECT] Artifact repository out of sync. Overwriting C:\ST\STM32CubeIDE_1.17.0\STM32CubeIDE\plugins\org.eclipse.cdt.codan.checkers_3.5.600.202405220202.jar
2025-03-20 01:09:52,731 [ERROR] LogOutputStream:75 - [STDERR_REDIRECT] Artifact repository out of sync. Overwriting C:\ST\STM32CubeIDE_1.17.0\STM32CubeIDE\plugins\org.eclipse.cdt.codan.checkers.ui_3.4.100.202402230238.jar
2025-03-20 01:09:53,208 [ERROR] LogOutputStream:75 - [STDERR_REDIRECT] Artifact repository out of sync. Overwriting C:\ST\STM32CubeIDE_1.17.0\STM32CubeIDE\plugins\org.eclipse.cdt.codan.core_4.2.200.202405171656.jar
2025-03-20 01:09:53,403 [ERROR] LogOutputStream:75 - [STDERR_REDIRECT] Artifact repository out of sync. Overwriting C:\ST\STM32CubeIDE_1.17.0\STM32CubeIDE\plugins\org.eclipse.cdt.codan.core.cxx_3.6.100.202402230238.jar
2025-03-20 01:09:53,883 [ERROR] LogOutputStream:75 - [STDERR_REDIRECT] Artifact repository out of sync. Overwriting C:\ST\STM32CubeIDE_1.17.0\STM32CubeIDE\plugins\org.eclipse.cdt.codan.ui_3.5.100.202402230238.jar
2025-03-20 01:09:54,676 [ERROR] LogOutputStream:75 - [STDERR_REDIRECT] Artifact repository out of sync. Overwriting C:\ST\STM32CubeIDE_1.17.0\STM32CubeIDE\plugins\org.eclipse.cdt.codan.ui.cxx_3.7.100.202402230238.jar
2025-03-20 01:09:57,175 [ERROR] LogOutputStream:75 - [STDERR_REDIRECT] Artifact repository out of sync. Overwriting C:\ST\STM32CubeIDE_1.17.0\STM32CubeIDE\plugins\org.eclipse.cdt.core_8.4.201.202406290148.jar
2025-03-20 01:09:57,259 [ERROR] LogOutputStream:75 - [STDERR_REDIRECT] Artifact repository out of sync. Overwriting C:\ST\STM32CubeIDE_1.17.0\STM32CubeIDE\plugins\org.eclipse.cdt.core.native_6.3.401.202406290147.jar
2025-03-20 01:09:57,612 [ERROR] LogOutputStream:75 - [STDERR_REDIRECT] Artifact repository out of sync. Overwriting C:\ST\STM32CubeIDE_1.17.0\STM32CubeIDE\plugins\org.eclipse.cdt.core.win32_6.1.100.202402230238.jar
2025-03-20 01:09:57,637 [ERROR] LogOutputStream:75 - [STDERR_REDIRECT] Artifact repository out of sync. Overwriting C:\ST\STM32CubeIDE_1.17.0\STM32CubeIDE\plugins\org.eclipse.cdt.core.win32.x86_64_11.6.1.202407022008
2025-03-20 01:09:58,577 [ERROR] LogOutputStream:75 - [STDERR_REDIRECT] Artifact repository out of sync. Overwriting C:\ST\STM32CubeIDE_1.17.0\STM32CubeIDE\plugins\org.eclipse.cdt.debug.core_8.8.400.202402230238.jar
2025-03-20 01:10:02,072 [ERROR] LogOutputStream:75 - [STDERR_REDIRECT] Artifact repository out of sync. Overwriting C:\ST\STM32CubeIDE_1.17.0\STM32CubeIDE\plugins\org.eclipse.cdt.debug.core.memory_0.2.100.202402230238.jar
2025-03-20 01:10:02,983 [ERROR] LogOutputStream:75 - [STDERR_REDIRECT] Artifact repository out of sync. Overwriting C:\ST\STM32CubeIDE_1.17.0\STM32CubeIDE\plugins\org.eclipse.cdt.debug.gdbjtag_7.1.200.202402230238.jar
2025-03-20 01:10:03,276 [ERROR] LogOutputStream:75 - [STDERR_REDIRECT] Artifact repository out of sync. Overwriting C:\ST\STM32CubeIDE_1.17.0\STM32CubeIDE\plugins\org.eclipse.cdt.debug.gdbjtag.core_10.8.200.202402230238.jar
2025-03-20 01:10:03,907 [ERROR] LogOutputStream:75 - [STDERR_REDIRECT] Artifact repository out of sync. Overwriting C:\ST\STM32CubeIDE_1.17.0\STM32CubeIDE\plugins\org.eclipse.cdt.debug.gdbjtag.ui_9.1.100.202402230238.jar
2025-03-20 01:10:04,169 [ERROR] LogOutputStream:75 - [STDERR_REDIRECT] Artifact repository out of sync. Overwriting C:\ST\STM32CubeIDE_1.17.0\STM32CubeIDE\plugins\org.eclipse.cdt.debug.ui_8.5.500.202402230238.jar
2025-03-20 01:10:04,807 [ERROR] LogOutputStream:75 - [STDERR_REDIRECT] Artifact repository out of sync. Overwriting C:\ST\STM32CubeIDE_1.17.0\STM32CubeIDE\plugins\org.eclipse.cdt.debug.ui.memory.floatingpoint_1.2.100.202312272306.jar
2025-03-20 01:10:05,511 [ERROR] LogOutputStream:75 - [STDERR_REDIRECT] Artifact repository out of sync. Overwriting C:\ST\STM32CubeIDE_1.17.0\STM32CubeIDE\plugins\org.eclipse.cdt.debug.ui.memory.memorybrowser_1.5.200.202402230238.jar
2025-03-20 01:10:05,716 [ERROR] LogOutputStream:75 - [STDERR_REDIRECT] Artifact repository out of sync. Overwriting C:\ST\STM32CubeIDE_1.17.0\STM32CubeIDE\plugins\org.eclipse.cdt.debug.ui.memory.search_1.5.300.202402230238.jar
2025-03-20 01:10:05,923 [ERROR] LogOutputStream:75 - [STDERR_REDIRECT] Artifact repository out of sync. Overwriting C:\ST\STM32CubeIDE_1.17.0\STM32CubeIDE\plugins\org.eclipse.cdt.debug.ui.memory.traditional_1.7.100.202312272306.jar
2025-03-20 01:10:06,205 [ERROR] LogOutputStream:75 - [STDERR_REDIRECT] Artifact repository out of sync. Overwriting C:\ST\STM32CubeIDE_1.17.0\STM32CubeIDE\plugins\org.eclipse.cdt.debug.ui.memory.transport_2.3.300.202312281935.jar
2025-03-20 01:10:06,638 [ERROR] LogOutputStream:75 - [STDERR_REDIRECT] Artifact repository out of sync. Overwriting C:\ST\STM32CubeIDE_1.17.0\STM32CubeIDE\plugins\org.eclipse.cdt.dsf_2.12.100.202402230238.jar
2025-03-20 01:10:06,645 [ERROR] LogOutputStream:75 - [STDERR_REDIRECT] Artifact repository out of sync. Overwriting C:\ST\STM32CubeIDE_1.17.0\STM32CubeIDE\plugins\org.eclipse.cdt.doc.user_11.6.1.202406241230.jar
2025-03-20 01:10:06,964 [ERROR] LogOutputStream:75 - [STDERR_REDIRECT] Artifact repository out of sync. Overwriting C:\ST\STM32CubeIDE_1.17.0\STM32CubeIDE\plugins\org.eclipse.cdt.dsf.gdb_7.1.300.202312272342.jar
2025-03-20 01:10:07,052 [ERROR] LogOutputStream:75 - [STDERR_REDIRECT] Artifact repository out of sync. Overwriting C:\ST\STM32CubeIDE_1.17.0\STM32CubeIDE\plugins\org.eclipse.cdt.dsf.gdb.ui_2.8.400.202402230238.jar
2025-03-20 01:10:07,982 [ERROR] LogOutputStream:75 - [STDERR_REDIRECT] Artifact repository out of sync. Overwriting C:\ST\STM32CubeIDE_1.17.0\STM32CubeIDE\plugins\org.eclipse.cdt.dsf.ui_2.7.300.202402230238.jar
2025-03-20 01:10:08,555 [ERROR] LogOutputStream:75 - [STDERR_REDIRECT] Artifact repository out of sync. Overwriting C:\ST\STM32CubeIDE_1.17.0\STM32CubeIDE\plugins\org.eclipse.cdt.flatpak.launcher_1.1.200.202402230238.jar
2025-03-20 01:10:11,979 [ERROR] LogOutputStream:75 - [STDERR_REDIRECT] Artifact repository out of sync. Overwriting C:\ST\STM32CubeIDE_1.17.0\STM32CubeIDE\plugins\org.eclipse.cdt.gdb_7.2.200.202402230238.jar
2025-03-20 01:10:12,612 [ERROR] LogOutputStream:75 - [STDERR_REDIRECT] Artifact repository out of sync. Overwriting C:\ST\STM32CubeIDE_1.17.0\STM32CubeIDE\plugins\org.eclipse.cdt.gdb.ui_7.2.100.202402230238.jar
2025-03-20 01:10:13,042 [ERROR] LogOutputStream:75 - [STDERR_REDIRECT] Artifact repository out of sync. Overwriting C:\ST\STM32CubeIDE_1.17.0\STM32CubeIDE\plugins\org.eclipse.cdt.launch_10.4.400.202402230238.jar
2025-03-20 01:10:13,141 [ERROR] LogOutputStream:75 - [STDERR_REDIRECT] Artifact repository out of sync. Overwriting C:\ST\STM32CubeIDE_1.17.0\STM32CubeIDE\plugins\org.eclipse.cdt.launch.remote_2.7.200.202402230238.jar
2025-03-20 01:10:13,291 [ERROR] LogOutputStream:75 - [STDERR_REDIRECT] Artifact repository out of sync. Overwriting C:\ST\STM32CubeIDE_1.17.0\STM32CubeIDE\plugins\org.eclipse.cdt.make.core_7.6.500.202402230238.jar
2025-03-20 01:10:13,510 [ERROR] LogOutputStream:75 - [STDERR_REDIRECT] Artifact repository out of sync. Overwriting C:\ST\STM32CubeIDE_1.17.0\STM32CubeIDE\plugins\org.eclipse.cdt.make.ui_8.3.100.202405301325.jar
2025-03-20 01:10:13,682 [ERROR] LogOutputStream:75 - [STDERR_REDIRECT] Artifact repository out of sync. Overwriting C:\ST\STM32CubeIDE_1.17.0\STM32CubeIDE\plugins\org.eclipse.cdt.managedbuilder.core_9.7.0.202405161606.jar
2025-03-20 01:10:14,161 [ERROR] LogOutputStream:75 - [STDERR_REDIRECT] Artifact repository out of sync. Overwriting C:\ST\STM32CubeIDE_1.17.0\STM32CubeIDE\plugins\org.eclipse.cdt.managedbuilder.gnu.ui_8.7.100.202405281925.jar
2025-03-20 01:10:14,425 [ERROR] LogOutputStream:75 - [STDERR_REDIRECT] Artifact repository out of sync. Overwriting C:\ST\STM32CubeIDE_1.17.0\STM32CubeIDE\plugins\org.eclipse.cdt.managedbuilder.headlessbuilderapp_1.1.100.202402230238.jar
2025-03-20 01:10:14,644 [ERROR] LogOutputStream:75 - [STDERR_REDIRECT] Artifact repository out of sync. Overwriting C:\ST\STM32CubeIDE_1.17.0\STM32CubeIDE\plugins\org.eclipse.cdt.managedbuilder.ui_9.4.201.202406282354.jar
2025-03-20 01:10:14,905 [ERROR] LogOutputStream:75 - [STDERR_REDIRECT] Artifact repository out of sync. Overwriting C:\ST\STM32CubeIDE_1.17.0\STM32CubeIDE\plugins\org.eclipse.cdt.native.serial_11.6.1.202407022008.jar
2025-03-20 01:10:15,045 [ERROR] LogOutputStream:75 - [STDERR_REDIRECT] Artifact repository out of sync. Overwriting C:\ST\STM32CubeIDE_1.17.0\STM32CubeIDE\plugins\org.eclipse.cdt.platform.branding_11.6.1.202406241230.jar
2025-03-20 01:10:15,072 [ERROR] LogOutputStream:75 - [STDERR_REDIRECT] Artifact repository out of sync. Overwriting C:\ST\STM32CubeIDE_1.17.0\STM32CubeIDE\plugins\org.eclipse.cdt.ui_8.1.500.202405311716.jar
2025-03-20 01:10:15,689 [ERROR] LogOutputStream:75 - [STDERR_REDIRECT] Artifact repository out of sync. Overwriting C:\ST\STM32CubeIDE_1.17.0\STM32CubeIDE\plugins\org.eclipse.compare_3.11.100.v20240810-1416.jar
2025-03-20 01:10:15,954 [ERROR] LogOutputStream:75 - [STDERR_REDIRECT] Artifact repository out of sync. Overwriting C:\ST\STM32CubeIDE_1.17.0\STM32CubeIDE\plugins\org.eclipse.compare.core_3.8.500.v20240524-2010.jar
2025-03-20 01:10:15,997 [ERROR] LogOutputStream:75 - [STDERR_REDIRECT] Artifact repository out of sync. Overwriting C:\ST\STM32CubeIDE_1.17.0\STM32CubeIDE\plugins\org.eclipse.compare.win32_1.3.400.v20240514-1716.jar
2025-03-20 01:10:18,921 [ERROR] LogOutputStream:75 - [STDERR_REDIRECT] Artifact repository out of sync. Overwriting C:\ST\STM32CubeIDE_1.17.0\STM32CubeIDE\plugins\org.eclipse.core.commands_3.12.200.v20240627-1019.jar
2025-03-20 01:10:19,144 [ERROR] LogOutputStream:75 - [STDERR_REDIRECT] Artifact repository out of sync. Overwriting C:\ST\STM32CubeIDE_1.17.0\STM32CubeIDE\plugins\org.eclipse.core.databinding_1.13.300.v20240424-0444.jar
2025-03-20 01:10:19,151 [ERROR] LogOutputStream:75 - [STDERR_REDIRECT] Artifact repository out of sync. Overwriting C:\ST\STM32CubeIDE_1.17.0\STM32CubeIDE\plugins\org.eclipse.core.contenttype_3.9.500.v20240708-0707.jar
2025-03-20 01:10:19,854 [ERROR] LogOutputStream:75 - [STDERR_REDIRECT] Artifact repository out of sync. Overwriting C:\ST\STM32CubeIDE_1.17.0\STM32CubeIDE\plugins\org.eclipse.core.databinding.beans_1.10.300.v20240321-1245.jar
2025-03-20 01:10:19,860 [ERROR] LogOutputStream:75 - [STDERR_REDIRECT] Artifact repository out of sync. Overwriting C:\ST\STM32CubeIDE_1.17.0\STM32CubeIDE\plugins\org.eclipse.core.databinding.observable_1.13.300.v20240424-0444.jar
2025-03-20 01:10:20,005 [ERROR] LogOutputStream:75 - [STDERR_REDIRECT] Artifact repository out of sync. Overwriting C:\ST\STM32CubeIDE_1.17.0\STM32CubeIDE\plugins\org.eclipse.core.databinding.property_1.10.300.v20240424-0444.jar
2025-03-20 01:10:20,261 [ERROR] LogOutputStream:75 - [STDERR_REDIRECT] Artifact repository out of sync. Overwriting C:\ST\STM32CubeIDE_1.17.0\STM32CubeIDE\plugins\org.eclipse.core.expressions_3.9.400.v20240413-1529.jar
2025-03-20 01:10:20,417 [ERROR] LogOutputStream:75 - [STDERR_REDIRECT] Artifact repository out of sync. Overwriting C:\ST\STM32CubeIDE_1.17.0\STM32CubeIDE\plugins\org.eclipse.core.externaltools_1.3.400.v20240413-1529.jar
2025-03-20 01:10:20,509 [ERROR] LogOutputStream:75 - [STDERR_REDIRECT] Artifact repository out of sync. Overwriting C:\ST\STM32CubeIDE_1.17.0\STM32CubeIDE\plugins\org.eclipse.core.filebuffers_3.8.300.v20240207-1054.jar
2025-03-20 01:10:20,650 [ERROR] LogOutputStream:75 - [STDERR_REDIRECT] Artifact repository out of sync. Overwriting C:\ST\STM32CubeIDE_1.17.0\STM32CubeIDE\plugins\org.eclipse.core.filesystem_1.11.0.v20240824-0952.jar
2025-03-20 01:10:20,821 [ERROR] LogOutputStream:75 - [STDERR_REDIRECT] Artifact repository out of sync. Overwriting C:\ST\STM32CubeIDE_1.17.0\STM32CubeIDE\plugins\org.eclipse.core.jobs_3.15.400.v20240619-0602.jar
2025-03-20 01:10:21,024 [ERROR] LogOutputStream:75 - [STDERR_REDIRECT] Artifact repository out of sync. Overwriting C:\ST\STM32CubeIDE_1.17.0\STM32CubeIDE\plugins\org.eclipse.core.net_1.5.500.v20240625-1706.jar
2025-03-20 01:10:21,239 [ERROR] LogOutputStream:75 - [STDERR_REDIRECT] Artifact repository out of sync. Overwriting C:\ST\STM32CubeIDE_1.17.0\STM32CubeIDE\plugins\org.eclipse.core.resources_3.21.0.v20240805-1607.jar
2025-03-20 01:10:21,340 [ERROR] LogOutputStream:75 - [STDERR_REDIRECT] Artifact repository out of sync. Overwriting C:\ST\STM32CubeIDE_1.17.0\STM32CubeIDE\plugins\org.eclipse.core.runtime_3.31.100.v20240524-2010.jar
2025-03-20 01:10:21,416 [ERROR] LogOutputStream:75 - [STDERR_REDIRECT] Artifact repository out of sync. Overwriting C:\ST\STM32CubeIDE_1.17.0\STM32CubeIDE\plugins\org.eclipse.debug.core_3.21.500.v20240801-2219.jar
2025-03-20 01:10:21,425 [ERROR] LogOutputStream:75 - [STDERR_REDIRECT] Artifact repository out of sync. Overwriting C:\ST\STM32CubeIDE_1.17.0\STM32CubeIDE\plugins\org.eclipse.core.variables_3.6.500.v20240702-1152.jar
2025-03-20 01:10:22,029 [ERROR] LogOutputStream:75 - [STDERR_REDIRECT] Artifact repository out of sync. Overwriting C:\ST\STM32CubeIDE_1.17.0\STM32CubeIDE\plugins\org.eclipse.debug.ui_3.18.500.v20240621-0541.jar
2025-03-20 01:10:22,468 [ERROR] LogOutputStream:75 - [STDERR_REDIRECT] Artifact repository out of sync. Overwriting C:\ST\STM32CubeIDE_1.17.0\STM32CubeIDE\plugins\org.eclipse.debug.ui.launchview_1.1.500.v20240415-0528.jar
2025-03-20 01:10:22,689 [ERROR] LogOutputStream:75 - [STDERR_REDIRECT] Artifact repository out of sync. Overwriting C:\ST\STM32CubeIDE_1.17.0\STM32CubeIDE\plugins\org.eclipse.e4.core.commands_1.1.400.v20240424-0444.jar
2025-03-20 01:10:23,268 [ERROR] LogOutputStream:75 - [STDERR_REDIRECT] Artifact repository out of sync. Overwriting C:\ST\STM32CubeIDE_1.17.0\STM32CubeIDE\plugins\org.eclipse.e4.core.contexts_1.12.600.v20240413-1529.jar
2025-03-20 01:10:23,505 [ERROR] LogOutputStream:75 - [STDERR_REDIRECT] Artifact repository out of sync. Overwriting C:\ST\STM32CubeIDE_1.17.0\STM32CubeIDE\plugins\org.eclipse.e4.core.di_1.9.500.v20240606-1236.jar
2025-03-20 01:10:23,682 [ERROR] LogOutputStream:75 - [STDERR_REDIRECT] Artifact repository out of sync. Overwriting C:\ST\STM32CubeIDE_1.17.0\STM32CubeIDE\plugins\org.eclipse.e4.core.di.annotations_1.8.400.v20240413-1529.jar
2025-03-20 01:10:23,822 [ERROR] LogOutputStream:75 - [STDERR_REDIRECT] Artifact repository out of sync. Overwriting C:\ST\STM32CubeIDE_1.17.0\STM32CubeIDE\plugins\org.eclipse.e4.core.di.extensions_0.18.300.v20240413-1529.jar
2025-03-20 01:10:24,190 [ERROR] LogOutputStream:75 - [STDERR_REDIRECT] Artifact repository out of sync. Overwriting C:\ST\STM32CubeIDE_1.17.0\STM32CubeIDE\plugins\org.eclipse.e4.core.di.extensions.supplier_0.17.500.v20240419-1233.jar
2025-03-20 01:10:24,414 [ERROR] LogOutputStream:75 - [STDERR_REDIRECT] Artifact repository out of sync. Overwriting C:\ST\STM32CubeIDE_1.17.0\STM32CubeIDE\plugins\org.eclipse.e4.emf.xpath_0.4.300.v20240321-1245.jar
2025-03-20 01:10:24,421 [ERROR] LogOutputStream:75 - [STDERR_REDIRECT] Artifact repository out of sync. Overwriting C:\ST\STM32CubeIDE_1.17.0\STM32CubeIDE\plugins\org.eclipse.e4.core.services_2.4.400.v20240413-1529.jar
2025-03-20 01:10:25,182 [ERROR] LogOutputStream:75 - [STDERR_REDIRECT] Artifact repository out of sync. Overwriting C:\ST\STM32CubeIDE_1.17.0\STM32CubeIDE\plugins\org.eclipse.e4.ui.bindings_0.14.400.v20240321-1245.jar
2025-03-20 01:10:25,411 [ERROR] LogOutputStream:75 - [STDERR_REDIRECT] Artifact repository out of sync. Overwriting C:\ST\STM32CubeIDE_1.17.0\STM32CubeIDE\plugins\org.eclipse.e4.ui.css.core_0.14.500.v20240606-0949.jar
2025-03-20 01:10:26,144 [ERROR] LogOutputStream:75 - [STDERR_REDIRECT] Artifact repository out of sync. Overwriting C:\ST\STM32CubeIDE_1.17.0\STM32CubeIDE\plugins\org.eclipse.e4.ui.css.swt_0.15.400.v20240321-1245.jar
2025-03-20 01:10:26,260 [ERROR] LogOutputStream:75 - [STDERR_REDIRECT] Artifact repository out of sync. Overwriting C:\ST\STM32CubeIDE_1.17.0\STM32CubeIDE\plugins\org.eclipse.e4.ui.css.swt.theme_0.14.400.v20240424-0956.jar
2025-03-20 01:10:26,411 [ERROR] LogOutputStream:75 - [STDERR_REDIRECT] Artifact repository out of sync. Overwriting C:\ST\STM32CubeIDE_1.17.0\STM32CubeIDE\plugins\org.eclipse.e4.ui.di_1.5.400.v20240321-1245.jar
2025-03-20 01:10:27,096 [ERROR] LogOutputStream:75 - [STDERR_REDIRECT] Artifact repository out of sync. Overwriting C:\ST\STM32CubeIDE_1.17.0\STM32CubeIDE\plugins\org.eclipse.e4.ui.dialogs_1.5.0.v20240424-0957.jar
2025-03-20 01:10:27,102 [ERROR] LogOutputStream:75 - [STDERR_REDIRECT] Artifact repository out of sync. Overwriting C:\ST\STM32CubeIDE_1.17.0\STM32CubeIDE\plugins\org.eclipse.e4.ui.ide_3.17.200.v20231201-1637.jar
2025-03-20 01:10:27,210 [ERROR] LogOutputStream:75 - [STDERR_REDIRECT] Artifact repository out of sync. Overwriting C:\ST\STM32CubeIDE_1.17.0\STM32CubeIDE\plugins\org.eclipse.e4.ui.model.workbench_2.4.300.v20240321-1245.jar
2025-03-20 01:10:27,224 [ERROR] LogOutputStream:75 - [STDERR_REDIRECT] Artifact repository out of sync. Overwriting C:\ST\STM32CubeIDE_1.17.0\STM32CubeIDE\plugins\org.eclipse.e4.ui.progress_0.4.600.v20240606-1020.jar
2025-03-20 01:10:27,636 [ERROR] LogOutputStream:75 - [STDERR_REDIRECT] Artifact repository out of sync. Overwriting C:\ST\STM32CubeIDE_1.17.0\STM32CubeIDE\plugins\org.eclipse.e4.ui.services_1.6.300.v20231201-1637.jar
2025-03-20 01:10:27,701 [ERROR] LogOutputStream:75 - [STDERR_REDIRECT] Artifact repository out of sync. Overwriting C:\ST\STM32CubeIDE_1.17.0\STM32CubeIDE\plugins\org.eclipse.e4.ui.swt.win32_1.2.300.v20240416-0658.jar
2025-03-20 01:10:27,980 [ERROR] LogOutputStream:75 - [STDERR_REDIRECT] Artifact repository out of sync. Overwriting C:\ST\STM32CubeIDE_1.17.0\STM32CubeIDE\plugins\org.eclipse.e4.ui.widgets_1.4.200.v20240801-0837.jar
2025-03-20 01:10:28,467 [ERROR] LogOutputStream:75 - [STDERR_REDIRECT] Artifact repository out of sync. Overwriting C:\ST\STM32CubeIDE_1.17.0\STM32CubeIDE\plugins\org.eclipse.e4.ui.workbench_1.15.500.v20240730-1919.jar
2025-03-20 01:10:28,867 [ERROR] LogOutputStream:75 - [STDERR_REDIRECT] Artifact repository out of sync. Overwriting C:\ST\STM32CubeIDE_1.17.0\STM32CubeIDE\plugins\org.eclipse.e4.ui.workbench.addons.swt_1.5.500.v20240620-1945.jar
2025-03-20 01:10:28,878 [ERROR] LogOutputStream:75 - [STDERR_REDIRECT] Artifact repository out of sync. Overwriting C:\ST\STM32CubeIDE_1.17.0\STM32CubeIDE\plugins\org.eclipse.e4.ui.workbench.renderers.swt_0.16.500.v20240727-1037.jar
2025-03-20 01:10:28,885 [ERROR] LogOutputStream:75 - [STDERR_REDIRECT] Artifact repository out of sync. Overwriting C:\ST\STM32CubeIDE_1.17.0\STM32CubeIDE\plugins\org.eclipse.e4.ui.workbench.swt_0.17.500.v20240807-0911.jar
2025-03-20 01:10:29,591 [ERROR] LogOutputStream:75 - [STDERR_REDIRECT] Artifact repository out of sync. Overwriting C:\ST\STM32CubeIDE_1.17.0\STM32CubeIDE\plugins\org.eclipse.e4.ui.workbench3_0.17.400.v20240321-1245.jar
2025-03-20 01:10:29,793 [ERROR] LogOutputStream:75 - [STDERR_REDIRECT] Artifact repository out of sync. Overwriting C:\ST\STM32CubeIDE_1.17.0\STM32CubeIDE\plugins\org.eclipse.ecf_3.11.0.v20240812-1535.jar
2025-03-20 01:10:29,801 [ERROR] LogOutputStream:75 - [STDERR_REDIRECT] Artifact repository out of sync. Overwriting C:\ST\STM32CubeIDE_1.17.0\STM32CubeIDE\plugins\org.eclipse.ecf.identity_3.10.0.v20240812-1535.jar
2025-03-20 01:10:29,915 [ERROR] LogOutputStream:75 - [STDERR_REDIRECT] Artifact repository out of sync. Overwriting C:\ST\STM32CubeIDE_1.17.0\STM32CubeIDE\plugins\org.eclipse.ecf.provider.filetransfer_3.3.0.v20240812-1535.jar
2025-03-20 01:10:30,156 [ERROR] LogOutputStream:75 - [STDERR_REDIRECT] Artifact repository out of sync. Overwriting C:\ST\STM32CubeIDE_1.17.0\STM32CubeIDE\plugins\org.eclipse.ecf.provider.filetransfer.httpclient5_1.1.100.v20240808-1900.jar
2025-03-20 01:10:30,501 [ERROR] LogOutputStream:75 - [STDERR_REDIRECT] Artifact repository out of sync. Overwriting C:\ST\STM32CubeIDE_1.17.0\STM32CubeIDE\plugins\org.eclipse.ecf.provider.filetransfer.httpclient5.win32_1.1.100.v20240808-1900.jar
2025-03-20 01:10:30,520 [ERROR] LogOutputStream:75 - [STDERR_REDIRECT] Artifact repository out of sync. Overwriting C:\ST\STM32CubeIDE_1.17.0\STM32CubeIDE\plugins\org.eclipse.ecf.provider.filetransfer.ssl_1.1.0.v20240812-1535.jar
2025-03-20 01:10:30,529 [ERROR] LogOutputStream:75 - [STDERR_REDIRECT] Artifact repository out of sync. Overwriting C:\ST\STM32CubeIDE_1.17.0\STM32CubeIDE\plugins\org.eclipse.ecf.provider.filetransfer.httpclientjava_2.0.300.v20240808-1900.jar
2025-03-20 01:10:30,775 [ERROR] LogOutputStream:75 - [STDERR_REDIRECT] Artifact repository out of sync. Overwriting C:\ST\STM32CubeIDE_1.17.0\STM32CubeIDE\plugins\org.eclipse.ecf.ssl_1.3.100.v20240812-1535.jar
2025-03-20 01:10:31,183 [ERROR] LogOutputStream:75 - [STDERR_REDIRECT] Artifact repository out of sync. Overwriting C:\ST\STM32CubeIDE_1.17.0\STM32CubeIDE\plugins\org.eclipse.emf.common_2.31.0.v20240731-0952.jar
2025-03-20 01:10:31,233 [ERROR] LogOutputStream:75 - [STDERR_REDIRECT] Artifact repository out of sync. Overwriting C:\ST\STM32CubeIDE_1.17.0\STM32CubeIDE\plugins\org.eclipse.emf.ecore_2.37.0.v20240721-0802.jar
2025-03-20 01:10:31,341 [ERROR] LogOutputStream:75 - [STDERR_REDIRECT] Artifact repository out of sync. Overwriting C:\ST\STM32CubeIDE_1.17.0\STM32CubeIDE\plugins\org.eclipse.emf.ecore.change_2.17.0.v20240604-0832.jar
2025-03-20 01:10:31,699 [ERROR] LogOutputStream:75 - [STDERR_REDIRECT] Artifact repository out of sync. Overwriting C:\ST\STM32CubeIDE_1.17.0\STM32CubeIDE\plugins\org.eclipse.emf.ecore.xmi_2.38.0.v20240721-0634.jar
2025-03-20 01:10:31,788 [ERROR] LogOutputStream:75 - [STDERR_REDIRECT] Artifact repository out of sync. Overwriting C:\ST\STM32CubeIDE_1.17.0\STM32CubeIDE\plugins\org.eclipse.epp.mpc.core_1.11.0.v20240709-1650.jar
2025-03-20 01:10:33,352 [ERROR] LogOutputStream:75 - [STDERR_REDIRECT] Artifact repository out of sync. Overwriting C:\ST\STM32CubeIDE_1.17.0\STM32CubeIDE\plugins\org.eclipse.epp.mpc.core.win32_1.11.0.v20240709-0639.jar
2025-03-20 01:10:33,464 [ERROR] LogOutputStream:75 - [STDERR_REDIRECT] Artifact repository out of sync. Overwriting C:\ST\STM32CubeIDE_1.17.0\STM32CubeIDE\plugins\org.eclipse.epp.mpc.ui_1.11.0.v20240709-0639.jar
2025-03-20 01:10:33,480 [ERROR] LogOutputStream:75 - [STDERR_REDIRECT] Artifact repository out of sync. Overwriting C:\ST\STM32CubeIDE_1.17.0\STM32CubeIDE\plugins\org.eclipse.epp.mpc.help.ui_1.11.0.v20240709-0639.jar
2025-03-20 01:10:33,655 [ERROR] LogOutputStream:75 - [STDERR_REDIRECT] Artifact repository out of sync. Overwriting C:\ST\STM32CubeIDE_1.17.0\STM32CubeIDE\plugins\org.eclipse.epp.mpc.ui.css_1.11.0.v20240709-0639.jar
2025-03-20 01:10:34,050 [ERROR] LogOutputStream:75 - [STDERR_REDIRECT] Artifact repository out of sync. Overwriting C:\ST\STM32CubeIDE_1.17.0\STM32CubeIDE\plugins\org.eclipse.equinox.app_1.7.200.v20240722-2103.jar
2025-03-20 01:10:34,136 [ERROR] LogOutputStream:75 - [STDERR_REDIRECT] Artifact repository out of sync. Overwriting C:\ST\STM32CubeIDE_1.17.0\STM32CubeIDE\plugins\org.eclipse.equinox.bidi_1.5.100.v20240321-1445.jar
2025-03-20 01:10:34,463 [ERROR] LogOutputStream:75 - [STDERR_REDIRECT] Artifact repository out of sync. Overwriting C:\ST\STM32CubeIDE_1.17.0\STM32CubeIDE\plugins\org.eclipse.equinox.common_3.19.100.v20240524-2011.jar
2025-03-20 01:10:34,471 [ERROR] LogOutputStream:75 - [STDERR_REDIRECT] Artifact repository out of sync. Overwriting C:\ST\STM32CubeIDE_1.17.0\STM32CubeIDE\plugins\org.eclipse.equinox.concurrent_1.3.100.v20240514-0729.jar
2025-03-20 01:10:34,478 [ERROR] LogOutputStream:75 - [STDERR_REDIRECT] Artifact repository out of sync. Overwriting C:\ST\STM32CubeIDE_1.17.0\STM32CubeIDE\plugins\org.eclipse.equinox.console_1.4.800.v20240513-1104.jar
2025-03-20 01:10:34,563 [ERROR] LogOutputStream:75 - [STDERR_REDIRECT] Artifact repository out of sync. Overwriting C:\ST\STM32CubeIDE_1.17.0\STM32CubeIDE\plugins\org.eclipse.equinox.event_1.7.100.v20240321-1445.jar
2025-03-20 01:10:34,846 [ERROR] LogOutputStream:75 - [STDERR_REDIRECT] Artifact repository out of sync. Overwriting C:\ST\STM32CubeIDE_1.17.0\STM32CubeIDE\plugins\org.eclipse.equinox.frameworkadmin_2.3.200.v20240321-1450.jar
2025-03-20 01:10:34,889 [ERROR] LogOutputStream:75 - [STDERR_REDIRECT] Artifact repository out of sync. Overwriting C:\ST\STM32CubeIDE_1.17.0\STM32CubeIDE\plugins\org.eclipse.equinox.frameworkadmin.equinox_1.3.200.v20240321-1450.jar
2025-03-20 01:10:35,239 [ERROR] LogOutputStream:75 - [STDERR_REDIRECT] Artifact repository out of sync. Overwriting C:\ST\STM32CubeIDE_1.17.0\STM32CubeIDE\plugins\org.eclipse.equinox.http.jetty_3.9.200.v20240321-1445.jar
2025-03-20 01:10:35,323 [ERROR] LogOutputStream:75 - [STDERR_REDIRECT] Artifact repository out of sync. Overwriting C:\ST\STM32CubeIDE_1.17.0\STM32CubeIDE\plugins\org.eclipse.equinox.http.registry_1.4.100.v20240321-1445.jar
2025-03-20 01:10:37,280 [ERROR] LogOutputStream:75 - [STDERR_REDIRECT] Artifact repository out of sync. Overwriting C:\ST\STM32CubeIDE_1.17.0\STM32CubeIDE\plugins\org.eclipse.equinox.http.servlet_1.8.200.v20240321-1445.jar
2025-03-20 01:10:37,368 [ERROR] LogOutputStream:75 - [STDERR_REDIRECT] Artifact repository out of sync. Overwriting C:\ST\STM32CubeIDE_1.17.0\STM32CubeIDE\plugins\org.eclipse.equinox.jsp.jasper_1.2.100.v20240321-1445.jar
2025-03-20 01:10:37,520 [ERROR] LogOutputStream:75 - [STDERR_REDIRECT] Artifact repository out of sync. Overwriting C:\ST\STM32CubeIDE_1.17.0\STM32CubeIDE\plugins\org.eclipse.equinox.jsp.jasper.registry_1.3.0.v20240213-1427.jar
2025-03-20 01:10:37,613 [ERROR] LogOutputStream:75 - [STDERR_REDIRECT] Artifact repository out of sync. Overwriting C:\ST\STM32CubeIDE_1.17.0\STM32CubeIDE\plugins\org.eclipse.equinox.launcher_1.6.900.v20240613-2009.jar
2025-03-20 01:10:38,068 [ERROR] LogOutputStream:75 - [STDERR_REDIRECT] Artifact repository out of sync. Overwriting C:\ST\STM32CubeIDE_1.17.0\STM32CubeIDE\plugins\org.eclipse.equinox.launcher.win32.win32.x86_64_1.2.1100.v20240722-2106
2025-03-20 01:10:38,131 [ERROR] LogOutputStream:75 - [STDERR_REDIRECT] Artifact repository out of sync. Overwriting C:\ST\STM32CubeIDE_1.17.0\STM32CubeIDE\plugins\org.eclipse.equinox.p2.artifact.repository_1.5.400.v20240416-0654.jar
2025-03-20 01:10:38,138 [ERROR] LogOutputStream:75 - [STDERR_REDIRECT] Artifact repository out of sync. Overwriting C:\ST\STM32CubeIDE_1.17.0\STM32CubeIDE\plugins\org.eclipse.equinox.p2.console_1.3.400.v20240321-1450.jar
2025-03-20 01:10:38,287 [ERROR] LogOutputStream:75 - [STDERR_REDIRECT] Artifact repository out of sync. Overwriting C:\ST\STM32CubeIDE_1.17.0\STM32CubeIDE\plugins\org.eclipse.equinox.p2.core_2.12.100.v20240702-1335.jar
2025-03-20 01:10:38,639 [ERROR] LogOutputStream:75 - [STDERR_REDIRECT] Artifact repository out of sync. Overwriting C:\ST\STM32CubeIDE_1.17.0\STM32CubeIDE\plugins\org.eclipse.equinox.p2.director_2.6.400.v20240321-1450.jar
2025-03-20 01:10:38,751 [ERROR] LogOutputStream:75 - [STDERR_REDIRECT] Artifact repository out of sync. Overwriting C:\ST\STM32CubeIDE_1.17.0\STM32CubeIDE\plugins\org.eclipse.equinox.p2.director.app_1.3.400.v20240425-1316.jar
2025-03-20 01:10:38,801 [ERROR] LogOutputStream:75 - [STDERR_REDIRECT] Artifact repository out of sync. Overwriting C:\ST\STM32CubeIDE_1.17.0\STM32CubeIDE\plugins\org.eclipse.equinox.p2.directorywatcher_1.4.400.v20240321-1450.jar
2025-03-20 01:10:39,031 [ERROR] LogOutputStream:75 - [STDERR_REDIRECT] Artifact repository out of sync. Overwriting C:\ST\STM32CubeIDE_1.17.0\STM32CubeIDE\plugins\org.eclipse.equinox.p2.discovery_1.3.300.v20240321-1450.jar
2025-03-20 01:10:39,198 [ERROR] LogOutputStream:75 - [STDERR_REDIRECT] Artifact repository out of sync. Overwriting C:\ST\STM32CubeIDE_1.17.0\STM32CubeIDE\plugins\org.eclipse.equinox.p2.discovery.compatibility_1.3.400.v20240803-1337.jar
2025-03-20 01:10:39,704 [ERROR] LogOutputStream:75 - [STDERR_REDIRECT] Artifact repository out of sync. Overwriting C:\ST\STM32CubeIDE_1.17.0\STM32CubeIDE\plugins\org.eclipse.equinox.p2.engine_2.10.200.v20240425-1316.jar
2025-03-20 01:10:39,754 [ERROR] LogOutputStream:75 - [STDERR_REDIRECT] Artifact repository out of sync. Overwriting C:\ST\STM32CubeIDE_1.17.0\STM32CubeIDE\plugins\org.eclipse.equinox.p2.extensionlocation_1.5.400.v20240321-1450.jar
2025-03-20 01:10:40,066 [ERROR] LogOutputStream:75 - [STDERR_REDIRECT] Artifact repository out of sync. Overwriting C:\ST\STM32CubeIDE_1.17.0\STM32CubeIDE\plugins\org.eclipse.equinox.p2.garbagecollector_1.3.300.v20240321-1450.jar
2025-03-20 01:10:40,190 [ERROR] LogOutputStream:75 - [STDERR_REDIRECT] Artifact repository out of sync. Overwriting C:\ST\STM32CubeIDE_1.17.0\STM32CubeIDE\plugins\org.eclipse.equinox.p2.jarprocessor_1.3.400.v20240321-1450.jar
2025-03-20 01:10:40,746 [ERROR] LogOutputStream:75 - [STDERR_REDIRECT] Artifact repository out of sync. Overwriting C:\ST\STM32CubeIDE_1.17.0\STM32CubeIDE\plugins\org.eclipse.equinox.p2.metadata_2.9.100.v20240416-0654.jar
2025-03-20 01:10:40,952 [ERROR] LogOutputStream:75 - [STDERR_REDIRECT] Artifact repository out of sync. Overwriting C:\ST\STM32CubeIDE_1.17.0\STM32CubeIDE\plugins\org.eclipse.equinox.p2.metadata.repository_1.5.400.v20240515-1919.jar
2025-03-20 01:10:40,993 [ERROR] LogOutputStream:75 - [STDERR_REDIRECT] Artifact repository out of sync. Overwriting C:\ST\STM32CubeIDE_1.17.0\STM32CubeIDE\plugins\org.eclipse.equinox.p2.operations_2.7.400.v20240425-0751.jar
2025-03-20 01:10:41,332 [ERROR] LogOutputStream:75 - [STDERR_REDIRECT] Artifact repository out of sync. Overwriting C:\ST\STM32CubeIDE_1.17.0\STM32CubeIDE\plugins\org.eclipse.equinox.p2.publisher_1.9.200.v20240429-0755.jar
2025-03-20 01:10:41,390 [ERROR] LogOutputStream:75 - [STDERR_REDIRECT] Artifact repository out of sync. Overwriting C:\ST\STM32CubeIDE_1.17.0\STM32CubeIDE\plugins\org.eclipse.equinox.p2.publisher.eclipse_1.6.200.v20240812-2151.jar
2025-03-20 01:10:41,538 [ERROR] LogOutputStream:75 - [STDERR_REDIRECT] Artifact repository out of sync. Overwriting C:\ST\STM32CubeIDE_1.17.0\STM32CubeIDE\plugins\org.eclipse.equinox.p2.reconciler.dropins_1.5.400.v20240321-1450.jar
2025-03-20 01:10:41,613 [ERROR] LogOutputStream:75 - [STDERR_REDIRECT] Artifact repository out of sync. Overwriting C:\ST\STM32CubeIDE_1.17.0\STM32CubeIDE\plugins\org.eclipse.equinox.p2.repository_2.9.100.v20240511-1722.jar
2025-03-20 01:10:41,922 [ERROR] LogOutputStream:75 - [STDERR_REDIRECT] Artifact repository out of sync. Overwriting C:\ST\STM32CubeIDE_1.17.0\STM32CubeIDE\plugins\org.eclipse.equinox.p2.repository.tools_2.4.400.v20240416-0654.jar
2025-03-20 01:10:41,981 [ERROR] LogOutputStream:75 - [STDERR_REDIRECT] Artifact repository out of sync. Overwriting C:\ST\STM32CubeIDE_1.17.0\STM32CubeIDE\plugins\org.eclipse.equinox.p2.touchpoint.eclipse_2.4.300.v20240511-1722.jar
2025-03-20 01:10:42,025 [ERROR] LogOutputStream:75 - [STDERR_REDIRECT] Artifact repository out of sync. Overwriting C:\ST\STM32CubeIDE_1.17.0\STM32CubeIDE\plugins\org.eclipse.equinox.p2.touchpoint.natives_1.5.300.v20240423-0755.jar
2025-03-20 01:10:42,078 [ERROR] LogOutputStream:75 - [STDERR_REDIRECT] Artifact repository out of sync. Overwriting C:\ST\STM32CubeIDE_1.17.0\STM32CubeIDE\plugins\org.eclipse.equinox.p2.transport.ecf_1.4.300.v20240321-1450.jar
2025-03-20 01:10:42,372 [ERROR] LogOutputStream:75 - [STDERR_REDIRECT] Artifact repository out of sync. Overwriting C:\ST\STM32CubeIDE_1.17.0\STM32CubeIDE\plugins\org.eclipse.equinox.p2.ui_2.8.500.v20240702-1335.jar
2025-03-20 01:10:42,416 [ERROR] LogOutputStream:75 - [STDERR_REDIRECT] Artifact repository out of sync. Overwriting C:\ST\STM32CubeIDE_1.17.0\STM32CubeIDE\plugins\org.eclipse.equinox.p2.ui.discovery_1.3.400.v20240621-1554.jar
2025-03-20 01:10:42,767 [ERROR] LogOutputStream:75 - [STDERR_REDIRECT] Artifact repository out of sync. Overwriting C:\ST\STM32CubeIDE_1.17.0\STM32CubeIDE\plugins\org.eclipse.equinox.p2.ui.importexport_1.4.500.v20240621-1554.jar
2025-03-20 01:10:42,910 [ERROR] LogOutputStream:75 - [STDERR_REDIRECT] Artifact repository out of sync. Overwriting C:\ST\STM32CubeIDE_1.17.0\STM32CubeIDE\plugins\org.eclipse.equinox.p2.ui.sdk_1.3.300.v20240207-1113.jar
2025-03-20 01:10:43,125 [ERROR] LogOutputStream:75 - [STDERR_REDIRECT] Artifact repository out of sync. Overwriting C:\ST\STM32CubeIDE_1.17.0\STM32CubeIDE\plugins\org.eclipse.equinox.p2.ui.sdk.scheduler_1.6.300.v20240515-1919.jar
2025-03-20 01:10:43,450 [ERROR] LogOutputStream:75 - [STDERR_REDIRECT] Artifact repository out of sync. Overwriting C:\ST\STM32CubeIDE_1.17.0\STM32CubeIDE\plugins\org.eclipse.equinox.p2.updatesite_1.3.400.v20240321-1450.jar
2025-03-20 01:10:43,459 [ERROR] LogOutputStream:75 - [STDERR_REDIRECT] Artifact repository out of sync. Overwriting C:\ST\STM32CubeIDE_1.17.0\STM32CubeIDE\plugins\org.eclipse.equinox.p2.updatechecker_1.4.300.v20240514-1422.jar
2025-03-20 01:10:43,525 [ERROR] LogOutputStream:75 - [STDERR_REDIRECT] Artifact repository out of sync. Overwriting C:\ST\STM32CubeIDE_1.17.0\STM32CubeIDE\plugins\org.eclipse.equinox.preferences_3.11.100.v20240327-0645.jar
2025-03-20 01:10:43,575 [ERROR] LogOutputStream:75 - [STDERR_REDIRECT] Artifact repository out of sync. Overwriting C:\ST\STM32CubeIDE_1.17.0\STM32CubeIDE\plugins\org.eclipse.equinox.registry_3.12.100.v20240524-2011.jar
2025-03-20 01:10:43,898 [ERROR] LogOutputStream:75 - [STDERR_REDIRECT] Artifact repository out of sync. Overwriting C:\ST\STM32CubeIDE_1.17.0\STM32CubeIDE\plugins\org.eclipse.equinox.security_1.4.400.v20240702-1702.jar
2025-03-20 01:10:43,994 [ERROR] LogOutputStream:75 - [STDERR_REDIRECT] Artifact repository out of sync. Overwriting C:\ST\STM32CubeIDE_1.17.0\STM32CubeIDE\plugins\org.eclipse.equinox.security.ui_1.4.300.v20240513-1104.jar
2025-03-20 01:10:44,107 [ERROR] LogOutputStream:75 - [STDERR_REDIRECT] Artifact repository out of sync. Overwriting C:\ST\STM32CubeIDE_1.17.0\STM32CubeIDE\plugins\org.eclipse.equinox.simpleconfigurator_1.5.300.v20240424-1301.jar
2025-03-20 01:10:44,143 [ERROR] LogOutputStream:75 - [STDERR_REDIRECT] Artifact repository out of sync. Overwriting C:\ST\STM32CubeIDE_1.17.0\STM32CubeIDE\plugins\org.eclipse.equinox.simpleconfigurator.manipulator_2.3.300.v20240702-1335.jar
2025-03-20 01:10:44,234 [ERROR] LogOutputStream:75 - [STDERR_REDIRECT] Artifact repository out of sync. Overwriting C:\ST\STM32CubeIDE_1.17.0\STM32CubeIDE\plugins\org.eclipse.help_3.10.400.v20240415-0528.jar
2025-03-20 01:10:44,419 [ERROR] LogOutputStream:75 - [STDERR_REDIRECT] Artifact repository out of sync. Overwriting C:\ST\STM32CubeIDE_1.17.0\STM32CubeIDE\plugins\org.eclipse.help.base_4.4.500.v20240903-0240.jar
2025-03-20 01:10:44,548 [ERROR] LogOutputStream:75 - [STDERR_REDIRECT] Artifact repository out of sync. Overwriting C:\ST\STM32CubeIDE_1.17.0\STM32CubeIDE\plugins\org.eclipse.help.ui_4.7.100.v20240621-0541.jar
2025-03-20 01:10:44,856 [ERROR] LogOutputStream:75 - [STDERR_REDIRECT] Artifact repository out of sync. Overwriting C:\ST\STM32CubeIDE_1.17.0\STM32CubeIDE\plugins\org.eclipse.help.webapp_3.11.500.v20240606-0803.jar
2025-03-20 01:10:44,938 [ERROR] LogOutputStream:75 - [STDERR_REDIRECT] Artifact repository out of sync. Overwriting C:\ST\STM32CubeIDE_1.17.0\STM32CubeIDE\plugins\org.eclipse.jdt.core.compiler.batch_3.39.0.v20240820-0604.jar
2025-03-20 01:10:44,992 [ERROR] LogOutputStream:75 - [STDERR_REDIRECT] Artifact repository out of sync. Overwriting C:\ST\STM32CubeIDE_1.17.0\STM32CubeIDE\plugins\org.eclipse.jetty.ee8.security_12.0.12.jar
2025-03-20 01:10:45,345 [ERROR] LogOutputStream:75 - [STDERR_REDIRECT] Artifact repository out of sync. Overwriting C:\ST\STM32CubeIDE_1.17.0\STM32CubeIDE\plugins\org.eclipse.jetty.ee8.server_12.0.12.jar
2025-03-20 01:10:46,362 [ERROR] LogOutputStream:75 - [STDERR_REDIRECT] Artifact repository out of sync. Overwriting C:\ST\STM32CubeIDE_1.17.0\STM32CubeIDE\plugins\org.eclipse.jetty.ee8.servlet_12.0.12.jar
2025-03-20 01:10:46,951 [ERROR] LogOutputStream:75 - [STDERR_REDIRECT] Artifact repository out of sync. Overwriting C:\ST\STM32CubeIDE_1.17.0\STM32CubeIDE\plugins\org.eclipse.jetty.http_12.0.12.jar
2025-03-20 01:10:47,052 [ERROR] LogOutputStream:75 - [STDERR_REDIRECT] Artifact repository out of sync. Overwriting C:\ST\STM32CubeIDE_1.17.0\STM32CubeIDE\plugins\org.eclipse.jetty.io_12.0.12.jar
2025-03-20 01:10:47,101 [ERROR] LogOutputStream:75 - [STDERR_REDIRECT] Artifact repository out of sync. Overwriting C:\ST\STM32CubeIDE_1.17.0\STM32CubeIDE\plugins\org.eclipse.jetty.security_12.0.12.jar
2025-03-20 01:10:47,847 [ERROR] LogOutputStream:75 - [STDERR_REDIRECT] Artifact repository out of sync. Overwriting C:\ST\STM32CubeIDE_1.17.0\STM32CubeIDE\plugins\org.eclipse.jetty.server_12.0.12.jar
2025-03-20 01:10:47,900 [ERROR] LogOutputStream:75 - [STDERR_REDIRECT] Artifact repository out of sync. Overwriting C:\ST\STM32CubeIDE_1.17.0\STM32CubeIDE\plugins\org.eclipse.jetty.session_12.0.12.jar
2025-03-20 01:10:47,949 [ERROR] LogOutputStream:75 - [STDERR_REDIRECT] Artifact repository out of sync. Overwriting C:\ST\STM32CubeIDE_1.17.0\STM32CubeIDE\plugins\org.eclipse.jetty.util_12.0.12.jar
2025-03-20 01:10:48,403 [ERROR] LogOutputStream:75 - [STDERR_REDIRECT] Artifact repository out of sync. Overwriting C:\ST\STM32CubeIDE_1.17.0\STM32CubeIDE\plugins\org.eclipse.jface_3.35.0.v20240820-2045.jar
2025-03-20 01:10:49,513 [ERROR] LogOutputStream:75 - [STDERR_REDIRECT] Artifact repository out of sync. Overwriting C:\ST\STM32CubeIDE_1.17.0\STM32CubeIDE\plugins\org.eclipse.jface.databinding_1.15.300.v20240424-0444.jar
2025-03-20 01:10:50,403 [ERROR] LogOutputStream:75 - [STDERR_REDIRECT] Artifact repository out of sync. Overwriting C:\ST\STM32CubeIDE_1.17.0\STM32CubeIDE\plugins\org.eclipse.jface.notifications_0.7.300.v20240707-1119.jar
2025-03-20 01:10:51,059 [ERROR] LogOutputStream:75 - [STDERR_REDIRECT] Artifact repository out of sync. Overwriting C:\ST\STM32CubeIDE_1.17.0\STM32CubeIDE\plugins\org.eclipse.jface.text_3.25.200.v20240816-1151.jar
2025-03-20 01:10:51,356 [ERROR] LogOutputStream:75 - [STDERR_REDIRECT] Artifact repository out of sync. Overwriting C:\ST\STM32CubeIDE_1.17.0\STM32CubeIDE\plugins\org.eclipse.jsch.core_1.5.500.v20240626-2102.jar
2025-03-20 01:10:52,356 [ERROR] LogOutputStream:75 - [STDERR_REDIRECT] Artifact repository out of sync. Overwriting C:\ST\STM32CubeIDE_1.17.0\STM32CubeIDE\plugins\org.eclipse.jsch.ui_1.5.400.v20240413-1529.jar
2025-03-20 01:10:52,424 [ERROR] LogOutputStream:75 - [STDERR_REDIRECT] Artifact repository out of sync. Overwriting C:\ST\STM32CubeIDE_1.17.0\STM32CubeIDE\plugins\org.eclipse.launchbar.core_2.5.200.202312281935.jar
2025-03-20 01:10:52,706 [ERROR] LogOutputStream:75 - [STDERR_REDIRECT] Artifact repository out of sync. Overwriting C:\ST\STM32CubeIDE_1.17.0\STM32CubeIDE\plugins\org.eclipse.ltk.core.refactoring_3.14.500.v20240702-1521.jar
2025-03-20 01:10:52,793 [ERROR] LogOutputStream:75 - [STDERR_REDIRECT] Artifact repository out of sync. Overwriting C:\ST\STM32CubeIDE_1.17.0\STM32CubeIDE\plugins\org.eclipse.ltk.ui.refactoring_3.13.400.v20240321-1245.jar
2025-03-20 01:10:52,919 [ERROR] LogOutputStream:75 - [STDERR_REDIRECT] Artifact repository out of sync. Overwriting C:\ST\STM32CubeIDE_1.17.0\STM32CubeIDE\plugins\org.eclipse.osgi_3.21.0.v20240717-2103.jar
2025-03-20 01:10:53,078 [ERROR] LogOutputStream:75 - [STDERR_REDIRECT] Artifact repository out of sync. Overwriting C:\ST\STM32CubeIDE_1.17.0\STM32CubeIDE\plugins\org.eclipse.osgi.compatibility.state_1.2.1000.v20240213-1057.jar
2025-03-20 01:10:53,921 [ERROR] LogOutputStream:75 - [STDERR_REDIRECT] Artifact repository out of sync. Overwriting C:\ST\STM32CubeIDE_1.17.0\STM32CubeIDE\plugins\org.eclipse.platform_4.33.0.v20240903-0240
2025-03-20 01:10:53,977 [ERROR] LogOutputStream:75 - [STDERR_REDIRECT] Artifact repository out of sync. Overwriting C:\ST\STM32CubeIDE_1.17.0\STM32CubeIDE\plugins\org.eclipse.platform.doc.user_4.33.0.v20240823-1014.jar
2025-03-20 01:10:54,094 [ERROR] LogOutputStream:75 - [STDERR_REDIRECT] Artifact repository out of sync. Overwriting C:\ST\STM32CubeIDE_1.17.0\STM32CubeIDE\plugins\org.eclipse.rcp_4.33.0.v20240903-0240.jar
2025-03-20 01:10:54,534 [ERROR] LogOutputStream:75 - [STDERR_REDIRECT] Artifact repository out of sync. Overwriting C:\ST\STM32CubeIDE_1.17.0\STM32CubeIDE\plugins\org.eclipse.remote.console_1.4.200.202402230238.jar
2025-03-20 01:10:54,959 [ERROR] LogOutputStream:75 - [STDERR_REDIRECT] Artifact repository out of sync. Overwriting C:\ST\STM32CubeIDE_1.17.0\STM32CubeIDE\plugins\org.eclipse.remote.core_4.2.200.202402230238.jar
2025-03-20 01:10:55,611 [ERROR] LogOutputStream:75 - [STDERR_REDIRECT] Artifact repository out of sync. Overwriting C:\ST\STM32CubeIDE_1.17.0\STM32CubeIDE\plugins\org.eclipse.remote.doc.isv_11.6.1.202406241230.jar
2025-03-20 01:10:56,454 [ERROR] LogOutputStream:75 - [STDERR_REDIRECT] Artifact repository out of sync. Overwriting C:\ST\STM32CubeIDE_1.17.0\STM32CubeIDE\plugins\org.eclipse.remote.jsch.core_1.2.100.202402230238.jar
2025-03-20 01:10:56,823 [ERROR] LogOutputStream:75 - [STDERR_REDIRECT] Artifact repository out of sync. Overwriting C:\ST\STM32CubeIDE_1.17.0\STM32CubeIDE\plugins\org.eclipse.remote.jsch.ui_1.2.100.202402230238.jar
2025-03-20 01:10:56,909 [ERROR] LogOutputStream:75 - [STDERR_REDIRECT] Artifact repository out of sync. Overwriting C:\ST\STM32CubeIDE_1.17.0\STM32CubeIDE\plugins\org.eclipse.remote.serial.core_1.2.100.202402230238.jar
2025-03-20 01:10:56,988 [ERROR] LogOutputStream:75 - [STDERR_REDIRECT] Artifact repository out of sync. Overwriting C:\ST\STM32CubeIDE_1.17.0\STM32CubeIDE\plugins\org.eclipse.remote.serial.ui_1.1.200.202402230238.jar
2025-03-20 01:10:57,244 [ERROR] LogOutputStream:75 - [STDERR_REDIRECT] Artifact repository out of sync. Overwriting C:\ST\STM32CubeIDE_1.17.0\STM32CubeIDE\plugins\org.eclipse.remote.telnet.ui_1.1.200.202402230238.jar
2025-03-20 01:10:57,565 [ERROR] LogOutputStream:75 - [STDERR_REDIRECT] Artifact repository out of sync. Overwriting C:\ST\STM32CubeIDE_1.17.0\STM32CubeIDE\plugins\org.eclipse.remote.ui_2.3.200.202402230238.jar
2025-03-20 01:10:58,023 [ERROR] LogOutputStream:75 - [STDERR_REDIRECT] Artifact repository out of sync. Overwriting C:\ST\STM32CubeIDE_1.17.0\STM32CubeIDE\plugins\org.eclipse.search_3.16.300.v20240620-1945.jar
2025-03-20 01:10:58,117 [ERROR] LogOutputStream:75 - [STDERR_REDIRECT] Artifact repository out of sync. Overwriting C:\ST\STM32CubeIDE_1.17.0\STM32CubeIDE\plugins\org.eclipse.search.core_3.16.300.v20240708-0708.jar
2025-03-20 01:10:58,150 [ERROR] LogOutputStream:75 - [STDERR_REDIRECT] Artifact repository out of sync. Overwriting C:\ST\STM32CubeIDE_1.17.0\STM32CubeIDE\plugins\org.eclipse.swt_3.127.0.v20240903-0618.jar
2025-03-20 01:10:58,586 [ERROR] LogOutputStream:75 - [STDERR_REDIRECT] Artifact repository out of sync. Overwriting C:\ST\STM32CubeIDE_1.17.0\STM32CubeIDE\plugins\org.eclipse.swt.win32.win32.x86_64_3.127.0.v20240903-0618.jar
2025-03-20 01:10:58,701 [ERROR] LogOutputStream:75 - [STDERR_REDIRECT] Artifact repository out of sync. Overwriting C:\ST\STM32CubeIDE_1.17.0\STM32CubeIDE\plugins\org.eclipse.team.core_3.10.500.v20240621-0541.jar
2025-03-20 01:10:58,951 [ERROR] LogOutputStream:75 - [STDERR_REDIRECT] Artifact repository out of sync. Overwriting C:\ST\STM32CubeIDE_1.17.0\STM32CubeIDE\plugins\org.eclipse.team.genericeditor.diff.extension_1.2.400.v20240413-1529.jar
2025-03-20 01:10:59,387 [ERROR] LogOutputStream:75 - [STDERR_REDIRECT] Artifact repository out of sync. Overwriting C:\ST\STM32CubeIDE_1.17.0\STM32CubeIDE\plugins\org.eclipse.team.ui_3.10.500.v20240702-1152.jar
2025-03-20 01:10:59,444 [ERROR] LogOutputStream:75 - [STDERR_REDIRECT] Artifact repository out of sync. Overwriting C:\ST\STM32CubeIDE_1.17.0\STM32CubeIDE\plugins\org.eclipse.text_3.14.100.v20240524-2010.jar
2025-03-20 01:10:59,793 [ERROR] LogOutputStream:75 - [STDERR_REDIRECT] Artifact repository out of sync. Overwriting C:\ST\STM32CubeIDE_1.17.0\STM32CubeIDE\plugins\org.eclipse.text.quicksearch_1.2.400.v20240321-1245.jar
2025-03-20 01:11:00,453 [ERROR] LogOutputStream:75 - [STDERR_REDIRECT] Artifact repository out of sync. Overwriting C:\ST\STM32CubeIDE_1.17.0\STM32CubeIDE\plugins\org.eclipse.tm.terminal.control_5.5.301.202407022003.jar
2025-03-20 01:11:00,502 [ERROR] LogOutputStream:75 - [STDERR_REDIRECT] Artifact repository out of sync. Overwriting C:\ST\STM32CubeIDE_1.17.0\STM32CubeIDE\plugins\org.eclipse.tools.templates.core_2.0.100.202402230238.jar
2025-03-20 01:11:01,509 [ERROR] LogOutputStream:75 - [STDERR_REDIRECT] Artifact repository out of sync. Overwriting C:\ST\STM32CubeIDE_1.17.0\STM32CubeIDE\plugins\org.eclipse.tools.templates.freemarker_2.0.100.202402230238.jar
2025-03-20 01:11:01,547 [ERROR] LogOutputStream:75 - [STDERR_REDIRECT] Artifact repository out of sync. Overwriting C:\ST\STM32CubeIDE_1.17.0\STM32CubeIDE\plugins\org.eclipse.ui_3.206.100.v20240720-1232.jar
2025-03-20 01:11:01,815 [ERROR] LogOutputStream:75 - [STDERR_REDIRECT] Artifact repository out of sync. Overwriting C:\ST\STM32CubeIDE_1.17.0\STM32CubeIDE\plugins\org.eclipse.ui.browser_3.8.300.v20240524-2010.jar
2025-03-20 01:11:02,251 [ERROR] LogOutputStream:75 - [STDERR_REDIRECT] Artifact repository out of sync. Overwriting C:\ST\STM32CubeIDE_1.17.0\STM32CubeIDE\plugins\org.eclipse.ui.cheatsheets_3.8.500.v20240621-0541.jar
2025-03-20 01:11:02,539 [ERROR] LogOutputStream:75 - [STDERR_REDIRECT] Artifact repository out of sync. Overwriting C:\ST\STM32CubeIDE_1.17.0\STM32CubeIDE\plugins\org.eclipse.ui.console_3.14.100.v20240429-1358.jar
2025-03-20 01:11:02,682 [ERROR] LogOutputStream:75 - [STDERR_REDIRECT] Artifact repository out of sync. Overwriting C:\ST\STM32CubeIDE_1.17.0\STM32CubeIDE\plugins\org.eclipse.ui.editors_3.18.0.v20240807-0735.jar
2025-03-20 01:11:02,932 [ERROR] LogOutputStream:75 - [STDERR_REDIRECT] Artifact repository out of sync. Overwriting C:\ST\STM32CubeIDE_1.17.0\STM32CubeIDE\plugins\org.eclipse.ui.externaltools_3.6.400.v20240416-0654.jar
2025-03-20 01:11:03,041 [ERROR] LogOutputStream:75 - [STDERR_REDIRECT] Artifact repository out of sync. Overwriting C:\ST\STM32CubeIDE_1.17.0\STM32CubeIDE\plugins\org.eclipse.ui.forms_3.13.300.v20240424-0956.jar
2025-03-20 01:11:03,117 [ERROR] LogOutputStream:75 - [STDERR_REDIRECT] Artifact repository out of sync. Overwriting C:\ST\STM32CubeIDE_1.17.0\STM32CubeIDE\plugins\org.eclipse.ui.genericeditor_1.3.400.v20240511-1105.jar
2025-03-20 01:11:03,344 [ERROR] LogOutputStream:75 - [STDERR_REDIRECT] Artifact repository out of sync. Overwriting C:\ST\STM32CubeIDE_1.17.0\STM32CubeIDE\plugins\org.eclipse.ui.ide_3.22.300.v20240828-1234.jar
2025-03-20 01:11:03,459 [ERROR] LogOutputStream:75 - [STDERR_REDIRECT] Artifact repository out of sync. Overwriting C:\ST\STM32CubeIDE_1.17.0\STM32CubeIDE\plugins\org.eclipse.ui.ide.application_1.5.500.v20240711-0817.jar
2025-03-20 01:11:03,599 [ERROR] LogOutputStream:75 - [STDERR_REDIRECT] Artifact repository out of sync. Overwriting C:\ST\STM32CubeIDE_1.17.0\STM32CubeIDE\plugins\org.eclipse.ui.intro_3.7.400.v20240414-0828.jar
2025-03-20 01:11:03,947 [ERROR] LogOutputStream:75 - [STDERR_REDIRECT] Artifact repository out of sync. Overwriting C:\ST\STM32CubeIDE_1.17.0\STM32CubeIDE\plugins\org.eclipse.ui.intro.quicklinks_1.2.400.v20240414-1916.jar
2025-03-20 01:11:04,148 [ERROR] LogOutputStream:75 - [STDERR_REDIRECT] Artifact repository out of sync. Overwriting C:\ST\STM32CubeIDE_1.17.0\STM32CubeIDE\plugins\org.eclipse.ui.intro.universal_3.5.400.v20240414-1916.jar
2025-03-20 01:11:04,296 [ERROR] LogOutputStream:75 - [STDERR_REDIRECT] Artifact repository out of sync. Overwriting C:\ST\STM32CubeIDE_1.17.0\STM32CubeIDE\plugins\org.eclipse.ui.monitoring_1.3.300.v20240321-1245.jar
2025-03-20 01:11:04,560 [ERROR] LogOutputStream:75 - [STDERR_REDIRECT] Artifact repository out of sync. Overwriting C:\ST\STM32CubeIDE_1.17.0\STM32CubeIDE\plugins\org.eclipse.ui.navigator_3.12.500.v20240620-1945.jar
2025-03-20 01:11:04,691 [ERROR] LogOutputStream:75 - [STDERR_REDIRECT] Artifact repository out of sync. Overwriting C:\ST\STM32CubeIDE_1.17.0\STM32CubeIDE\plugins\org.eclipse.ui.navigator.resources_3.9.400.v20240722-1923.jar
2025-03-20 01:11:04,912 [ERROR] LogOutputStream:75 - [STDERR_REDIRECT] Artifact repository out of sync. Overwriting C:\ST\STM32CubeIDE_1.17.0\STM32CubeIDE\plugins\org.eclipse.ui.net_1.5.400.v20240413-1529.jar
2025-03-20 01:11:05,157 [ERROR] LogOutputStream:75 - [STDERR_REDIRECT] Artifact repository out of sync. Overwriting C:\ST\STM32CubeIDE_1.17.0\STM32CubeIDE\plugins\org.eclipse.ui.themes_1.2.2500.v20240819-1245
2025-03-20 01:11:05,222 [ERROR] LogOutputStream:75 - [STDERR_REDIRECT] Artifact repository out of sync. Overwriting C:\ST\STM32CubeIDE_1.17.0\STM32CubeIDE\plugins\org.eclipse.ui.views_3.12.400.v20240620-1945.jar
2025-03-20 01:11:05,626 [ERROR] LogOutputStream:75 - [STDERR_REDIRECT] Artifact repository out of sync. Overwriting C:\ST\STM32CubeIDE_1.17.0\STM32CubeIDE\plugins\org.eclipse.ui.views.log_1.4.500.v20240704-0830.jar
2025-03-20 01:11:05,770 [ERROR] LogOutputStream:75 - [STDERR_REDIRECT] Artifact repository out of sync. Overwriting C:\ST\STM32CubeIDE_1.17.0\STM32CubeIDE\plugins\org.eclipse.ui.views.properties.tabbed_3.10.300.v20240424-0956.jar
2025-03-20 01:11:06,145 [ERROR] LogOutputStream:75 - [STDERR_REDIRECT] Artifact repository out of sync. Overwriting C:\ST\STM32CubeIDE_1.17.0\STM32CubeIDE\plugins\org.eclipse.ui.win32_3.5.300.v20240524-2010.jar
2025-03-20 01:11:06,278 [ERROR] LogOutputStream:75 - [STDERR_REDIRECT] Artifact repository out of sync. Overwriting C:\ST\STM32CubeIDE_1.17.0\STM32CubeIDE\plugins\org.eclipse.ui.workbench_3.133.0.v20240818-1923.jar
2025-03-20 01:11:06,347 [ERROR] LogOutputStream:75 - [STDERR_REDIRECT] Artifact repository out of sync. Overwriting C:\ST\STM32CubeIDE_1.17.0\STM32CubeIDE\plugins\org.eclipse.ui.workbench.texteditor_3.18.0.v20240819-1419.jar
2025-03-20 01:11:06,830 [ERROR] LogOutputStream:75 - [STDERR_REDIRECT] Artifact repository out of sync. Overwriting C:\ST\STM32CubeIDE_1.17.0\STM32CubeIDE\plugins\org.eclipse.update.configurator_3.5.400.v20240416-0654.jar
2025-03-20 01:11:07,537 [ERROR] LogOutputStream:75 - [STDERR_REDIRECT] Artifact repository out of sync. Overwriting C:\ST\STM32CubeIDE_1.17.0\STM32CubeIDE\plugins\org.eclipse.urischeme_1.3.400.v20240606-1412.jar
2025-03-20 01:11:07,854 [ERROR] LogOutputStream:75 - [STDERR_REDIRECT] Artifact repository out of sync. Overwriting C:\ST\STM32CubeIDE_1.17.0\STM32CubeIDE\plugins\org.mortbay.jasper.apache-jsp_9.0.90.jar
2025-03-20 01:11:07,957 [ERROR] LogOutputStream:75 - [STDERR_REDIRECT] Artifact repository out of sync. Overwriting C:\ST\STM32CubeIDE_1.17.0\STM32CubeIDE\plugins\org.objectweb.asm_9.7.0.jar
2025-03-20 01:11:08,302 [ERROR] LogOutputStream:75 - [STDERR_REDIRECT] Artifact repository out of sync. Overwriting C:\ST\STM32CubeIDE_1.17.0\STM32CubeIDE\plugins\org.objectweb.asm.commons_9.7.0.jar
2025-03-20 01:11:08,808 [ERROR] LogOutputStream:75 - [STDERR_REDIRECT] Artifact repository out of sync. Overwriting C:\ST\STM32CubeIDE_1.17.0\STM32CubeIDE\plugins\org.objectweb.asm.tree_9.7.0.jar
2025-03-20 01:11:08,978 [ERROR] LogOutputStream:75 - [STDERR_REDIRECT] Artifact repository out of sync. Overwriting C:\ST\STM32CubeIDE_1.17.0\STM32CubeIDE\plugins\org.objectweb.asm.tree.analysis_9.7.0.jar
2025-03-20 01:11:09,139 [ERROR] LogOutputStream:75 - [STDERR_REDIRECT] Artifact repository out of sync. Overwriting C:\ST\STM32CubeIDE_1.17.0\STM32CubeIDE\plugins\org.objectweb.asm.util_9.7.0.jar
2025-03-20 01:11:09,526 [ERROR] LogOutputStream:75 - [STDERR_REDIRECT] Artifact repository out of sync. Overwriting C:\ST\STM32CubeIDE_1.17.0\STM32CubeIDE\plugins\org.tukaani.xz_1.10.0.jar
2025-03-20 01:11:09,678 [ERROR] LogOutputStream:75 - [STDERR_REDIRECT] Artifact repository out of sync. Overwriting C:\ST\STM32CubeIDE_1.17.0\STM32CubeIDE\features\org.eclipse.cdt.build.crossgcc_11.6.1.202406241230
2025-03-20 01:11:10,886 [ERROR] LogOutputStream:75 - [STDERR_REDIRECT] Artifact repository out of sync. Overwriting C:\ST\STM32CubeIDE_1.17.0\STM32CubeIDE\features\org.eclipse.cdt.debug.gdbjtag_11.6.1.202406241230
2025-03-20 01:11:11,183 [ERROR] LogOutputStream:75 - [STDERR_REDIRECT] Artifact repository out of sync. Overwriting C:\ST\STM32CubeIDE_1.17.0\STM32CubeIDE\features\org.eclipse.cdt.debug.ui.memory_11.6.1.202406241230
2025-03-20 01:11:12,999 [ERROR] LogOutputStream:75 - [STDERR_REDIRECT] Artifact repository out of sync. Overwriting C:\ST\STM32CubeIDE_1.17.0\STM32CubeIDE\features\org.eclipse.cdt_11.6.1.202407022008
2025-03-20 01:11:17,483 [ERROR] LogOutputStream:75 - [STDERR_REDIRECT] Artifact repository out of sync. Overwriting C:\ST\STM32CubeIDE_1.17.0\STM32CubeIDE\features\org.eclipse.cdt.gdb_11.6.1.202406241230
2025-03-20 01:11:17,838 [ERROR] LogOutputStream:75 - [STDERR_REDIRECT] Artifact repository out of sync. Overwriting C:\ST\STM32CubeIDE_1.17.0\STM32CubeIDE\features\org.eclipse.cdt.gnu.build_11.6.1.202406241230
2025-03-20 01:11:18,186 [ERROR] LogOutputStream:75 - [STDERR_REDIRECT] Artifact repository out of sync. Overwriting C:\ST\STM32CubeIDE_1.17.0\STM32CubeIDE\features\org.eclipse.cdt.gnu.debug_11.6.1.202406241230
2025-03-20 01:11:18,817 [ERROR] LogOutputStream:75 - [STDERR_REDIRECT] Artifact repository out of sync. Overwriting C:\ST\STM32CubeIDE_1.17.0\STM32CubeIDE\features\org.eclipse.cdt.gnu.dsf_11.6.1.202406241230
2025-03-20 01:11:19,682 [ERROR] LogOutputStream:75 - [STDERR_REDIRECT] Artifact repository out of sync. Overwriting C:\ST\STM32CubeIDE_1.17.0\STM32CubeIDE\features\org.eclipse.cdt.launch.remote_11.6.1.202406241230
2025-03-20 01:11:19,867 [ERROR] LogOutputStream:75 - [STDERR_REDIRECT] Artifact repository out of sync. Overwriting C:\ST\STM32CubeIDE_1.17.0\STM32CubeIDE\features\org.eclipse.cdt.native_11.6.1.202407022008
2025-03-20 01:11:20,565 [ERROR] LogOutputStream:75 - [STDERR_REDIRECT] Artifact repository out of sync. Overwriting C:\ST\STM32CubeIDE_1.17.0\STM32CubeIDE\features\org.eclipse.cdt.platform_11.6.1.202407022008
2025-03-20 01:11:21,463 [ERROR] LogOutputStream:75 - [STDERR_REDIRECT] Artifact repository out of sync. Overwriting C:\ST\STM32CubeIDE_1.17.0\STM32CubeIDE\features\org.eclipse.e4.rcp_4.33.0.v20240903-0618
2025-03-20 01:11:21,714 [ERROR] LogOutputStream:75 - [STDERR_REDIRECT] Artifact repository out of sync. Overwriting C:\ST\STM32CubeIDE_1.17.0\STM32CubeIDE\features\org.eclipse.ecf.core.feature_1.6.2.v20240812-1535
2025-03-20 01:11:22,620 [ERROR] LogOutputStream:75 - [STDERR_REDIRECT] Artifact repository out of sync. Overwriting C:\ST\STM32CubeIDE_1.17.0\STM32CubeIDE\features\org.eclipse.ecf.core.ssl.feature_1.1.600.v20240812-1535
2025-03-20 01:11:22,729 [ERROR] LogOutputStream:75 - [STDERR_REDIRECT] Artifact repository out of sync. Overwriting C:\ST\STM32CubeIDE_1.17.0\STM32CubeIDE\features\org.eclipse.ecf.filetransfer.feature_3.14.1900.v20240812-1535
2025-03-20 01:11:23,446 [ERROR] LogOutputStream:75 - [STDERR_REDIRECT] Artifact repository out of sync. Overwriting C:\ST\STM32CubeIDE_1.17.0\STM32CubeIDE\features\org.eclipse.ecf.filetransfer.httpclient5.feature_1.1.702.v20240808-1900
2025-03-20 01:11:23,891 [ERROR] LogOutputStream:75 - [STDERR_REDIRECT] Artifact repository out of sync. Overwriting C:\ST\STM32CubeIDE_1.17.0\STM32CubeIDE\features\org.eclipse.ecf.filetransfer.httpclientjava.feature_2.0.200.v20240808-1900
2025-03-20 01:11:24,348 [ERROR] LogOutputStream:75 - [STDERR_REDIRECT] Artifact repository out of sync. Overwriting C:\ST\STM32CubeIDE_1.17.0\STM32CubeIDE\features\org.eclipse.ecf.filetransfer.ssl.feature_1.1.402.v20240812-1535
2025-03-20 01:11:24,676 [ERROR] LogOutputStream:75 - [STDERR_REDIRECT] Artifact repository out of sync. Overwriting C:\ST\STM32CubeIDE_1.17.0\STM32CubeIDE\features\org.eclipse.emf.common_2.32.0.v20240731-0952
2025-03-20 01:11:25,410 [ERROR] LogOutputStream:75 - [STDERR_REDIRECT] Artifact repository out of sync. Overwriting C:\ST\STM32CubeIDE_1.17.0\STM32CubeIDE\features\org.eclipse.emf.ecore_2.38.0.v20240721-0802
2025-03-20 01:11:25,775 [ERROR] LogOutputStream:75 - [STDERR_REDIRECT] Artifact repository out of sync. Overwriting C:\ST\STM32CubeIDE_1.17.0\STM32CubeIDE\features\org.eclipse.epp.mpc_1.11.0.v20240709-1650
2025-03-20 01:11:26,289 [ERROR] LogOutputStream:75 - [STDERR_REDIRECT] Artifact repository out of sync. Overwriting C:\ST\STM32CubeIDE_1.17.0\STM32CubeIDE\plugins\org.eclipse.equinox.http.service.api_1.2.2.v20231218-2126.jar
2025-03-20 01:11:26,576 [ERROR] LogOutputStream:75 - [STDERR_REDIRECT] Artifact repository out of sync. Overwriting C:\ST\STM32CubeIDE_1.17.0\STM32CubeIDE\features\org.eclipse.equinox.p2.core.feature_1.7.300.v20240801-1024
2025-03-20 01:11:26,794 [ERROR] LogOutputStream:75 - [STDERR_REDIRECT] Artifact repository out of sync. Overwriting C:\ST\STM32CubeIDE_1.17.0\STM32CubeIDE\features\org.eclipse.equinox.p2.discovery.feature_1.3.500.v20240803-1337
2025-03-20 01:11:26,868 [ERROR] LogOutputStream:75 - [STDERR_REDIRECT] Artifact repository out of sync. Overwriting C:\ST\STM32CubeIDE_1.17.0\STM32CubeIDE\features\org.eclipse.equinox.p2.extras.feature_1.4.2500.v20240812-2151
2025-03-20 01:11:27,301 [ERROR] LogOutputStream:75 - [STDERR_REDIRECT] Artifact repository out of sync. Overwriting C:\ST\STM32CubeIDE_1.17.0\STM32CubeIDE\features\org.eclipse.equinox.p2.rcp.feature_1.4.2500.v20240801-1024
2025-03-20 01:11:27,540 [ERROR] LogOutputStream:75 - [STDERR_REDIRECT] Artifact repository out of sync. Overwriting C:\ST\STM32CubeIDE_1.17.0\STM32CubeIDE\features\org.eclipse.equinox.p2.user.ui_2.4.2500.v20240812-2151
2025-03-20 01:11:27,676 [ERROR] LogOutputStream:75 - [STDERR_REDIRECT] Artifact repository out of sync. Overwriting C:\ST\STM32CubeIDE_1.17.0\STM32CubeIDE\plugins\org.eclipse.equinox.security.win32_1.3.0.v20240419-2334.jar
2025-03-20 01:11:27,968 [ERROR] LogOutputStream:75 - [STDERR_REDIRECT] Artifact repository out of sync. Overwriting C:\ST\STM32CubeIDE_1.17.0\STM32CubeIDE\features\org.eclipse.help_2.3.1900.v20240903-0240
2025-03-20 01:11:28,264 [ERROR] LogOutputStream:75 - [STDERR_REDIRECT] Artifact repository out of sync. Overwriting C:\ST\STM32CubeIDE_1.17.0\STM32CubeIDE\features\org.eclipse.platform_4.33.0.v20240903-0618
2025-03-20 01:11:28,571 [ERROR] LogOutputStream:75 - [STDERR_REDIRECT] Artifact repository out of sync. Overwriting C:\ST\STM32CubeIDE_1.17.0\STM32CubeIDE\features\org.eclipse.rcp_4.33.0.v20240903-0618
2025-03-20 01:11:28,971 [ERROR] LogOutputStream:75 - [STDERR_REDIRECT] Artifact repository out of sync. Overwriting C:\ST\STM32CubeIDE_1.17.0\STM32CubeIDE\features\org.eclipse.remote.console_11.6.1.202406241230
2025-03-20 01:11:29,334 [ERROR] LogOutputStream:75 - [STDERR_REDIRECT] Artifact repository out of sync. Overwriting C:\ST\STM32CubeIDE_1.17.0\STM32CubeIDE\features\org.eclipse.remote_11.6.1.202406241230
2025-03-20 01:11:29,508 [ERROR] LogOutputStream:75 - [STDERR_REDIRECT] Artifact repository out of sync. Overwriting C:\ST\STM32CubeIDE_1.17.0\STM32CubeIDE\features\org.eclipse.remote.serial_11.6.1.202406241230
2025-03-20 01:11:29,951 [ERROR] LogOutputStream:75 - [STDERR_REDIRECT] Artifact repository out of sync. Overwriting C:\ST\STM32CubeIDE_1.17.0\STM32CubeIDE\features\org.eclipse.tm.terminal.control.feature_11.6.1.202407022003
2025-03-20 01:11:30,367 [ERROR] LogOutputStream:75 - [STDERR_REDIRECT] Artifact repository out of sync. Overwriting C:\ST\STM32CubeIDE_1.17.0\STM32CubeIDE\plugins\org.mortbay.jasper.apache-el_9.0.90.jar
2025-03-20 01:11:30,970 [ERROR] LogOutputStream:75 - [STDERR_REDIRECT] Artifact repository out of sync. Overwriting C:\ST\STM32CubeIDE_1.17.0\STM32CubeIDE\plugins\org.osgi.service.http.whiteboard_1.1.1.202109301733.jar
2025-03-20 01:11:31,488 [ERROR] LogOutputStream:75 - [STDERR_REDIRECT] Artifact repository out of sync. Overwriting C:\ST\STM32CubeIDE_1.17.0\STM32CubeIDE\plugins\org.antlr.runtime_4.10.1.v20230210-1433.jar
2025-03-20 01:11:31,498 [ERROR] LogOutputStream:75 - [STDERR_REDIRECT] Artifact repository out of sync. Overwriting C:\ST\STM32CubeIDE_1.17.0\STM32CubeIDE\plugins\org.slf4j.apis.jcl_1.7.30.v20221112-0806.jar
2025-03-20 01:11:32,585 [ERROR] LogOutputStream:75 - [STDERR_REDIRECT] Artifact repository out of sync. Overwriting C:\ST\STM32CubeIDE_1.17.0\STM32CubeIDE\plugins\com.sun.jna_5.16.0.jar
2025-03-20 01:11:32,593 [ERROR] LogOutputStream:75 - [STDERR_REDIRECT] Artifact repository out of sync. Overwriting C:\ST\STM32CubeIDE_1.17.0\STM32CubeIDE\plugins\com.sun.jna.platform_5.16.0.jar
2025-03-20 01:11:32,602 [ERROR] LogOutputStream:75 - [STDERR_REDIRECT] Artifact repository out of sync. Overwriting C:\ST\STM32CubeIDE_1.17.0\STM32CubeIDE\plugins\org.apache.commons.commons-io_2.18.0.jar
2025-03-20 01:11:32,768 [ERROR] LogOutputStream:75 - [STDERR_REDIRECT] Artifact repository out of sync. Overwriting C:\ST\STM32CubeIDE_1.17.0\STM32CubeIDE\plugins\org.eclipse.launchbar.ui_2.5.500.202409122116.jar
2025-03-20 01:11:33,703 [ERROR] LogOutputStream:75 - [STDERR_REDIRECT] Artifact repository out of sync. Overwriting C:\ST\STM32CubeIDE_1.17.0\STM32CubeIDE\plugins\org.eclipse.orbit.xml-apis-ext_1.0.0.v20240917-0534.jar
2025-03-20 01:11:35,120 [ERROR] LogOutputStream:75 - [STDERR_REDIRECT] Artifact repository out of sync. Overwriting C:\ST\STM32CubeIDE_1.17.0\STM32CubeIDE\plugins\org.eclipse.remote.telnet.core_1.2.200.202501070137.jar
2025-03-20 01:11:35,666 [ERROR] LogOutputStream:75 - [STDERR_REDIRECT] Artifact repository out of sync. Overwriting C:\ST\STM32CubeIDE_1.17.0\STM32CubeIDE\plugins\org.eclipse.tools.templates.ui_2.0.200.202501070137.jar
2025-03-20 01:11:39,694 [ERROR] LogOutputStream:75 - [STDERR_REDIRECT] Artifact repository out of sync. Overwriting C:\ST\STM32CubeIDE_1.17.0\STM32CubeIDE\plugins\com.st.stm32cube.common.mx_6.14.0.202502271554
2025-03-20 01:11:39,707 [ERROR] LogOutputStream:75 - [STDERR_REDIRECT] Artifact repository out of sync. Overwriting C:\ST\STM32CubeIDE_1.17.0\STM32CubeIDE\plugins\com.st.stm32cube.common.mx.win32_6.14.0.202502271554.jar
2025-03-20 01:11:39,726 [ERROR] LogOutputStream:75 - [STDERR_REDIRECT] Artifact repository out of sync. Overwriting C:\ST\STM32CubeIDE_1.17.0\STM32CubeIDE\plugins\com.st.stm32cube.common.mx.stinsider_6.14.0.202502271554
2025-03-20 01:11:39,745 [ERROR] LogOutputStream:75 - [STDERR_REDIRECT] Artifact repository out of sync. Overwriting C:\ST\STM32CubeIDE_1.17.0\STM32CubeIDE\plugins\com.st.stm32cube.common.mx.oss_6.14.0.202502271554
2025-03-20 01:11:40,912 [ERROR] LogOutputStream:75 - [STDERR_REDIRECT] Artifact repository out of sync. Overwriting C:\ST\STM32CubeIDE_1.17.0\STM32CubeIDE\plugins\com.st.stm32cube.ide.cmake_1.2.100.202501100911.jar
2025-03-20 01:11:42,297 [ERROR] LogOutputStream:75 - [STDERR_REDIRECT] Artifact repository out of sync. Overwriting C:\ST\STM32CubeIDE_1.17.0\STM32CubeIDE\plugins\com.st.stm32cube.ide.common.services_2.6.100.202502101555
2025-03-20 01:11:42,347 [ERROR] LogOutputStream:75 - [STDERR_REDIRECT] Artifact repository out of sync. Overwriting C:\ST\STM32CubeIDE_1.17.0\STM32CubeIDE\plugins\com.st.stm32cube.ide.common.services.adapted_2.4.100.202501311020
2025-03-20 01:11:44,518 [ERROR] LogOutputStream:75 - [STDERR_REDIRECT] Artifact repository out of sync. Overwriting C:\ST\STM32CubeIDE_1.17.0\STM32CubeIDE\plugins\com.st.stm32cube.ide.common.services.mx_2.5.100.202412131239
2025-03-20 01:11:44,917 [ERROR] LogOutputStream:75 - [STDERR_REDIRECT] Artifact repository out of sync. Overwriting C:\ST\STM32CubeIDE_1.17.0\STM32CubeIDE\plugins\com.st.stm32cube.ide.documentation_2.3.100.202502191259
2025-03-20 01:11:47,647 [ERROR] LogOutputStream:75 - [STDERR_REDIRECT] Artifact repository out of sync. Overwriting C:\ST\STM32CubeIDE_1.17.0\STM32CubeIDE\plugins\com.st.stm32cube.ide.mcu.analytics_2.4.100.202502092100.jar
2025-03-20 08:54:08,473 [ERROR] LogOutputStream:75 - [STDERR_REDIRECT] 
2025-03-20 10:29:48,355 [INFO] Activator:176 - 


2025-03-20 10:29:48,364 [INFO] Activator:177 - !SESSION log4j initialized
2025-03-20 10:30:52,767 [INFO] LogOutputStream:77 - [STDOUT_REDIRECT] 
2025-03-20 10:31:20,116 [INFO] ApplicationProperties:184 - Using Application install path: C:\ST\STM32CubeIDE_1.17.0\STM32CubeIDE\plugins\com.st.stm32cube.common.mx_6.14.0.202502271554
2025-03-20 10:31:20,459 [INFO] DbMcusXml:78 - Set database path to: C:\ST\STM32CubeIDE_1.17.0\STM32CubeIDE\plugins\com.st.stm32cube.common.mx_6.14.0.202502271554\\db\/mcu/
2025-03-20 10:31:20,461 [INFO] ApiDb:274 - Set plugin database path to: C:\ST\STM32CubeIDE_1.17.0\STM32CubeIDE\plugins\com.st.stm32cube.common.mx_6.14.0.202502271554\\db\/plugins/boardmanager/
2025-03-20 10:31:20,462 [WARN] ApiDb:259 - Overriding images path with different value:  => C:\ST\STM32CubeIDE_1.17.0\STM32CubeIDE\plugins\com.st.stm32cube.common.mx_6.14.0.202502271554\\db\/plugins/mcufinder/images/
2025-03-20 10:31:20,646 [INFO] ApiDb:250 - Set database path to: C:\Users\User\.stmcufinder\plugins\mcufinder//mcu/
2025-03-20 10:31:20,652 [INFO] DbMcusAds:125 - Set database path to: C:\Users\User\.stmcufinder\plugins\mcufinder//mcu/
2025-03-20 10:31:20,681 [INFO] CrossReferenceDbSqlite:203 - Set database path to: C:\Users\User\.stmcufinder\plugins\mcufinder//mcu/cs/
2025-03-20 10:31:22,762 [INFO] RulesReader:64 - Compatibility file has been processed (301 Rules)
2025-03-20 10:31:23,658 [INFO] DbMcusXml:78 - Set database path to: C:\ST\STM32CubeIDE_1.17.0\STM32CubeIDE\plugins\com.st.stm32cube.common.mx_6.14.0.202502271554\\db\/mcu/
2025-03-20 10:31:23,658 [INFO] ApiDb:274 - Set plugin database path to: C:\ST\STM32CubeIDE_1.17.0\STM32CubeIDE\plugins\com.st.stm32cube.common.mx_6.14.0.202502271554\\db\/plugins/boardmanager/
2025-03-20 10:31:23,659 [INFO] ApiDb:261 - Set plugin images path to: C:\ST\STM32CubeIDE_1.17.0\STM32CubeIDE\plugins\com.st.stm32cube.common.mx_6.14.0.202502271554\\db\/plugins/mcufinder/images/
2025-03-20 10:31:23,660 [WARN] DbFile:41 - Overriding database path with different value: C:\Users\User\.stmcufinder\plugins\mcufinder/ => C:\Users\User\.stmcufinder\plugins\mcufinder
2025-03-20 10:31:23,662 [INFO] ApiDb:250 - Set database path to: C:\Users\User\.stmcufinder\plugins\mcufinder//mcu/
2025-03-20 10:31:23,663 [WARN] DbFile:41 - Overriding database path with different value: C:\Users\User\.stmcufinder\plugins\mcufinder/ => C:\Users\User\.stmcufinder\plugins\mcufinder
2025-03-20 10:31:23,668 [INFO] DbMcusAds:125 - Set database path to: C:\Users\User\.stmcufinder\plugins\mcufinder//mcu/
2025-03-20 10:31:23,669 [WARN] DbFile:41 - Overriding database path with different value: C:\Users\User\.stmcufinder\plugins\mcufinder/ => C:\Users\User\.stmcufinder\plugins\mcufinder
2025-03-20 10:31:23,670 [WARN] DbFile:41 - Overriding database path with different value: C:\Users\User\.stmcufinder\plugins\mcufinder/ => C:\Users\User\.stmcufinder\plugins\mcufinder
2025-03-20 10:31:23,671 [INFO] CrossReferenceDbSqlite:203 - Set database path to: C:\Users\User\.stmcufinder\plugins\mcufinder//mcu/cs/
2025-03-20 10:31:24,559 [INFO] MainPanel:272 - HeapMemory: 268435456
2025-03-20 10:31:25,322 [INFO] DbMcusXml:78 - Set database path to: C:\ST\STM32CubeIDE_1.17.0\STM32CubeIDE\plugins\com.st.stm32cube.common.mx_6.14.0.202502271554\\db\/mcu/
2025-03-20 10:31:25,323 [INFO] ApiDb:274 - Set plugin database path to: C:\ST\STM32CubeIDE_1.17.0\STM32CubeIDE\plugins\com.st.stm32cube.common.mx_6.14.0.202502271554\\db\/plugins/boardmanager/
2025-03-20 10:31:25,323 [INFO] ApiDb:261 - Set plugin images path to: C:\ST\STM32CubeIDE_1.17.0\STM32CubeIDE\plugins\com.st.stm32cube.common.mx_6.14.0.202502271554\\db\/plugins/mcufinder/images/
2025-03-20 10:31:25,325 [WARN] DbFile:41 - Overriding database path with different value: C:\Users\User\.stmcufinder\plugins\mcufinder/ => C:\Users\User\.stmcufinder\plugins\mcufinder
2025-03-20 10:31:25,326 [INFO] ApiDb:250 - Set database path to: C:\Users\User\.stmcufinder\plugins\mcufinder//mcu/
2025-03-20 10:31:25,326 [WARN] DbFile:41 - Overriding database path with different value: C:\Users\User\.stmcufinder\plugins\mcufinder/ => C:\Users\User\.stmcufinder\plugins\mcufinder
2025-03-20 10:31:25,327 [INFO] DbMcusAds:125 - Set database path to: C:\Users\User\.stmcufinder\plugins\mcufinder//mcu/
2025-03-20 10:31:25,327 [WARN] DbFile:41 - Overriding database path with different value: C:\Users\User\.stmcufinder\plugins\mcufinder/ => C:\Users\User\.stmcufinder\plugins\mcufinder
2025-03-20 10:31:25,393 [WARN] DbFile:41 - Overriding database path with different value: C:\Users\User\.stmcufinder\plugins\mcufinder/ => C:\Users\User\.stmcufinder\plugins\mcufinder
2025-03-20 10:31:25,393 [INFO] CrossReferenceDbSqlite:203 - Set database path to: C:\Users\User\.stmcufinder\plugins\mcufinder//mcu/cs/
2025-03-20 10:31:25,793 [INFO] ApplicationProperties:184 - Using Application install path: C:\ST\STM32CubeIDE_1.17.0\STM32CubeIDE\plugins\com.st.stm32cube.common.mx_6.14.0.202502271554
2025-03-20 10:31:25,804 [INFO] PluginManage:196 - Search for loadable plugins [exclusion list=, ]
2025-03-20 10:31:25,845 [INFO] PluginManage:310 - Check plugin analytics
2025-03-20 10:31:28,504 [INFO] AnalyticsPlugin:253 - Accepted Software Licenses: 
2025-03-20 10:31:28,505 [INFO] AnalyticsPlugin:255 - Accepted CMSIS Pack Licenses: 
2025-03-20 10:31:28,505 [INFO] AnalyticsPlugin:257 - Accepted Firmware Licenses: 
2025-03-20 10:31:28,519 [INFO] PluginManage:359 - Loaded plugin analytics (category:tool,tabindex:-1)
2025-03-20 10:31:28,520 [INFO] PluginManage:310 - Check plugin cadmodel
2025-03-20 10:31:28,687 [INFO] CADModel:105 - Init CAD model plugin
2025-03-20 10:31:28,688 [INFO] PluginManage:359 - Loaded plugin cadmodel (category:power,tabindex:5)
2025-03-20 10:31:28,689 [INFO] PluginManage:310 - Check plugin clock
2025-03-20 10:31:28,877 [INFO] PluginManage:359 - Loaded plugin clock (category:base,tabindex:2)
2025-03-20 10:31:28,878 [INFO] PluginManage:310 - Check plugin ddr
2025-03-20 10:31:28,972 [INFO] PluginManage:359 - Loaded plugin ddr (category:tool,tabindex:6)
2025-03-20 10:31:28,973 [INFO] PluginManage:310 - Check plugin filemanager
2025-03-20 10:31:32,274 [INFO] PluginManage:359 - Loaded plugin filemanager (category:base,tabindex:10)
2025-03-20 10:31:32,275 [INFO] PluginManage:310 - Check plugin ipmanager
2025-03-20 10:31:32,347 [INFO] PluginManage:359 - Loaded plugin ipmanager (category:base,tabindex:5)
2025-03-20 10:31:32,347 [INFO] PluginManage:310 - Check plugin lpbam
2025-03-20 10:31:32,491 [INFO] PluginManage:359 - Loaded plugin lpbam (category:base,tabindex:0)
2025-03-20 10:31:32,492 [INFO] PluginManage:310 - Check plugin memorymap
2025-03-20 10:31:32,630 [INFO] PluginManage:359 - Loaded plugin memorymap (category:base,tabindex:4)
2025-03-20 10:31:32,631 [INFO] PluginManage:310 - Check plugin pinoutandconfiguration
2025-03-20 10:31:32,736 [INFO] PluginManage:359 - Loaded plugin pinoutandconfiguration (category:base,tabindex:1)
2025-03-20 10:31:32,736 [INFO] PluginManage:310 - Check plugin pinoutconfig
2025-03-20 10:31:33,513 [WARN] SupportedApi:132 - Cannot load RTOS API schema: s4s-elt-must-match.1: The content of 'definitions' must match (annotation?, (simpleType | complexType)?, (unique | key | keyref)*)). A problem was found starting at: attribute.
2025-03-20 10:31:34,642 [INFO] PluginManage:359 - Loaded plugin pinoutconfig (category:base,tabindex:0)
2025-03-20 10:31:34,642 [INFO] PluginManage:310 - Check plugin power
2025-03-20 10:31:34,746 [INFO] PluginManage:359 - Loaded plugin power (category:power,tabindex:4)
2025-03-20 10:31:34,747 [INFO] PluginManage:310 - Check plugin projectmanager
2025-03-20 10:31:34,878 [INFO] PluginManage:359 - Loaded plugin projectmanager (category:projectmanager,tabindex:4)
2025-03-20 10:31:34,879 [INFO] PluginManage:310 - Check plugin rif
2025-03-20 10:31:34,966 [INFO] PluginManage:359 - Loaded plugin rif (category:base,tabindex:3)
2025-03-20 10:31:34,967 [INFO] PluginManage:310 - Check plugin thirdparty
2025-03-20 10:31:37,652 [INFO] PluginManage:359 - Loaded plugin thirdparty (category:base,tabindex:-1)
2025-03-20 10:31:37,653 [INFO] PluginManage:310 - Check plugin tools
2025-03-20 10:31:37,671 [WARN] IntegrityCheckThread:84 - waiting for thirdparty lock release [integrity check]
2025-03-20 10:31:37,674 [INFO] IntegrityCheckThread:86 - entering critical section [integrity check]
2025-03-20 10:31:37,676 [INFO] ThirdPartyUpdaterWithRetryManager:70 - Updater plugin not ready yet. [1/15]
2025-03-20 10:31:37,854 [INFO] PluginManage:359 - Loaded plugin tools (category:base,tabindex:7)
2025-03-20 10:31:37,855 [INFO] PluginManage:310 - Check plugin tutovideos
2025-03-20 10:31:39,696 [INFO] PluginManage:359 - Loaded plugin tutovideos (category:base,tabindex:-1)
2025-03-20 10:31:39,697 [INFO] PluginManage:310 - Check plugin updater
2025-03-20 10:31:39,977 [INFO] PluginManage:359 - Loaded plugin updater (category:base,tabindex:12)
2025-03-20 10:31:39,978 [INFO] PluginManage:310 - Check plugin userauth
2025-03-20 10:31:40,006 [INFO] UserAuth:118 - Init User Auth plugin
2025-03-20 10:31:40,009 [INFO] PluginManage:359 - Loaded plugin userauth (category:base,tabindex:14)
2025-03-20 10:31:40,010 [INFO] PluginManage:283 - PluginManage : Loaded plugins [18]
2025-03-20 10:31:40,685 [INFO] ThirdPartyUpdaterWithRetryManager:70 - Updater plugin not ready yet. [2/15]
2025-03-20 10:31:43,686 [INFO] ThirdPartyUpdaterWithRetryManager:70 - Updater plugin not ready yet. [3/15]
2025-03-20 10:31:47,023 [INFO] ThirdPartyUpdaterWithRetryManager:70 - Updater plugin not ready yet. [4/15]
2025-03-20 10:31:47,518 [INFO] PinOutPanel:1589 - setPackage(No Configuration,No Configuration)
2025-03-20 10:31:49,881 [INFO] CADModel:165 - CPN selected for project level
2025-03-20 10:31:49,881 [INFO] CADModel:114 - Register for checkConnection events
2025-03-20 10:31:50,070 [INFO] ThirdPartyUpdaterWithRetryManager:70 - Updater plugin not ready yet. [5/15]
2025-03-20 10:31:50,161 [INFO] IPUIPlugin:80 - create IPUIPlugin
2025-03-20 10:31:50,161 [INFO] PluginManager:220 - loadIPPluginJar : add adc
2025-03-20 10:31:50,384 [INFO] IPUIPlugin:80 - create IPUIPlugin
2025-03-20 10:31:50,385 [INFO] PluginManager:220 - loadIPPluginJar : add aes
2025-03-20 10:31:50,882 [INFO] IPUIPlugin:80 - create IPUIPlugin
2025-03-20 10:31:50,884 [INFO] PluginManager:220 - loadIPPluginJar : add can
2025-03-20 10:31:51,158 [INFO] IPUIPlugin:80 - create IPUIPlugin
2025-03-20 10:31:51,158 [INFO] PluginManager:220 - loadIPPluginJar : add comp
2025-03-20 10:31:51,329 [INFO] IPUIPlugin:80 - create IPUIPlugin
2025-03-20 10:31:51,329 [INFO] PluginManager:220 - loadIPPluginJar : add cryp
2025-03-20 10:31:51,402 [INFO] IPUIPlugin:80 - create IPUIPlugin
2025-03-20 10:31:51,404 [INFO] PluginManager:220 - loadIPPluginJar : add ddr_ctrl_phy
2025-03-20 10:31:51,547 [INFO] IPUIPlugin:80 - create IPUIPlugin
2025-03-20 10:31:51,547 [INFO] PluginManager:220 - loadIPPluginJar : add dfsdm
2025-03-20 10:31:51,618 [INFO] IPUIPlugin:80 - create IPUIPlugin
2025-03-20 10:31:51,622 [INFO] PluginManager:220 - loadIPPluginJar : add dma
2025-03-20 10:31:51,930 [INFO] IPUIPlugin:80 - create IPUIPlugin
2025-03-20 10:31:51,930 [INFO] PluginManager:220 - loadIPPluginJar : add dma3
2025-03-20 10:31:52,965 [INFO] IPUIPlugin:80 - create IPUIPlugin
2025-03-20 10:31:52,967 [INFO] PluginManager:220 - loadIPPluginJar : add extmemmanager
2025-03-20 10:31:53,165 [INFO] ThirdPartyUpdaterWithRetryManager:70 - Updater plugin not ready yet. [6/15]
2025-03-20 10:31:53,166 [INFO] IPUIPlugin:80 - create IPUIPlugin
2025-03-20 10:31:53,166 [INFO] PluginManager:220 - loadIPPluginJar : add fatfs
2025-03-20 10:31:53,579 [INFO] IPUIPlugin:80 - create IPUIPlugin
2025-03-20 10:31:53,580 [INFO] PluginManager:220 - loadIPPluginJar : add fmc
2025-03-20 10:31:53,685 [INFO] IPUIPlugin:80 - create IPUIPlugin
2025-03-20 10:31:53,686 [INFO] PluginManager:220 - loadIPPluginJar : add freertos
2025-03-20 10:31:53,907 [INFO] IPUIPlugin:80 - create IPUIPlugin
2025-03-20 10:31:53,907 [INFO] PluginManager:220 - loadIPPluginJar : add genericplugin
2025-03-20 10:31:55,077 [INFO] IPUIPlugin:80 - create IPUIPlugin
2025-03-20 10:31:55,077 [INFO] PluginManager:220 - loadIPPluginJar : add gfxmmu
2025-03-20 10:31:55,786 [INFO] IPUIPlugin:80 - create IPUIPlugin
2025-03-20 10:31:55,786 [INFO] PluginManager:220 - loadIPPluginJar : add gic
2025-03-20 10:31:56,075 [INFO] IPUIPlugin:80 - create IPUIPlugin
2025-03-20 10:31:56,076 [INFO] PluginManager:220 - loadIPPluginJar : add gpio
2025-03-20 10:31:56,377 [INFO] ThirdPartyUpdaterWithRetryManager:70 - Updater plugin not ready yet. [7/15]
2025-03-20 10:31:56,794 [INFO] IPUIPlugin:80 - create IPUIPlugin
2025-03-20 10:31:56,794 [INFO] PluginManager:220 - loadIPPluginJar : add gtzc
2025-03-20 10:31:57,049 [INFO] IPUIPlugin:80 - create IPUIPlugin
2025-03-20 10:31:57,050 [INFO] PluginManager:220 - loadIPPluginJar : add hash
2025-03-20 10:31:57,360 [INFO] IPUIPlugin:80 - create IPUIPlugin
2025-03-20 10:31:57,361 [INFO] PluginManager:220 - loadIPPluginJar : add i2c
2025-03-20 10:31:57,802 [INFO] IPUIPlugin:80 - create IPUIPlugin
2025-03-20 10:31:57,810 [INFO] PluginManager:220 - loadIPPluginJar : add i2s
2025-03-20 10:31:58,122 [INFO] IPUIPlugin:80 - create IPUIPlugin
2025-03-20 10:31:58,123 [INFO] PluginManager:220 - loadIPPluginJar : add i3c
2025-03-20 10:31:58,653 [INFO] IPUIPlugin:80 - create IPUIPlugin
2025-03-20 10:31:58,653 [INFO] PluginManager:220 - loadIPPluginJar : add ipddr
2025-03-20 10:31:59,249 [INFO] IPUIPlugin:80 - create IPUIPlugin
2025-03-20 10:31:59,250 [INFO] PluginManager:220 - loadIPPluginJar : add linkedlist
2025-03-20 10:31:59,538 [INFO] ThirdPartyUpdaterWithRetryManager:70 - Updater plugin not ready yet. [8/15]
2025-03-20 10:31:59,568 [INFO] IPUIPlugin:80 - create IPUIPlugin
2025-03-20 10:31:59,569 [INFO] PluginManager:220 - loadIPPluginJar : add lorawan
2025-03-20 10:31:59,792 [INFO] IPUIPlugin:80 - create IPUIPlugin
2025-03-20 10:31:59,809 [INFO] PluginManager:220 - loadIPPluginJar : add ltdc
2025-03-20 10:31:59,958 [INFO] IPUIPlugin:80 - create IPUIPlugin
2025-03-20 10:31:59,958 [INFO] PluginManager:220 - loadIPPluginJar : add mdma
2025-03-20 10:32:00,042 [INFO] IPUIPlugin:80 - create IPUIPlugin
2025-03-20 10:32:00,043 [INFO] PluginManager:220 - loadIPPluginJar : add nvic
2025-03-20 10:32:00,458 [INFO] IPUIPlugin:80 - create IPUIPlugin
2025-03-20 10:32:00,458 [INFO] PluginManager:220 - loadIPPluginJar : add opamp
2025-03-20 10:32:01,052 [INFO] IPUIPlugin:80 - create IPUIPlugin
2025-03-20 10:32:01,053 [INFO] PluginManager:220 - loadIPPluginJar : add openamp
2025-03-20 10:32:01,276 [INFO] IPUIPlugin:80 - create IPUIPlugin
2025-03-20 10:32:01,279 [INFO] PluginManager:220 - loadIPPluginJar : add pdm2pcm
2025-03-20 10:32:01,407 [INFO] IPUIPlugin:80 - create IPUIPlugin
2025-03-20 10:32:01,418 [INFO] PluginManager:220 - loadIPPluginJar : add plateformsettings
2025-03-20 10:32:01,541 [INFO] IPUIPlugin:80 - create IPUIPlugin
2025-03-20 10:32:01,542 [INFO] PluginManager:220 - loadIPPluginJar : add quadspi
2025-03-20 10:32:01,672 [INFO] IPUIPlugin:80 - create IPUIPlugin
2025-03-20 10:32:01,686 [INFO] PluginManager:220 - loadIPPluginJar : add radio
2025-03-20 10:32:01,755 [INFO] IPUIPlugin:80 - create IPUIPlugin
2025-03-20 10:32:01,755 [INFO] PluginManager:220 - loadIPPluginJar : add resmgrutility
2025-03-20 10:32:02,032 [INFO] IPUIPlugin:80 - create IPUIPlugin
2025-03-20 10:32:02,032 [INFO] PluginManager:220 - loadIPPluginJar : add sai
2025-03-20 10:32:02,305 [INFO] IPUIPlugin:80 - create IPUIPlugin
2025-03-20 10:32:02,305 [INFO] PluginManager:220 - loadIPPluginJar : add spi
2025-03-20 10:32:02,568 [INFO] ThirdPartyUpdaterWithRetryManager:70 - Updater plugin not ready yet. [9/15]
2025-03-20 10:32:03,468 [INFO] IPUIPlugin:80 - create IPUIPlugin
2025-03-20 10:32:03,468 [INFO] PluginManager:220 - loadIPPluginJar : add stm32_wpan
2025-03-20 10:32:03,673 [INFO] IPUIPlugin:80 - create IPUIPlugin
2025-03-20 10:32:03,673 [INFO] PluginManager:220 - loadIPPluginJar : add tim
2025-03-20 10:32:03,982 [INFO] IPUIPlugin:80 - create IPUIPlugin
2025-03-20 10:32:03,983 [INFO] PluginManager:220 - loadIPPluginJar : add touchsensing
2025-03-20 10:32:04,129 [INFO] IPUIPlugin:80 - create IPUIPlugin
2025-03-20 10:32:04,129 [INFO] PluginManager:220 - loadIPPluginJar : add tracer_emb
2025-03-20 10:32:04,398 [INFO] IPUIPlugin:80 - create IPUIPlugin
2025-03-20 10:32:04,398 [INFO] PluginManager:220 - loadIPPluginJar : add ts
2025-03-20 10:32:04,581 [INFO] IPUIPlugin:80 - create IPUIPlugin
2025-03-20 10:32:04,581 [INFO] PluginManager:220 - loadIPPluginJar : add tsc
2025-03-20 10:32:04,687 [INFO] IPUIPlugin:80 - create IPUIPlugin
2025-03-20 10:32:04,688 [INFO] PluginManager:220 - loadIPPluginJar : add ucpd
2025-03-20 10:32:05,132 [INFO] IPUIPlugin:80 - create IPUIPlugin
2025-03-20 10:32:05,133 [INFO] PluginManager:220 - loadIPPluginJar : add usart
2025-03-20 10:32:05,548 [INFO] IPUIPlugin:80 - create IPUIPlugin
2025-03-20 10:32:05,548 [INFO] PluginManager:220 - loadIPPluginJar : add usbx
2025-03-20 10:32:05,580 [INFO] ThirdPartyUpdaterWithRetryManager:70 - Updater plugin not ready yet. [10/15]
2025-03-20 10:32:06,017 [FATAL] Updater:351 - Updater called before beeing initialized
2025-03-20 10:32:06,294 [INFO] RulesReader:64 - Compatibility file has been processed (301 Rules)
2025-03-20 10:32:06,581 [INFO] RulesReader:64 - Compatibility file has been processed (301 Rules)
2025-03-20 10:32:06,678 [INFO] CADModel:165 - CPN selected for project level
2025-03-20 10:32:06,678 [INFO] CADModel:114 - Register for checkConnection events
2025-03-20 10:32:06,678 [FATAL] Updater:351 - Updater called before beeing initialized
2025-03-20 10:32:06,679 [ERROR] CADModel:125 - Updater not yet initialized, retry later 
2025-03-20 10:32:07,948 [FATAL] Updater:351 - Updater called before beeing initialized
2025-03-20 10:32:07,959 [INFO] CADModel:165 - CPN selected for project level
2025-03-20 10:32:07,960 [INFO] CADModel:114 - Register for checkConnection events
2025-03-20 10:32:07,960 [FATAL] Updater:351 - Updater called before beeing initialized
2025-03-20 10:32:07,960 [ERROR] CADModel:125 - Updater not yet initialized, retry later 
2025-03-20 10:32:07,981 [FATAL] Updater:351 - Updater called before beeing initialized
2025-03-20 10:32:08,597 [INFO] ThirdPartyUpdaterWithRetryManager:70 - Updater plugin not ready yet. [11/15]
2025-03-20 10:32:08,670 [FATAL] Updater:351 - Updater called before beeing initialized
2025-03-20 10:32:08,715 [INFO] DbMcusAds:53 - JSON generation date=Thu Mar 06 15:54:21 CET 2025 (1741272861825)
2025-03-20 10:32:08,715 [FATAL] Updater:351 - Updater called before beeing initialized
2025-03-20 10:32:08,943 [WARN] DetailPanel:346 - Failed to get advertising image, set to default
2025-03-20 10:32:11,611 [FATAL] Updater:351 - Updater called before beeing initialized
2025-03-20 10:32:11,612 [ERROR] IntegrityCheckThread:130 - Cannot retrieve database content from updater: error 21
2025-03-20 10:32:11,612 [INFO] ThirdParty:978 - Integrity check success = false
2025-03-20 10:32:11,613 [INFO] IntegrityCheckThread:100 - exiting critical section [integrity check]
2025-03-20 10:32:11,613 [INFO] IntegrityCheckThread:103 - End integrity checks thread
2025-03-20 10:32:14,553 [FATAL] Updater:351 - Updater called before beeing initialized
2025-03-20 10:32:14,560 [FATAL] Updater:351 - Updater called before beeing initialized
2025-03-20 10:32:14,560 [FATAL] Updater:351 - Updater called before beeing initialized
2025-03-20 10:32:14,561 [WARN] DetailPanel:346 - Failed to get advertising image, set to default
2025-03-20 10:32:14,571 [FATAL] Updater:351 - Updater called before beeing initialized
2025-03-20 10:32:14,993 [ERROR] Updater:1198 - MainUpdater not yet initialized. External WinMGr cannot be set.
2025-03-20 10:32:15,089 [INFO] Updater:1134 - Updater Version found : 6.14.0
2025-03-20 10:32:15,257 [INFO] ApplicationProperties:184 - Using Application install path: C:\ST\STM32CubeIDE_1.17.0\STM32CubeIDE\plugins\com.st.stm32cube.common.mx_6.14.0.202502271554
2025-03-20 10:32:17,073 [ERROR] LogOutputStream:75 - [STDERR_REDIRECT] Mar 20, 2025 10:32:16 AM java.util.prefs.WindowsPreferences <init>
2025-03-20 10:32:17,091 [ERROR] LogOutputStream:75 - [STDERR_REDIRECT] WARNING: Could not open/create prefs root node Software\JavaSoft\Prefs at root 0xffffffff80000002. Windows RegCreateKeyEx(...) returned error code 5.
2025-03-20 10:32:17,099 [ERROR] LogOutputStream:75 - [STDERR_REDIRECT] 
2025-03-20 10:32:17,510 [INFO] MainUpdater:525 - Copy updater definitions from MX database
2025-03-20 10:32:19,866 [INFO] MainUpdater:2872 - connection check result : 10
2025-03-20 10:32:19,866 [INFO] MainUpdater:3566 - Updater definition file requires update
2025-03-20 10:32:19,869 [INFO] MainUpdater:289 - Updater Check For Update Now.
2025-03-20 10:32:19,870 [INFO] MicroXplorer:498 - Change Database Version : DB.6.0.140
2025-03-20 10:32:20,068 [INFO] McuFinderGlobals:63 - Set McuFinder mode to 2 (CubeIDE integrated)
2025-03-20 10:32:20,069 [INFO] UserAuth:171 - activating auth plugin
2025-03-20 10:32:20,153 [INFO] UserAuth:486 - Internet connection configuration mode: 1
2025-03-20 10:32:20,198 [INFO] ServerAccessManage:473 - Download File updaters.zip
2025-03-20 10:32:20,473 [INFO] JxBrowserEngine:152 - Initiate JxBrowser Engine with user profile folder
2025-03-20 10:32:21,203 [INFO] FileExtend:242 - Unzip File : updaters.zip
2025-03-20 10:32:21,204 [INFO] FileExtend:257 - Standard Zip Deflate
2025-03-20 10:32:32,047 [INFO] ServerAccessManage:473 - Download File PacksControlFlags.xml
2025-03-20 10:32:36,110 [INFO] ServerAccessManage:473 - Download File cubemx.pidx
2025-03-20 10:32:51,925 [INFO] ServerAccessManage:473 - Download File STMicroelectronics.X-CUBE-AZRTOS-H7RS.pdsc
2025-03-20 10:33:03,541 [WARN] PackLoader:240 - Cannot read IP mode file for STMicroelectronics.X-CUBE-AZRTOS-H7RS.1.1.0
2025-03-20 10:33:03,662 [INFO] PopulateThirdPartyThread:66 - Ending populate Thread
2025-03-20 10:33:03,675 [INFO] ThirdParty:1030 - CMSIS Pack Vendor :STMicroelectronics X-CUBE-AZRTOS-H7RS 1.1.0
2025-03-20 10:33:03,676 [INFO] LoadServerUpdatesThread:375 - End of LoadServerUpdate Thread
2025-03-20 10:33:03,906 [INFO] CheckServerUpdateThread:120 - End of CheckServer Thread
2025-03-20 10:33:16,520 [INFO] WebApp:169 - Instantiating new browser for Auth
2025-03-20 10:33:21,144 [INFO] WebApp:463 - Apply proxy settings
2025-03-20 10:33:21,148 [INFO] WebApp:548 - Chromium requires no authentication
2025-03-20 10:33:21,197 [INFO] WebApp:491 - Direct internet connection detected
2025-03-20 10:33:21,326 [INFO] WebApp:894 - Register for checkConnection events
2025-03-20 10:33:21,326 [INFO] WebApp:463 - Apply proxy settings
2025-03-20 10:33:21,327 [INFO] WebApp:548 - Chromium requires no authentication
2025-03-20 10:33:21,328 [INFO] WebApp:491 - Direct internet connection detected
2025-03-20 10:33:22,561 [INFO] WebApp:191 - Connection restablished
2025-03-20 10:33:25,132 [INFO] WebApp:225 - Starting web application
2025-03-20 10:33:25,136 [INFO] WebApp:593 - Web application path used C:\ST\STM32CubeIDE_1.17.0\STM32CubeIDE\plugins\com.st.stm32cube.common.mx_6.14.0.202502271554\db\plugins\mcufinder\reactClient1\index.html
2025-03-20 10:53:31,469 [INFO] WebApp:194 - Connection lost
2025-03-20 10:53:32,290 [INFO] WebApp:191 - Connection restablished
2025-03-20 10:56:30,712 [INFO] WebApp:194 - Connection lost
2025-03-20 10:56:31,400 [INFO] WebApp:191 - Connection restablished
2025-03-20 10:58:47,496 [ERROR] LogOutputStream:75 - [STDERR_REDIRECT] Mar 20, 2025 10:58:47 AM org.apache.lucene.internal.vectorization.VectorizationProvider lookup
2025-03-20 10:58:47,552 [ERROR] LogOutputStream:75 - [STDERR_REDIRECT] WARNING: Java vector incubator module is not readable. For optimal vector performance, pass '--add-modules jdk.incubator.vector' to enable Vector API.
2025-03-20 10:58:47,574 [ERROR] LogOutputStream:75 - [STDERR_REDIRECT] 
2025-03-20 10:59:34,085 [ERROR] LogOutputStream:75 - [STDERR_REDIRECT] SLF4J: Failed to load class "org.slf4j.impl.StaticLoggerBinder".
2025-03-20 10:59:34,090 [ERROR] LogOutputStream:75 - [STDERR_REDIRECT] SLF4J: Defaulting to no-operation (NOP) logger implementation
2025-03-20 10:59:34,097 [ERROR] LogOutputStream:75 - [STDERR_REDIRECT] SLF4J: See http://www.slf4j.org/codes.html#StaticLoggerBinder for further details.
2025-03-20 11:10:28,626 [INFO] WebApp:194 - Connection lost
2025-03-20 11:10:29,722 [INFO] WebApp:191 - Connection restablished
2025-03-20 11:18:57,357 [INFO] Activator:176 - 


2025-03-20 11:18:57,361 [INFO] Activator:177 - !SESSION log4j initialized
2025-03-20 11:19:36,046 [INFO] LogOutputStream:77 - [STDOUT_REDIRECT] 
